TN:
SF:src\middleware.ts
FN:10,isLegacyUserAgent
FN:39,middleware
FNF:2
FNH:0
FNDA:0,isLegacyUserAgent
FNDA:0,middleware
DA:1,0
DA:8,0
DA:11,0
DA:14,0
DA:17,0
DA:20,0
DA:23,0
DA:26,0
DA:27,0
DA:30,0
DA:31,0
DA:32,0
DA:33,0
DA:36,0
DA:39,0
DA:40,0
DA:42,0
DA:43,0
DA:46,0
DA:47,0
DA:48,0
DA:51,0
DA:52,0
DA:53,0
DA:54,0
DA:57,0
LF:26
LH:0
BRDA:11,0,0,0
BRDA:14,1,0,0
BRDA:14,2,0,0
BRDA:14,2,1,0
BRDA:17,3,0,0
BRDA:17,4,0,0
BRDA:17,4,1,0
BRDA:20,5,0,0
BRDA:23,6,0,0
BRDA:26,7,0,0
BRDA:27,8,0,0
BRDA:31,9,0,0
BRDA:31,10,0,0
BRDA:31,10,1,0
BRDA:31,10,2,0
BRDA:33,11,0,0
BRDA:33,12,0,0
BRDA:33,12,1,0
BRDA:42,13,0,0
BRDA:42,14,0,0
BRDA:42,14,1,0
BRDA:46,15,0,0
BRDA:46,15,1,0
BRDA:47,16,0,0
BRF:24
BRH:0
end_of_record
TN:
SF:src\api\analytics.ts
FN:1,getApiBase
FN:22,(anonymous_2)
FN:30,(anonymous_3)
FN:36,(anonymous_4)
FN:48,(anonymous_5)
FNF:5
FNH:0
FNDA:0,getApiBase
FNDA:0,(anonymous_2)
FNDA:0,(anonymous_3)
FNDA:0,(anonymous_4)
FNDA:0,(anonymous_5)
DA:2,0
DA:3,0
DA:20,0
DA:23,0
DA:24,0
DA:25,0
DA:37,0
DA:38,0
DA:39,0
DA:40,0
DA:41,0
DA:42,0
DA:44,0
DA:49,0
DA:50,0
DA:51,0
DA:52,0
DA:53,0
DA:54,0
DA:56,0
LF:20
LH:0
BRDA:2,0,0,0
BRDA:2,0,1,0
BRDA:2,1,0,0
BRDA:2,1,1,0
BRDA:39,2,0,0
BRDA:41,3,0,0
BRDA:41,4,0,0
BRDA:41,4,1,0
BRDA:51,5,0,0
BRDA:53,6,0,0
BRDA:53,7,0,0
BRDA:53,7,1,0
BRF:12
BRH:0
end_of_record
TN:
SF:src\api\auth.ts
FN:1,getAuthBase
FN:9,(anonymous_6)
FN:18,setAuthRetryHandler
FN:22,authFetch
FN:37,(anonymous_9)
FN:49,(anonymous_10)
FN:330,(anonymous_11)
FN:336,(anonymous_12)
FN:342,(anonymous_13)
FN:348,(anonymous_14)
FN:354,(anonymous_15)
FN:361,(anonymous_16)
FN:367,(anonymous_17)
FN:373,(anonymous_18)
FN:379,(anonymous_19)
FN:387,(anonymous_20)
FN:399,(anonymous_21)
FN:404,(anonymous_22)
FN:411,(anonymous_23)
FN:418,(anonymous_24)
FN:425,(anonymous_25)
FN:432,(anonymous_26)
FN:439,normalizeUser
FNF:23
FNH:0
FNDA:0,getAuthBase
FNDA:0,(anonymous_6)
FNDA:0,setAuthRetryHandler
FNDA:0,authFetch
FNDA:0,(anonymous_9)
FNDA:0,(anonymous_10)
FNDA:0,(anonymous_11)
FNDA:0,(anonymous_12)
FNDA:0,(anonymous_13)
FNDA:0,(anonymous_14)
FNDA:0,(anonymous_15)
FNDA:0,(anonymous_16)
FNDA:0,(anonymous_17)
FNDA:0,(anonymous_18)
FNDA:0,(anonymous_19)
FNDA:0,(anonymous_20)
FNDA:0,(anonymous_21)
FNDA:0,(anonymous_22)
FNDA:0,(anonymous_23)
FNDA:0,(anonymous_24)
FNDA:0,(anonymous_25)
FNDA:0,(anonymous_26)
FNDA:0,normalizeUser
DA:2,0
DA:3,0
DA:6,0
DA:8,0
DA:10,0
DA:11,0
DA:16,0
DA:18,0
DA:19,0
DA:23,0
DA:28,0
DA:29,0
DA:30,0
DA:34,0
DA:36,0
DA:37,0
DA:39,0
DA:40,0
DA:42,0
DA:43,0
DA:44,0
DA:46,0
DA:48,0
DA:49,0
DA:51,0
DA:52,0
DA:53,0
DA:54,0
DA:56,0
DA:57,0
DA:58,0
DA:59,0
DA:60,0
DA:62,0
DA:63,0
DA:64,0
DA:65,0
DA:69,0
DA:70,0
DA:329,0
DA:331,0
DA:337,0
DA:343,0
DA:349,0
DA:355,0
DA:362,0
DA:368,0
DA:374,0
DA:380,0
DA:388,0
DA:390,0
DA:395,0
DA:396,0
DA:397,0
DA:398,0
DA:399,0
DA:400,0
DA:401,0
DA:405,0
DA:412,0
DA:419,0
DA:426,0
DA:433,0
DA:439,0
DA:440,0
LF:65
LH:0
BRDA:2,0,0,0
BRDA:2,0,1,0
BRDA:3,1,0,0
BRDA:3,1,1,0
BRDA:22,2,0,0
BRDA:23,3,0,0
BRDA:23,3,1,0
BRDA:25,4,0,0
BRDA:25,4,1,0
BRDA:27,5,0,0
BRDA:27,5,1,0
BRDA:29,6,0,0
BRDA:29,6,1,0
BRDA:34,7,0,0
BRDA:43,8,0,0
BRDA:43,9,0,0
BRDA:43,9,1,0
BRDA:51,10,0,0
BRDA:52,11,0,0
BRDA:52,12,0,0
BRDA:52,12,1,0
BRDA:52,12,2,0
BRDA:52,12,3,0
BRDA:54,13,0,0
BRDA:57,14,0,0
BRDA:57,14,1,0
BRDA:59,15,0,0
BRDA:59,15,1,0
BRDA:59,15,2,0
BRDA:59,15,3,0
BRDA:62,16,0,0
BRDA:63,17,0,0
BRDA:63,18,0,0
BRDA:63,18,1,0
BRDA:63,18,2,0
BRDA:64,19,0,0
BRDA:65,20,0,0
BRDA:65,20,1,0
BRDA:65,20,2,0
BRDA:69,21,0,0
BRDA:390,22,0,0
BRDA:390,22,1,0
BRDA:392,23,0,0
BRDA:392,23,1,0
BRDA:394,24,0,0
BRDA:394,24,1,0
BRDA:400,25,0,0
BRDA:400,26,0,0
BRDA:400,26,1,0
BRDA:444,27,0,0
BRDA:444,27,1,0
BRDA:444,27,2,0
BRF:52
BRH:0
end_of_record
TN:
SF:src\api\blog.ts
FN:1,getApiBase
FN:32,(anonymous_2)
FN:41,(anonymous_3)
FN:46,(anonymous_4)
FN:51,(anonymous_5)
FN:56,(anonymous_6)
FN:60,(anonymous_7)
FN:65,(anonymous_8)
FN:77,(anonymous_9)
FNF:9
FNH:0
FNDA:0,getApiBase
FNDA:0,(anonymous_2)
FNDA:0,(anonymous_3)
FNDA:0,(anonymous_4)
FNDA:0,(anonymous_5)
FNDA:0,(anonymous_6)
FNDA:0,(anonymous_7)
FNDA:0,(anonymous_8)
FNDA:0,(anonymous_9)
DA:2,0
DA:3,0
DA:31,0
DA:33,0
DA:41,0
DA:42,0
DA:43,0
DA:47,0
DA:48,0
DA:51,0
DA:52,0
DA:53,0
DA:57,0
DA:60,0
DA:61,0
DA:62,0
DA:69,0
DA:77,0
DA:78,0
DA:79,0
LF:20
LH:0
BRDA:2,0,0,0
BRDA:2,0,1,0
BRDA:2,1,0,0
BRDA:2,1,1,0
BRDA:42,2,0,0
BRDA:42,3,0,0
BRDA:42,3,1,0
BRDA:47,4,0,0
BRDA:47,4,1,0
BRDA:52,5,0,0
BRDA:52,6,0,0
BRDA:52,6,1,0
BRDA:61,7,0,0
BRDA:61,8,0,0
BRDA:61,8,1,0
BRDA:78,9,0,0
BRDA:78,10,0,0
BRDA:78,10,1,0
BRF:18
BRH:0
end_of_record
TN:
SF:src\api\client.ts
FN:1,(anonymous_1)
FN:6,apiClient
FN:19,(anonymous_3)
FNF:3
FNH:0
FNDA:0,(anonymous_1)
FNDA:0,apiClient
FNDA:0,(anonymous_3)
DA:1,0
DA:2,0
DA:6,0
DA:10,0
DA:11,0
DA:12,0
DA:19,0
DA:20,0
LF:8
LH:0
BRDA:2,0,0,0
BRDA:2,0,1,0
BRDA:4,1,0,0
BRDA:4,1,1,0
BRDA:11,2,0,0
BRDA:11,2,1,0
BRDA:19,3,0,0
BRF:7
BRH:0
end_of_record
TN:
SF:src\api\companies.ts
FN:5,getApiBase
FN:15,searchCompaniesApi
FNF:2
FNH:0
FNDA:0,getApiBase
FNDA:0,searchCompaniesApi
DA:6,0
DA:7,0
DA:15,0
DA:16,0
DA:17,0
DA:18,0
DA:19,0
DA:22,0
DA:23,0
DA:24,0
DA:25,0
DA:26,0
DA:28,0
LF:13
LH:0
BRDA:6,0,0,0
BRDA:6,0,1,0
BRDA:7,1,0,0
BRDA:7,1,1,0
BRDA:17,2,0,0
BRDA:17,3,0,0
BRDA:17,3,1,0
BRDA:19,4,0,0
BRDA:19,4,1,0
BRDA:24,5,0,0
BRDA:26,6,0,0
BRDA:26,6,1,0
BRF:12
BRH:0
end_of_record
TN:
SF:src\api\follow.ts
FN:1,getApiBase
FN:41,(anonymous_2)
FN:44,(anonymous_3)
FN:50,(anonymous_4)
FN:51,(anonymous_5)
FN:56,(anonymous_6)
FN:57,(anonymous_7)
FN:62,(anonymous_8)
FN:67,(anonymous_9)
FN:73,(anonymous_10)
FN:78,(anonymous_11)
FN:84,(anonymous_12)
FN:89,(anonymous_13)
FN:94,(anonymous_14)
FN:99,(anonymous_15)
FN:104,(anonymous_16)
FN:107,(anonymous_17)
FNF:17
FNH:0
FNDA:0,getApiBase
FNDA:0,(anonymous_2)
FNDA:0,(anonymous_3)
FNDA:0,(anonymous_4)
FNDA:0,(anonymous_5)
FNDA:0,(anonymous_6)
FNDA:0,(anonymous_7)
FNDA:0,(anonymous_8)
FNDA:0,(anonymous_9)
FNDA:0,(anonymous_10)
FNDA:0,(anonymous_11)
FNDA:0,(anonymous_12)
FNDA:0,(anonymous_13)
FNDA:0,(anonymous_14)
FNDA:0,(anonymous_15)
FNDA:0,(anonymous_16)
FNDA:0,(anonymous_17)
DA:2,0
DA:3,0
DA:40,0
DA:42,0
DA:43,0
DA:44,0
DA:45,0
DA:46,0
DA:51,0
DA:52,0
DA:53,0
DA:57,0
DA:58,0
DA:59,0
DA:63,0
DA:64,0
DA:65,0
DA:66,0
DA:67,0
DA:68,0
DA:69,0
DA:74,0
DA:75,0
DA:76,0
DA:77,0
DA:78,0
DA:79,0
DA:80,0
DA:85,0
DA:89,0
DA:90,0
DA:91,0
DA:95,0
DA:99,0
DA:100,0
DA:101,0
DA:105,0
DA:108,0
DA:109,0
LF:39
LH:0
BRDA:2,0,0,0
BRDA:2,0,1,0
BRDA:2,1,0,0
BRDA:2,1,1,0
BRDA:43,2,0,0
BRDA:45,3,0,0
BRDA:52,4,0,0
BRDA:58,5,0,0
BRDA:62,6,0,0
BRDA:64,7,0,0
BRDA:67,8,0,0
BRDA:67,8,1,0
BRDA:68,9,0,0
BRDA:73,10,0,0
BRDA:75,11,0,0
BRDA:78,12,0,0
BRDA:78,12,1,0
BRDA:79,13,0,0
BRDA:90,14,0,0
BRDA:90,15,0,0
BRDA:90,15,1,0
BRDA:100,16,0,0
BRDA:100,17,0,0
BRDA:100,17,1,0
BRDA:108,18,0,0
BRF:25
BRH:0
end_of_record
TN:
SF:src\api\giphy.ts
FN:22,searchGifs
FN:38,(anonymous_2)
FNF:2
FNH:0
FNDA:0,searchGifs
FNDA:0,(anonymous_2)
DA:6,0
DA:22,0
DA:26,0
DA:27,0
DA:28,0
DA:30,0
DA:36,0
DA:37,0
DA:38,0
DA:39,0
DA:41,0
LF:11
LH:0
BRDA:27,0,0,0
BRDA:33,1,0,0
BRDA:33,1,1,0
BRDA:34,2,0,0
BRDA:34,2,1,0
BRDA:37,3,0,0
BRDA:39,4,0,0
BRDA:39,4,1,0
BRF:8
BRH:0
end_of_record
TN:
SF:src\api\github.ts
FN:1,getApiBase
FN:25,parseGithubRepoUrl
FN:40,fetchRepoInfo
FN:43,(anonymous_8)
FN:50,fetchRepoByUrl
FN:57,fetchMyRepos
FN:62,(anonymous_11)
FNF:7
FNH:0
FNDA:0,getApiBase
FNDA:0,parseGithubRepoUrl
FNDA:0,fetchRepoInfo
FNDA:0,(anonymous_8)
FNDA:0,fetchRepoByUrl
FNDA:0,fetchMyRepos
FNDA:0,(anonymous_11)
DA:2,0
DA:3,0
DA:25,0
DA:26,0
DA:27,0
DA:28,0
DA:29,0
DA:30,0
DA:31,0
DA:32,0
DA:33,0
DA:35,0
DA:40,0
DA:41,0
DA:42,0
DA:43,0
DA:44,0
DA:45,0
DA:46,0
DA:50,0
DA:51,0
DA:52,0
DA:53,0
DA:57,0
DA:58,0
DA:59,0
DA:62,0
DA:63,0
DA:64,0
LF:29
LH:0
BRDA:2,0,0,0
BRDA:2,0,1,0
BRDA:2,1,0,0
BRDA:2,1,1,0
BRDA:26,2,0,0
BRDA:26,2,1,0
BRDA:27,3,0,0
BRDA:29,4,0,0
BRDA:29,4,1,0
BRDA:30,5,0,0
BRDA:32,6,0,0
BRDA:44,7,0,0
BRDA:44,8,0,0
BRDA:44,8,1,0
BRDA:45,9,0,0
BRDA:52,10,0,0
BRDA:63,11,0,0
BRDA:63,12,0,0
BRDA:63,12,1,0
BRDA:64,13,0,0
BRDA:64,13,1,0
BRF:21
BRH:0
end_of_record
TN:
SF:src\api\index.ts
FNF:0
FNH:0
DA:1,0
DA:2,0
LF:2
LH:0
BRF:0
BRH:0
end_of_record
TN:
SF:src\api\unsplash.ts
FN:21,searchUnsplashPhotos
FN:39,(anonymous_2)
FNF:2
FNH:0
FNDA:0,searchUnsplashPhotos
FNDA:0,(anonymous_2)
DA:6,0
DA:21,0
DA:25,0
DA:26,0
DA:27,0
DA:29,0
DA:35,0
DA:38,0
DA:39,0
DA:40,0
DA:43,0
DA:45,0
LF:12
LH:0
BRDA:26,0,0,0
BRDA:31,1,0,0
BRDA:31,1,1,0
BRDA:32,2,0,0
BRDA:32,2,1,0
BRDA:38,3,0,0
BRDA:40,4,0,0
BRDA:40,4,1,0
BRDA:42,5,0,0
BRDA:42,5,1,0
BRF:10
BRH:0
end_of_record
TN:
SF:src\api\upload.ts
FN:1,getApiBase
FN:21,uploadAvatar
FN:38,(anonymous_6)
FN:42,(anonymous_7)
FN:47,(anonymous_8)
FN:61,(anonymous_9)
FN:66,uploadCover
FN:83,(anonymous_11)
FN:87,(anonymous_12)
FN:92,(anonymous_13)
FN:106,(anonymous_14)
FN:111,uploadMedia
FN:128,(anonymous_16)
FN:132,(anonymous_17)
FN:137,(anonymous_18)
FN:151,(anonymous_19)
FNF:16
FNH:0
FNDA:0,getApiBase
FNDA:0,uploadAvatar
FNDA:0,(anonymous_6)
FNDA:0,(anonymous_7)
FNDA:0,(anonymous_8)
FNDA:0,(anonymous_9)
FNDA:0,uploadCover
FNDA:0,(anonymous_11)
FNDA:0,(anonymous_12)
FNDA:0,(anonymous_13)
FNDA:0,(anonymous_14)
FNDA:0,uploadMedia
FNDA:0,(anonymous_16)
FNDA:0,(anonymous_17)
FNDA:0,(anonymous_18)
FNDA:0,(anonymous_19)
DA:2,0
DA:3,0
DA:21,0
DA:27,0
DA:28,0
DA:29,0
DA:30,0
DA:31,0
DA:32,0
DA:33,0
DA:34,0
DA:35,0
DA:38,0
DA:39,0
DA:40,0
DA:41,0
DA:42,0
DA:43,0
DA:44,0
DA:47,0
DA:48,0
DA:49,0
DA:50,0
DA:51,0
DA:55,0
DA:56,0
DA:58,0
DA:61,0
DA:62,0
DA:66,0
DA:72,0
DA:73,0
DA:74,0
DA:75,0
DA:76,0
DA:77,0
DA:78,0
DA:79,0
DA:80,0
DA:83,0
DA:84,0
DA:85,0
DA:86,0
DA:87,0
DA:88,0
DA:89,0
DA:92,0
DA:93,0
DA:94,0
DA:95,0
DA:96,0
DA:100,0
DA:101,0
DA:103,0
DA:106,0
DA:107,0
DA:111,0
DA:117,0
DA:118,0
DA:119,0
DA:120,0
DA:121,0
DA:122,0
DA:123,0
DA:124,0
DA:125,0
DA:128,0
DA:129,0
DA:130,0
DA:131,0
DA:132,0
DA:133,0
DA:134,0
DA:137,0
DA:138,0
DA:139,0
DA:140,0
DA:141,0
DA:145,0
DA:146,0
DA:148,0
DA:151,0
DA:152,0
LF:83
LH:0
BRDA:2,0,0,0
BRDA:2,0,1,0
BRDA:3,1,0,0
BRDA:3,1,1,0
BRDA:28,2,0,0
BRDA:28,2,1,0
BRDA:31,3,0,0
BRDA:43,4,0,0
BRDA:43,5,0,0
BRDA:43,5,1,0
BRDA:48,6,0,0
BRDA:51,7,0,0
BRDA:51,7,1,0
BRDA:55,8,0,0
BRDA:55,8,1,0
BRDA:55,9,0,0
BRDA:55,9,1,0
BRDA:55,9,2,0
BRDA:55,9,3,0
BRDA:58,10,0,0
BRDA:58,10,1,0
BRDA:58,10,2,0
BRDA:73,11,0,0
BRDA:73,11,1,0
BRDA:76,12,0,0
BRDA:88,13,0,0
BRDA:88,14,0,0
BRDA:88,14,1,0
BRDA:93,15,0,0
BRDA:96,16,0,0
BRDA:96,16,1,0
BRDA:100,17,0,0
BRDA:100,17,1,0
BRDA:100,18,0,0
BRDA:100,18,1,0
BRDA:100,18,2,0
BRDA:100,18,3,0
BRDA:103,19,0,0
BRDA:103,19,1,0
BRDA:103,19,2,0
BRDA:118,20,0,0
BRDA:118,20,1,0
BRDA:121,21,0,0
BRDA:133,22,0,0
BRDA:133,23,0,0
BRDA:133,23,1,0
BRDA:138,24,0,0
BRDA:141,25,0,0
BRDA:141,25,1,0
BRDA:145,26,0,0
BRDA:145,26,1,0
BRDA:145,27,0,0
BRDA:145,27,1,0
BRDA:145,27,2,0
BRDA:145,27,3,0
BRDA:148,28,0,0
BRDA:148,28,1,0
BRDA:148,28,2,0
BRF:58
BRH:0
end_of_record
TN:
SF:src\app\layout.tsx
FN:31,RootLayout
FNF:1
FNH:0
FNDA:0,RootLayout
DA:2,0
DA:3,0
DA:4,0
DA:5,0
DA:6,0
DA:7,0
DA:8,0
DA:9,0
DA:10,0
DA:11,0
DA:12,0
DA:14,0
DA:16,0
DA:31,0
LF:14
LH:0
BRF:0
BRH:0
end_of_record
TN:
SF:src\app\loading.tsx
FN:9,RootLoading
FNF:1
FNH:0
FNDA:0,RootLoading
DA:3,0
DA:4,0
DA:9,0
DA:10,0
DA:11,0
LF:5
LH:0
BRDA:10,0,0,0
BRDA:10,0,1,0
BRDA:11,1,0,0
BRF:3
BRH:0
end_of_record
TN:
SF:src\app\page.tsx
FN:4,HomePage
FN:14,(anonymous_2)
FNF:2
FNH:0
FNDA:0,HomePage
FNDA:0,(anonymous_2)
DA:1,0
DA:2,0
DA:4,0
DA:15,0
LF:4
LH:0
BRF:0
BRH:0
end_of_record
TN:
SF:src\app\providers.tsx
FN:9,Providers
FNF:1
FNH:0
FNDA:0,Providers
DA:4,0
DA:9,0
LF:2
LH:0
BRF:0
BRH:0
end_of_record
TN:
SF:src\app\about\AboutGetStarted.tsx
FN:6,AboutGetStarted
FN:7,(anonymous_2)
FN:9,(anonymous_3)
FNF:3
FNH:0
FNDA:0,AboutGetStarted
FNDA:0,(anonymous_2)
FNDA:0,(anonymous_3)
DA:3,0
DA:4,0
DA:6,0
DA:7,0
DA:9,0
LF:5
LH:0
BRF:0
BRH:0
end_of_record
TN:
SF:src\app\about\page.tsx
FN:20,AboutPage
FN:65,(anonymous_2)
FN:83,(anonymous_3)
FN:105,(anonymous_4)
FN:119,(anonymous_5)
FN:124,(anonymous_6)
FN:142,(anonymous_7)
FNF:7
FNH:0
FNDA:0,AboutPage
FNDA:0,(anonymous_2)
FNDA:0,(anonymous_3)
FNDA:0,(anonymous_4)
FNDA:0,(anonymous_5)
FNDA:0,(anonymous_6)
FNDA:0,(anonymous_7)
DA:3,0
DA:4,0
DA:18,0
DA:20,0
DA:21,0
DA:30,0
DA:36,0
DA:66,0
DA:84,0
DA:106,0
DA:120,0
DA:125,0
DA:143,0
LF:13
LH:0
BRF:0
BRH:0
end_of_record
TN:
SF:src\app\blogs\write\page.tsx
FN:33,loadDraftFromStorage
FN:52,saveDraftToStorage
FN:73,summaryTextLength
FN:82,collapseSpacesInElement
FN:93,getRangePositionAtOffset
FN:121,trimSelectionRange
FN:141,getSelectionStartOffset
FN:152,setSelectionToOffset
FN:183,SummaryEditor
FN:204,(anonymous_14)
FN:218,(anonymous_15)
FN:279,(anonymous_16)
FN:281,(anonymous_17)
FN:284,(anonymous_18)
FN:291,(anonymous_19)
FN:292,(anonymous_20)
FN:294,(anonymous_21)
FN:297,(anonymous_22)
FN:315,(anonymous_23)
FN:335,(anonymous_24)
FN:340,(anonymous_25)
FN:351,(anonymous_26)
FN:352,(anonymous_27)
FN:403,(anonymous_28)
FN:407,(anonymous_29)
FN:428,(anonymous_30)
FN:451,(anonymous_31)
FN:490,(anonymous_32)
FN:491,(anonymous_33)
FN:494,(anonymous_34)
FN:498,(anonymous_35)
FN:511,(anonymous_36)
FN:514,(anonymous_37)
FN:517,(anonymous_38)
FN:521,(anonymous_39)
FN:533,ThumbnailCropDialog
FN:549,(anonymous_41)
FN:566,(anonymous_42)
FN:570,(anonymous_43)
FN:587,(anonymous_44)
FN:616,(anonymous_45)
FN:624,(anonymous_46)
FN:625,(anonymous_47)
FN:655,(anonymous_48)
FN:682,WriteBlogPage
FN:691,(anonymous_50)
FN:698,(anonymous_51)
FN:708,(anonymous_52)
FN:715,(anonymous_53)
FN:719,(anonymous_54)
FN:720,(anonymous_55)
FN:721,(anonymous_56)
FN:724,(anonymous_57)
FN:731,(anonymous_58)
FN:739,(anonymous_59)
FN:741,(anonymous_60)
FN:747,(anonymous_61)
FN:752,(anonymous_62)
FN:763,(anonymous_63)
FN:782,(anonymous_64)
FN:792,(anonymous_65)
FN:803,(anonymous_66)
FN:804,(anonymous_67)
FN:805,(anonymous_68)
FN:821,(anonymous_69)
FN:827,(anonymous_70)
FN:829,(anonymous_71)
FN:837,(anonymous_72)
FN:840,(anonymous_73)
FN:841,(anonymous_74)
FN:855,(anonymous_75)
FN:858,(anonymous_76)
FN:876,(anonymous_77)
FN:879,(anonymous_78)
FN:884,(anonymous_79)
FN:885,(anonymous_80)
FN:890,(anonymous_81)
FN:893,(anonymous_82)
FN:894,(anonymous_83)
FN:899,(anonymous_84)
FN:902,(anonymous_85)
FN:909,(anonymous_86)
FN:914,(anonymous_87)
FN:933,(anonymous_88)
FN:976,(anonymous_89)
FN:976,(anonymous_90)
FN:985,(anonymous_91)
FN:985,(anonymous_92)
FN:1061,(anonymous_93)
FN:1074,(anonymous_94)
FN:1080,(anonymous_95)
FN:1114,(anonymous_96)
FN:1120,(anonymous_97)
FN:1175,(anonymous_98)
FN:1180,(anonymous_99)
FN:1194,(anonymous_100)
FN:1248,(anonymous_101)
FN:1257,(anonymous_102)
FN:1277,(anonymous_103)
FN:1278,(anonymous_104)
FN:1296,(anonymous_105)
FN:1315,(anonymous_106)
FN:1339,(anonymous_107)
FN:1348,(anonymous_108)
FN:1357,(anonymous_109)
FNF:105
FNH:0
FNDA:0,loadDraftFromStorage
FNDA:0,saveDraftToStorage
FNDA:0,summaryTextLength
FNDA:0,collapseSpacesInElement
FNDA:0,getRangePositionAtOffset
FNDA:0,trimSelectionRange
FNDA:0,getSelectionStartOffset
FNDA:0,setSelectionToOffset
FNDA:0,SummaryEditor
FNDA:0,(anonymous_14)
FNDA:0,(anonymous_15)
FNDA:0,(anonymous_16)
FNDA:0,(anonymous_17)
FNDA:0,(anonymous_18)
FNDA:0,(anonymous_19)
FNDA:0,(anonymous_20)
FNDA:0,(anonymous_21)
FNDA:0,(anonymous_22)
FNDA:0,(anonymous_23)
FNDA:0,(anonymous_24)
FNDA:0,(anonymous_25)
FNDA:0,(anonymous_26)
FNDA:0,(anonymous_27)
FNDA:0,(anonymous_28)
FNDA:0,(anonymous_29)
FNDA:0,(anonymous_30)
FNDA:0,(anonymous_31)
FNDA:0,(anonymous_32)
FNDA:0,(anonymous_33)
FNDA:0,(anonymous_34)
FNDA:0,(anonymous_35)
FNDA:0,(anonymous_36)
FNDA:0,(anonymous_37)
FNDA:0,(anonymous_38)
FNDA:0,(anonymous_39)
FNDA:0,ThumbnailCropDialog
FNDA:0,(anonymous_41)
FNDA:0,(anonymous_42)
FNDA:0,(anonymous_43)
FNDA:0,(anonymous_44)
FNDA:0,(anonymous_45)
FNDA:0,(anonymous_46)
FNDA:0,(anonymous_47)
FNDA:0,(anonymous_48)
FNDA:0,WriteBlogPage
FNDA:0,(anonymous_50)
FNDA:0,(anonymous_51)
FNDA:0,(anonymous_52)
FNDA:0,(anonymous_53)
FNDA:0,(anonymous_54)
FNDA:0,(anonymous_55)
FNDA:0,(anonymous_56)
FNDA:0,(anonymous_57)
FNDA:0,(anonymous_58)
FNDA:0,(anonymous_59)
FNDA:0,(anonymous_60)
FNDA:0,(anonymous_61)
FNDA:0,(anonymous_62)
FNDA:0,(anonymous_63)
FNDA:0,(anonymous_64)
FNDA:0,(anonymous_65)
FNDA:0,(anonymous_66)
FNDA:0,(anonymous_67)
FNDA:0,(anonymous_68)
FNDA:0,(anonymous_69)
FNDA:0,(anonymous_70)
FNDA:0,(anonymous_71)
FNDA:0,(anonymous_72)
FNDA:0,(anonymous_73)
FNDA:0,(anonymous_74)
FNDA:0,(anonymous_75)
FNDA:0,(anonymous_76)
FNDA:0,(anonymous_77)
FNDA:0,(anonymous_78)
FNDA:0,(anonymous_79)
FNDA:0,(anonymous_80)
FNDA:0,(anonymous_81)
FNDA:0,(anonymous_82)
FNDA:0,(anonymous_83)
FNDA:0,(anonymous_84)
FNDA:0,(anonymous_85)
FNDA:0,(anonymous_86)
FNDA:0,(anonymous_87)
FNDA:0,(anonymous_88)
FNDA:0,(anonymous_89)
FNDA:0,(anonymous_90)
FNDA:0,(anonymous_91)
FNDA:0,(anonymous_92)
FNDA:0,(anonymous_93)
FNDA:0,(anonymous_94)
FNDA:0,(anonymous_95)
FNDA:0,(anonymous_96)
FNDA:0,(anonymous_97)
FNDA:0,(anonymous_98)
FNDA:0,(anonymous_99)
FNDA:0,(anonymous_100)
FNDA:0,(anonymous_101)
FNDA:0,(anonymous_102)
FNDA:0,(anonymous_103)
FNDA:0,(anonymous_104)
FNDA:0,(anonymous_105)
FNDA:0,(anonymous_106)
FNDA:0,(anonymous_107)
FNDA:0,(anonymous_108)
FNDA:0,(anonymous_109)
DA:3,0
DA:4,0
DA:5,0
DA:6,0
DA:7,0
DA:8,0
DA:9,0
DA:10,0
DA:18,0
DA:19,0
DA:20,0
DA:21,0
DA:22,0
DA:23,0
DA:24,0
DA:25,0
DA:28,0
DA:29,0
DA:31,0
DA:34,0
DA:35,0
DA:36,0
DA:37,0
DA:38,0
DA:39,0
DA:40,0
DA:48,0
DA:58,0
DA:59,0
DA:60,0
DA:67,0
DA:74,0
DA:75,0
DA:76,0
DA:77,0
DA:78,0
DA:83,0
DA:85,0
DA:86,0
DA:87,0
DA:94,0
DA:95,0
DA:96,0
DA:97,0
DA:98,0
DA:99,0
DA:100,0
DA:101,0
DA:102,0
DA:103,0
DA:104,0
DA:105,0
DA:106,0
DA:107,0
DA:109,0
DA:110,0
DA:111,0
DA:112,0
DA:113,0
DA:114,0
DA:115,0
DA:117,0
DA:122,0
DA:123,0
DA:124,0
DA:125,0
DA:126,0
DA:127,0
DA:128,0
DA:129,0
DA:130,0
DA:131,0
DA:132,0
DA:133,0
DA:142,0
DA:143,0
DA:144,0
DA:145,0
DA:146,0
DA:147,0
DA:148,0
DA:153,0
DA:154,0
DA:155,0
DA:156,0
DA:157,0
DA:158,0
DA:159,0
DA:160,0
DA:161,0
DA:162,0
DA:163,0
DA:164,0
DA:165,0
DA:166,0
DA:167,0
DA:169,0
DA:170,0
DA:172,0
DA:173,0
DA:174,0
DA:175,0
DA:176,0
DA:178,0
DA:179,0
DA:180,0
DA:181,0
DA:192,0
DA:193,0
DA:194,0
DA:195,0
DA:196,0
DA:197,0
DA:198,0
DA:199,0
DA:200,0
DA:201,0
DA:202,0
DA:203,0
DA:204,0
DA:205,0
DA:206,0
DA:207,0
DA:208,0
DA:209,0
DA:210,0
DA:211,0
DA:212,0
DA:214,0
DA:215,0
DA:218,0
DA:219,0
DA:220,0
DA:221,0
DA:222,0
DA:224,0
DA:225,0
DA:226,0
DA:227,0
DA:228,0
DA:229,0
DA:231,0
DA:232,0
DA:233,0
DA:234,0
DA:238,0
DA:239,0
DA:240,0
DA:241,0
DA:242,0
DA:244,0
DA:246,0
DA:247,0
DA:248,0
DA:249,0
DA:250,0
DA:251,0
DA:252,0
DA:254,0
DA:255,0
DA:256,0
DA:257,0
DA:258,0
DA:259,0
DA:261,0
DA:262,0
DA:264,0
DA:266,0
DA:271,0
DA:272,0
DA:273,0
DA:275,0
DA:279,0
DA:280,0
DA:281,0
DA:284,0
DA:285,0
DA:286,0
DA:287,0
DA:291,0
DA:292,0
DA:293,0
DA:294,0
DA:297,0
DA:298,0
DA:299,0
DA:300,0
DA:301,0
DA:303,0
DA:304,0
DA:305,0
DA:306,0
DA:307,0
DA:309,0
DA:310,0
DA:312,0
DA:315,0
DA:316,0
DA:317,0
DA:318,0
DA:319,0
DA:320,0
DA:321,0
DA:322,0
DA:323,0
DA:324,0
DA:325,0
DA:326,0
DA:327,0
DA:328,0
DA:330,0
DA:331,0
DA:334,0
DA:336,0
DA:337,0
DA:338,0
DA:339,0
DA:340,0
DA:346,0
DA:351,0
DA:352,0
DA:353,0
DA:354,0
DA:355,0
DA:356,0
DA:357,0
DA:358,0
DA:359,0
DA:360,0
DA:361,0
DA:362,0
DA:363,0
DA:364,0
DA:365,0
DA:366,0
DA:367,0
DA:368,0
DA:369,0
DA:371,0
DA:373,0
DA:375,0
DA:377,0
DA:378,0
DA:379,0
DA:380,0
DA:381,0
DA:382,0
DA:383,0
DA:384,0
DA:385,0
DA:386,0
DA:387,0
DA:389,0
DA:390,0
DA:392,0
DA:393,0
DA:394,0
DA:395,0
DA:396,0
DA:397,0
DA:398,0
DA:403,0
DA:404,0
DA:407,0
DA:408,0
DA:429,0
DA:430,0
DA:431,0
DA:432,0
DA:433,0
DA:434,0
DA:435,0
DA:437,0
DA:438,0
DA:439,0
DA:440,0
DA:441,0
DA:442,0
DA:443,0
DA:444,0
DA:445,0
DA:446,0
DA:452,0
DA:453,0
DA:454,0
DA:455,0
DA:456,0
DA:490,0
DA:492,0
DA:493,0
DA:494,0
DA:499,0
DA:500,0
DA:511,0
DA:514,0
DA:517,0
DA:521,0
DA:542,0
DA:543,0
DA:544,0
DA:545,0
DA:546,0
DA:547,0
DA:549,0
DA:550,0
DA:551,0
DA:552,0
DA:553,0
DA:555,0
DA:556,0
DA:557,0
DA:559,0
DA:560,0
DA:561,0
DA:562,0
DA:563,0
DA:566,0
DA:567,0
DA:570,0
DA:571,0
DA:572,0
DA:573,0
DA:575,0
DA:581,0
DA:582,0
DA:583,0
DA:584,0
DA:587,0
DA:588,0
DA:589,0
DA:590,0
DA:591,0
DA:616,0
DA:624,0
DA:625,0
DA:655,0
DA:682,0
DA:683,0
DA:684,0
DA:685,0
DA:686,0
DA:687,0
DA:688,0
DA:689,0
DA:690,0
DA:691,0
DA:692,0
DA:693,0
DA:694,0
DA:695,0
DA:696,0
DA:697,0
DA:698,0
DA:699,0
DA:700,0
DA:701,0
DA:702,0
DA:703,0
DA:704,0
DA:705,0
DA:706,0
DA:708,0
DA:709,0
DA:710,0
DA:711,0
DA:712,0
DA:715,0
DA:716,0
DA:719,0
DA:720,0
DA:721,0
DA:724,0
DA:725,0
DA:726,0
DA:727,0
DA:728,0
DA:731,0
DA:732,0
DA:733,0
DA:734,0
DA:735,0
DA:738,0
DA:740,0
DA:741,0
DA:743,0
DA:744,0
DA:745,0
DA:747,0
DA:752,0
DA:753,0
DA:754,0
DA:755,0
DA:763,0
DA:764,0
DA:765,0
DA:766,0
DA:767,0
DA:768,0
DA:769,0
DA:770,0
DA:771,0
DA:776,0
DA:777,0
DA:779,0
DA:782,0
DA:783,0
DA:784,0
DA:785,0
DA:786,0
DA:787,0
DA:788,0
DA:792,0
DA:793,0
DA:794,0
DA:795,0
DA:796,0
DA:797,0
DA:799,0
DA:800,0
DA:803,0
DA:804,0
DA:805,0
DA:806,0
DA:807,0
DA:808,0
DA:809,0
DA:810,0
DA:811,0
DA:819,0
DA:820,0
DA:821,0
DA:822,0
DA:823,0
DA:827,0
DA:828,0
DA:829,0
DA:830,0
DA:831,0
DA:832,0
DA:834,0
DA:836,0
DA:837,0
DA:840,0
DA:841,0
DA:842,0
DA:843,0
DA:844,0
DA:850,0
DA:851,0
DA:854,0
DA:855,0
DA:858,0
DA:859,0
DA:860,0
DA:861,0
DA:862,0
DA:863,0
DA:864,0
DA:865,0
DA:866,0
DA:867,0
DA:877,0
DA:880,0
DA:884,0
DA:885,0
DA:886,0
DA:887,0
DA:889,0
DA:890,0
DA:893,0
DA:894,0
DA:895,0
DA:896,0
DA:898,0
DA:899,0
DA:902,0
DA:903,0
DA:904,0
DA:905,0
DA:906,0
DA:909,0
DA:910,0
DA:911,0
DA:914,0
DA:915,0
DA:916,0
DA:917,0
DA:918,0
DA:919,0
DA:920,0
DA:921,0
DA:923,0
DA:924,0
DA:928,0
DA:929,0
DA:932,0
DA:933,0
DA:934,0
DA:935,0
DA:937,0
DA:938,0
DA:939,0
DA:940,0
DA:941,0
DA:942,0
DA:943,0
DA:946,0
DA:948,0
DA:949,0
DA:953,0
DA:976,0
DA:985,0
DA:1062,0
DA:1075,0
DA:1076,0
DA:1080,0
DA:1115,0
DA:1116,0
DA:1120,0
DA:1176,0
DA:1177,0
DA:1178,0
DA:1181,0
DA:1182,0
DA:1183,0
DA:1184,0
DA:1185,0
DA:1186,0
DA:1187,0
DA:1188,0
DA:1189,0
DA:1190,0
DA:1191,0
DA:1192,0
DA:1193,0
DA:1194,0
DA:1195,0
DA:1196,0
DA:1197,0
DA:1248,0
DA:1257,0
DA:1277,0
DA:1278,0
DA:1296,0
DA:1315,0
DA:1339,0
DA:1348,0
DA:1357,0
LF:548
LH:0
BRDA:34,0,0,0
BRDA:37,1,0,0
BRDA:39,2,0,0
BRDA:39,3,0,0
BRDA:39,3,1,0
BRDA:39,3,2,0
BRDA:42,4,0,0
BRDA:42,4,1,0
BRDA:44,5,0,0
BRDA:44,5,1,0
BRDA:45,6,0,0
BRDA:45,6,1,0
BRDA:58,7,0,0
BRDA:64,8,0,0
BRDA:64,8,1,0
BRDA:74,9,0,0
BRDA:74,10,0,0
BRDA:74,10,1,0
BRDA:75,11,0,0
BRDA:78,12,0,0
BRDA:78,12,1,0
BRDA:86,13,0,0
BRDA:86,14,0,0
BRDA:86,14,1,0
BRDA:94,15,0,0
BRDA:96,16,0,0
BRDA:105,17,0,0
BRDA:109,18,0,0
BRDA:109,18,1,0
BRDA:110,19,0,0
BRDA:110,19,1,0
BRDA:112,20,0,0
BRDA:123,21,0,0
BRDA:123,22,0,0
BRDA:123,22,1,0
BRDA:125,23,0,0
BRDA:125,23,1,0
BRDA:127,24,0,0
BRDA:130,25,0,0
BRDA:130,26,0,0
BRDA:130,26,1,0
BRDA:143,27,0,0
BRDA:143,28,0,0
BRDA:143,28,1,0
BRDA:154,29,0,0
BRDA:159,30,0,0
BRDA:159,30,1,0
BRDA:160,31,0,0
BRDA:195,32,0,0
BRDA:195,32,1,0
BRDA:206,33,0,0
BRDA:208,34,0,0
BRDA:208,34,1,0
BRDA:209,35,0,0
BRDA:219,36,0,0
BRDA:226,37,0,0
BRDA:226,38,0,0
BRDA:226,38,1,0
BRDA:226,38,2,0
BRDA:231,39,0,0
BRDA:232,40,0,0
BRDA:240,41,0,0
BRDA:240,42,0,0
BRDA:240,42,1,0
BRDA:250,43,0,0
BRDA:250,43,1,0
BRDA:251,44,0,0
BRDA:251,45,0,0
BRDA:251,45,1,0
BRDA:257,46,0,0
BRDA:257,47,0,0
BRDA:257,47,1,0
BRDA:285,48,0,0
BRDA:299,49,0,0
BRDA:299,50,0,0
BRDA:299,50,1,0
BRDA:303,51,0,0
BRDA:303,52,0,0
BRDA:303,52,1,0
BRDA:304,53,0,0
BRDA:304,53,1,0
BRDA:304,54,0,0
BRDA:304,54,1,0
BRDA:317,55,0,0
BRDA:318,56,0,0
BRDA:318,56,1,0
BRDA:319,57,0,0
BRDA:319,57,1,0
BRDA:321,58,0,0
BRDA:321,59,0,0
BRDA:321,59,1,0
BRDA:323,60,0,0
BRDA:323,61,0,0
BRDA:323,61,1,0
BRDA:323,61,2,0
BRDA:324,62,0,0
BRDA:324,62,1,0
BRDA:325,63,0,0
BRDA:337,64,0,0
BRDA:354,65,0,0
BRDA:361,66,0,0
BRDA:361,66,1,0
BRDA:365,67,0,0
BRDA:365,67,1,0
BRDA:365,68,0,0
BRDA:365,68,1,0
BRDA:365,68,2,0
BRDA:378,69,0,0
BRDA:378,69,1,0
BRDA:379,70,0,0
BRDA:379,70,1,0
BRDA:379,71,0,0
BRDA:379,71,1,0
BRDA:385,72,0,0
BRDA:393,73,0,0
BRDA:393,74,0,0
BRDA:393,74,1,0
BRDA:404,75,0,0
BRDA:410,76,0,0
BRDA:410,76,1,0
BRDA:429,77,0,0
BRDA:429,77,1,0
BRDA:429,78,0,0
BRDA:429,78,1,0
BRDA:431,79,0,0
BRDA:437,80,0,0
BRDA:440,81,0,0
BRDA:440,82,0,0
BRDA:440,82,1,0
BRDA:440,82,2,0
BRDA:440,82,3,0
BRDA:440,82,4,0
BRDA:445,83,0,0
BRDA:453,84,0,0
BRDA:453,84,1,0
BRDA:460,85,0,0
BRDA:460,85,1,0
BRDA:460,85,2,0
BRDA:468,86,0,0
BRDA:468,86,1,0
BRDA:468,86,2,0
BRDA:480,87,0,0
BRDA:493,88,0,0
BRDA:493,88,1,0
BRDA:499,89,0,0
BRDA:500,90,0,0
BRDA:550,91,0,0
BRDA:551,92,0,0
BRDA:555,93,0,0
BRDA:559,94,0,0
BRDA:571,95,0,0
BRDA:571,96,0,0
BRDA:571,96,1,0
BRDA:581,97,0,0
BRDA:588,98,0,0
BRDA:616,99,0,0
BRDA:616,99,1,0
BRDA:620,100,0,0
BRDA:625,101,0,0
BRDA:625,101,1,0
BRDA:635,102,0,0
BRDA:698,103,0,0
BRDA:698,103,1,0
BRDA:710,104,0,0
BRDA:725,105,0,0
BRDA:732,106,0,0
BRDA:741,107,0,0
BRDA:741,107,1,0
BRDA:743,108,0,0
BRDA:754,109,0,0
BRDA:754,109,1,0
BRDA:754,110,0,0
BRDA:754,110,1,0
BRDA:754,110,2,0
BRDA:765,111,0,0
BRDA:767,112,0,0
BRDA:767,112,1,0
BRDA:770,113,0,0
BRDA:770,114,0,0
BRDA:770,114,1,0
BRDA:776,115,0,0
BRDA:783,116,0,0
BRDA:786,117,0,0
BRDA:786,117,1,0
BRDA:787,118,0,0
BRDA:787,119,0,0
BRDA:787,119,1,0
BRDA:793,120,0,0
BRDA:793,120,1,0
BRDA:794,121,0,0
BRDA:795,122,0,0
BRDA:799,123,0,0
BRDA:800,124,0,0
BRDA:808,125,0,0
BRDA:808,125,1,0
BRDA:809,126,0,0
BRDA:813,127,0,0
BRDA:813,127,1,0
BRDA:813,128,0,0
BRDA:813,128,1,0
BRDA:815,129,0,0
BRDA:815,129,1,0
BRDA:830,130,0,0
BRDA:842,131,0,0
BRDA:842,131,1,0
BRDA:843,132,0,0
BRDA:846,133,0,0
BRDA:846,133,1,0
BRDA:846,134,0,0
BRDA:846,134,1,0
BRDA:859,135,0,0
BRDA:861,136,0,0
BRDA:863,137,0,0
BRDA:863,138,0,0
BRDA:863,138,1,0
BRDA:866,139,0,0
BRDA:866,139,1,0
BRDA:866,140,0,0
BRDA:866,140,1,0
BRDA:866,140,2,0
BRDA:870,141,0,0
BRDA:870,141,1,0
BRDA:886,142,0,0
BRDA:886,143,0,0
BRDA:886,143,1,0
BRDA:896,144,0,0
BRDA:896,145,0,0
BRDA:896,145,1,0
BRDA:896,145,2,0
BRDA:915,146,0,0
BRDA:916,147,0,0
BRDA:921,148,0,0
BRDA:921,148,1,0
BRDA:921,149,0,0
BRDA:921,149,1,0
BRDA:921,149,2,0
BRDA:923,150,0,0
BRDA:923,150,1,0
BRDA:932,151,0,0
BRDA:932,152,0,0
BRDA:932,152,1,0
BRDA:943,153,0,0
BRDA:953,154,0,0
BRDA:966,155,0,0
BRDA:966,155,1,0
BRDA:968,156,0,0
BRDA:968,156,1,0
BRDA:969,157,0,0
BRDA:969,157,1,0
BRDA:978,158,0,0
BRDA:978,158,1,0
BRDA:979,159,0,0
BRDA:979,159,1,0
BRDA:981,160,0,0
BRDA:987,161,0,0
BRDA:987,161,1,0
BRDA:988,162,0,0
BRDA:988,162,1,0
BRDA:990,163,0,0
BRDA:997,164,0,0
BRDA:997,164,1,0
BRDA:1001,165,0,0
BRDA:1001,165,1,0
BRDA:1002,166,0,0
BRDA:1002,166,1,0
BRDA:1003,167,0,0
BRDA:1003,167,1,0
BRDA:1004,168,0,0
BRDA:1004,168,1,0
BRDA:1007,169,0,0
BRDA:1007,169,1,0
BRDA:1009,170,0,0
BRDA:1009,170,1,0
BRDA:1011,171,0,0
BRDA:1011,171,1,0
BRDA:1016,172,0,0
BRDA:1016,172,1,0
BRDA:1018,173,0,0
BRDA:1018,173,1,0
BRDA:1020,174,0,0
BRDA:1020,174,1,0
BRDA:1036,175,0,0
BRDA:1036,175,1,0
BRDA:1044,176,0,0
BRDA:1044,176,1,0
BRDA:1056,177,0,0
BRDA:1056,177,1,0
BRDA:1110,178,0,0
BRDA:1110,178,1,0
BRDA:1163,179,0,0
BRDA:1163,179,1,0
BRDA:1163,180,0,0
BRDA:1163,180,1,0
BRDA:1163,181,0,0
BRDA:1163,181,1,0
BRDA:1163,182,0,0
BRDA:1163,182,1,0
BRDA:1182,183,0,0
BRDA:1182,183,1,0
BRDA:1185,184,0,0
BRDA:1186,185,0,0
BRDA:1186,185,1,0
BRDA:1187,186,0,0
BRDA:1187,186,1,0
BRDA:1211,187,0,0
BRDA:1211,187,1,0
BRDA:1225,188,0,0
BRDA:1225,188,1,0
BRDA:1233,189,0,0
BRDA:1233,189,1,0
BRDA:1253,190,0,0
BRDA:1253,190,1,0
BRDA:1262,191,0,0
BRDA:1262,191,1,0
BRDA:1274,192,0,0
BRDA:1278,193,0,0
BRDA:1278,193,1,0
BRF:317
BRH:0
end_of_record
TN:
SF:src\app\categories\page.tsx
FN:3,CategoriesPage
FN:22,(anonymous_3)
FNF:2
FNH:0
FNDA:0,CategoriesPage
FNDA:0,(anonymous_3)
DA:1,0
DA:3,0
DA:4,0
DA:23,0
LF:4
LH:0
BRF:0
BRH:0
end_of_record
TN:
SF:src\app\discord-callback\loading.tsx
FN:1,DiscordCallbackLoading
FNF:1
FNH:0
FNDA:0,DiscordCallbackLoading
DA:1,0
DA:2,0
LF:2
LH:0
BRF:0
BRH:0
end_of_record
TN:
SF:src\app\discord-callback\page.tsx
FN:10,DiscordCallbackInner
FN:13,(anonymous_2)
FN:18,(anonymous_3)
FN:42,(anonymous_4)
FN:47,(anonymous_5)
FN:53,(anonymous_6)
FN:77,(anonymous_7)
FN:96,DiscordCallbackPage
FNF:8
FNH:0
FNDA:0,DiscordCallbackInner
FNDA:0,(anonymous_2)
FNDA:0,(anonymous_3)
FNDA:0,(anonymous_4)
FNDA:0,(anonymous_5)
FNDA:0,(anonymous_6)
FNDA:0,(anonymous_7)
FNDA:0,DiscordCallbackPage
DA:3,0
DA:4,0
DA:5,0
DA:6,0
DA:7,0
DA:8,0
DA:11,0
DA:12,0
DA:13,0
DA:14,0
DA:15,0
DA:16,0
DA:18,0
DA:19,0
DA:20,0
DA:21,0
DA:22,0
DA:23,0
DA:24,0
DA:26,0
DA:27,0
DA:28,0
DA:29,0
DA:30,0
DA:33,0
DA:34,0
DA:35,0
DA:36,0
DA:37,0
DA:39,0
DA:40,0
DA:43,0
DA:44,0
DA:45,0
DA:47,0
DA:50,0
DA:51,0
DA:53,0
DA:54,0
DA:55,0
DA:56,0
DA:57,0
DA:58,0
DA:59,0
DA:60,0
DA:61,0
DA:62,0
DA:64,0
DA:66,0
DA:77,0
DA:96,0
LF:51
LH:0
BRDA:19,0,0,0
BRDA:26,1,0,0
BRDA:33,2,0,0
BRDA:34,3,0,0
BRDA:34,4,0,0
BRDA:34,4,1,0
BRDA:44,5,0,0
BRDA:44,5,1,0
BRDA:55,6,0,0
BRDA:60,7,0,0
BRDA:60,7,1,0
BRDA:64,8,0,0
BRDA:64,8,1,0
BRDA:73,9,0,0
BRDA:72,10,0,0
BRDA:72,10,1,0
BRDA:86,11,0,0
BRDA:86,11,1,0
BRF:18
BRH:0
end_of_record
TN:
SF:src\app\explore\page.tsx
FN:3,ExplorePage
FN:21,(anonymous_3)
FNF:2
FNH:0
FNDA:0,ExplorePage
FNDA:0,(anonymous_3)
DA:1,0
DA:3,0
DA:4,0
DA:22,0
LF:4
LH:0
BRF:0
BRH:0
end_of_record
TN:
SF:src\app\facebook-callback\loading.tsx
FN:1,FacebookCallbackLoading
FNF:1
FNH:0
FNDA:0,FacebookCallbackLoading
DA:1,0
DA:2,0
LF:2
LH:0
BRF:0
BRH:0
end_of_record
TN:
SF:src\app\facebook-callback\page.tsx
FN:10,FacebookCallbackInner
FN:13,(anonymous_2)
FN:18,(anonymous_3)
FN:42,(anonymous_4)
FN:47,(anonymous_5)
FN:53,(anonymous_6)
FN:77,(anonymous_7)
FN:96,FacebookCallbackPage
FNF:8
FNH:0
FNDA:0,FacebookCallbackInner
FNDA:0,(anonymous_2)
FNDA:0,(anonymous_3)
FNDA:0,(anonymous_4)
FNDA:0,(anonymous_5)
FNDA:0,(anonymous_6)
FNDA:0,(anonymous_7)
FNDA:0,FacebookCallbackPage
DA:3,0
DA:4,0
DA:5,0
DA:6,0
DA:7,0
DA:8,0
DA:11,0
DA:12,0
DA:13,0
DA:14,0
DA:15,0
DA:16,0
DA:18,0
DA:19,0
DA:20,0
DA:21,0
DA:22,0
DA:23,0
DA:24,0
DA:26,0
DA:27,0
DA:28,0
DA:29,0
DA:30,0
DA:33,0
DA:34,0
DA:35,0
DA:36,0
DA:37,0
DA:39,0
DA:40,0
DA:43,0
DA:44,0
DA:45,0
DA:47,0
DA:50,0
DA:51,0
DA:53,0
DA:54,0
DA:55,0
DA:56,0
DA:57,0
DA:58,0
DA:59,0
DA:60,0
DA:61,0
DA:62,0
DA:64,0
DA:66,0
DA:77,0
DA:96,0
LF:51
LH:0
BRDA:19,0,0,0
BRDA:26,1,0,0
BRDA:33,2,0,0
BRDA:34,3,0,0
BRDA:34,4,0,0
BRDA:34,4,1,0
BRDA:44,5,0,0
BRDA:44,5,1,0
BRDA:55,6,0,0
BRDA:60,7,0,0
BRDA:60,7,1,0
BRDA:64,8,0,0
BRDA:64,8,1,0
BRDA:73,9,0,0
BRDA:72,10,0,0
BRDA:72,10,1,0
BRDA:86,11,0,0
BRDA:86,11,1,0
BRF:18
BRH:0
end_of_record
TN:
SF:src\app\github-callback\loading.tsx
FN:1,GithubCallbackLoading
FNF:1
FNH:0
FNDA:0,GithubCallbackLoading
DA:1,0
DA:2,0
LF:2
LH:0
BRF:0
BRH:0
end_of_record
TN:
SF:src\app\github-callback\page.tsx
FN:10,GithubCallbackInner
FN:13,(anonymous_2)
FN:18,(anonymous_3)
FN:42,(anonymous_4)
FN:47,(anonymous_5)
FN:53,(anonymous_6)
FN:77,(anonymous_7)
FN:96,GithubCallbackPage
FNF:8
FNH:0
FNDA:0,GithubCallbackInner
FNDA:0,(anonymous_2)
FNDA:0,(anonymous_3)
FNDA:0,(anonymous_4)
FNDA:0,(anonymous_5)
FNDA:0,(anonymous_6)
FNDA:0,(anonymous_7)
FNDA:0,GithubCallbackPage
DA:3,0
DA:4,0
DA:5,0
DA:6,0
DA:7,0
DA:8,0
DA:11,0
DA:12,0
DA:13,0
DA:14,0
DA:15,0
DA:16,0
DA:18,0
DA:19,0
DA:20,0
DA:21,0
DA:22,0
DA:23,0
DA:24,0
DA:26,0
DA:27,0
DA:28,0
DA:29,0
DA:30,0
DA:33,0
DA:34,0
DA:35,0
DA:36,0
DA:37,0
DA:39,0
DA:40,0
DA:43,0
DA:44,0
DA:45,0
DA:47,0
DA:50,0
DA:51,0
DA:53,0
DA:54,0
DA:55,0
DA:56,0
DA:57,0
DA:58,0
DA:59,0
DA:60,0
DA:61,0
DA:62,0
DA:64,0
DA:66,0
DA:77,0
DA:96,0
LF:51
LH:0
BRDA:19,0,0,0
BRDA:26,1,0,0
BRDA:33,2,0,0
BRDA:34,3,0,0
BRDA:34,4,0,0
BRDA:34,4,1,0
BRDA:44,5,0,0
BRDA:44,5,1,0
BRDA:55,6,0,0
BRDA:60,7,0,0
BRDA:60,7,1,0
BRDA:64,8,0,0
BRDA:64,8,1,0
BRDA:73,9,0,0
BRDA:72,10,0,0
BRDA:72,10,1,0
BRDA:86,11,0,0
BRDA:86,11,1,0
BRF:18
BRH:0
end_of_record
TN:
SF:src\app\google-callback\loading.tsx
FN:2,GoogleCallbackLoading
FNF:1
FNH:0
FNDA:0,GoogleCallbackLoading
DA:2,0
DA:3,0
LF:2
LH:0
BRF:0
BRH:0
end_of_record
TN:
SF:src\app\google-callback\page.tsx
FN:10,GoogleCallbackInner
FN:13,(anonymous_2)
FN:18,(anonymous_3)
FN:42,(anonymous_4)
FN:47,(anonymous_5)
FN:53,(anonymous_6)
FN:77,(anonymous_7)
FN:96,GoogleCallbackPage
FNF:8
FNH:0
FNDA:0,GoogleCallbackInner
FNDA:0,(anonymous_2)
FNDA:0,(anonymous_3)
FNDA:0,(anonymous_4)
FNDA:0,(anonymous_5)
FNDA:0,(anonymous_6)
FNDA:0,(anonymous_7)
FNDA:0,GoogleCallbackPage
DA:3,0
DA:4,0
DA:5,0
DA:6,0
DA:7,0
DA:8,0
DA:11,0
DA:12,0
DA:13,0
DA:14,0
DA:15,0
DA:16,0
DA:18,0
DA:19,0
DA:20,0
DA:21,0
DA:22,0
DA:23,0
DA:24,0
DA:26,0
DA:27,0
DA:28,0
DA:29,0
DA:30,0
DA:33,0
DA:34,0
DA:35,0
DA:36,0
DA:37,0
DA:39,0
DA:40,0
DA:43,0
DA:44,0
DA:45,0
DA:47,0
DA:50,0
DA:51,0
DA:53,0
DA:54,0
DA:55,0
DA:56,0
DA:57,0
DA:58,0
DA:59,0
DA:60,0
DA:61,0
DA:62,0
DA:64,0
DA:66,0
DA:77,0
DA:96,0
LF:51
LH:0
BRDA:19,0,0,0
BRDA:26,1,0,0
BRDA:33,2,0,0
BRDA:34,3,0,0
BRDA:34,4,0,0
BRDA:34,4,1,0
BRDA:44,5,0,0
BRDA:44,5,1,0
BRDA:55,6,0,0
BRDA:60,7,0,0
BRDA:60,7,1,0
BRDA:64,8,0,0
BRDA:64,8,1,0
BRDA:73,9,0,0
BRDA:72,10,0,0
BRDA:72,10,1,0
BRDA:86,11,0,0
BRDA:86,11,1,0
BRF:18
BRH:0
end_of_record
TN:
SF:src\app\help\sign-in\page.tsx
FN:5,SignInHelpPage
FNF:1
FNH:0
FNDA:0,SignInHelpPage
DA:3,0
DA:5,0
LF:2
LH:0
BRF:0
BRH:0
end_of_record
TN:
SF:src\app\login\page.tsx
FN:9,LoginPage
FN:12,(anonymous_2)
FN:13,(anonymous_3)
FN:14,(anonymous_4)
FN:15,(anonymous_5)
FNF:5
FNH:0
FNDA:0,LoginPage
FNDA:0,(anonymous_2)
FNDA:0,(anonymous_3)
FNDA:0,(anonymous_4)
FNDA:0,(anonymous_5)
DA:3,0
DA:4,0
DA:5,0
DA:6,0
DA:7,0
DA:9,0
DA:10,0
DA:11,0
DA:12,0
DA:13,0
DA:14,0
DA:15,0
DA:16,0
DA:17,0
DA:18,0
DA:19,0
DA:21,0
DA:23,0
DA:24,0
DA:26,0
DA:27,0
DA:29,0
LF:22
LH:0
BRDA:16,0,0,0
BRDA:17,1,0,0
BRDA:23,2,0,0
BRF:3
BRH:0
end_of_record
TN:
SF:src\app\profile\page.tsx
FN:65,ProfilePage
FN:69,(anonymous_6)
FN:105,(anonymous_7)
FN:107,(anonymous_8)
FN:111,(anonymous_9)
FN:120,(anonymous_10)
FN:121,(anonymous_11)
FN:122,(anonymous_12)
FN:126,(anonymous_13)
FN:127,(anonymous_14)
FN:128,(anonymous_15)
FN:129,(anonymous_16)
FN:130,(anonymous_17)
FN:138,(anonymous_19)
FN:146,(anonymous_20)
FN:147,(anonymous_21)
FN:155,(anonymous_22)
FN:158,(anonymous_23)
FN:160,(anonymous_24)
FN:162,(anonymous_25)
FN:165,(anonymous_26)
FN:169,(anonymous_27)
FN:172,(anonymous_28)
FN:175,(anonymous_29)
FN:179,(anonymous_30)
FN:180,(anonymous_31)
FN:183,(anonymous_32)
FN:190,(anonymous_33)
FN:190,(anonymous_34)
FN:194,(anonymous_35)
FN:194,(anonymous_36)
FN:201,(anonymous_37)
FN:207,(anonymous_38)
FN:213,(anonymous_39)
FN:218,(anonymous_40)
FN:219,(anonymous_41)
FN:229,(anonymous_42)
FN:231,(anonymous_43)
FN:233,(anonymous_44)
FN:238,(anonymous_45)
FN:240,(anonymous_46)
FN:252,(anonymous_47)
FN:333,(anonymous_49)
FN:443,(anonymous_50)
FN:446,(anonymous_51)
FN:473,(anonymous_52)
FN:505,(anonymous_53)
FN:515,(anonymous_54)
FN:536,(anonymous_55)
FN:550,(anonymous_56)
FN:551,(anonymous_57)
FN:552,(anonymous_58)
FN:556,(anonymous_59)
FN:578,(anonymous_60)
FN:604,(anonymous_61)
FN:619,(anonymous_62)
FN:651,(anonymous_63)
FN:701,(anonymous_64)
FN:704,(anonymous_65)
FN:713,(anonymous_66)
FN:719,(anonymous_67)
FN:720,(anonymous_68)
FN:721,(anonymous_69)
FN:735,(anonymous_70)
FN:758,(anonymous_71)
FN:761,(anonymous_72)
FN:770,(anonymous_73)
FN:776,(anonymous_74)
FN:777,(anonymous_75)
FN:788,(anonymous_76)
FN:811,(anonymous_77)
FN:814,(anonymous_78)
FN:823,(anonymous_79)
FN:829,(anonymous_80)
FN:830,(anonymous_81)
FN:831,(anonymous_82)
FN:844,(anonymous_83)
FN:867,(anonymous_84)
FN:870,(anonymous_85)
FN:879,(anonymous_86)
FN:885,(anonymous_87)
FN:886,(anonymous_88)
FN:887,(anonymous_89)
FN:900,(anonymous_90)
FN:923,(anonymous_91)
FN:926,(anonymous_92)
FN:939,(anonymous_93)
FN:945,(anonymous_94)
FN:949,(anonymous_95)
FN:960,(anonymous_96)
FN:1021,(anonymous_97)
FN:1080,(anonymous_98)
FN:1086,(anonymous_99)
FN:1088,(anonymous_100)
FN:1090,(anonymous_101)
FN:1244,(anonymous_102)
FNF:96
FNH:0
FNDA:0,ProfilePage
FNDA:0,(anonymous_6)
FNDA:0,(anonymous_7)
FNDA:0,(anonymous_8)
FNDA:0,(anonymous_9)
FNDA:0,(anonymous_10)
FNDA:0,(anonymous_11)
FNDA:0,(anonymous_12)
FNDA:0,(anonymous_13)
FNDA:0,(anonymous_14)
FNDA:0,(anonymous_15)
FNDA:0,(anonymous_16)
FNDA:0,(anonymous_17)
FNDA:0,(anonymous_19)
FNDA:0,(anonymous_20)
FNDA:0,(anonymous_21)
FNDA:0,(anonymous_22)
FNDA:0,(anonymous_23)
FNDA:0,(anonymous_24)
FNDA:0,(anonymous_25)
FNDA:0,(anonymous_26)
FNDA:0,(anonymous_27)
FNDA:0,(anonymous_28)
FNDA:0,(anonymous_29)
FNDA:0,(anonymous_30)
FNDA:0,(anonymous_31)
FNDA:0,(anonymous_32)
FNDA:0,(anonymous_33)
FNDA:0,(anonymous_34)
FNDA:0,(anonymous_35)
FNDA:0,(anonymous_36)
FNDA:0,(anonymous_37)
FNDA:0,(anonymous_38)
FNDA:0,(anonymous_39)
FNDA:0,(anonymous_40)
FNDA:0,(anonymous_41)
FNDA:0,(anonymous_42)
FNDA:0,(anonymous_43)
FNDA:0,(anonymous_44)
FNDA:0,(anonymous_45)
FNDA:0,(anonymous_46)
FNDA:0,(anonymous_47)
FNDA:0,(anonymous_49)
FNDA:0,(anonymous_50)
FNDA:0,(anonymous_51)
FNDA:0,(anonymous_52)
FNDA:0,(anonymous_53)
FNDA:0,(anonymous_54)
FNDA:0,(anonymous_55)
FNDA:0,(anonymous_56)
FNDA:0,(anonymous_57)
FNDA:0,(anonymous_58)
FNDA:0,(anonymous_59)
FNDA:0,(anonymous_60)
FNDA:0,(anonymous_61)
FNDA:0,(anonymous_62)
FNDA:0,(anonymous_63)
FNDA:0,(anonymous_64)
FNDA:0,(anonymous_65)
FNDA:0,(anonymous_66)
FNDA:0,(anonymous_67)
FNDA:0,(anonymous_68)
FNDA:0,(anonymous_69)
FNDA:0,(anonymous_70)
FNDA:0,(anonymous_71)
FNDA:0,(anonymous_72)
FNDA:0,(anonymous_73)
FNDA:0,(anonymous_74)
FNDA:0,(anonymous_75)
FNDA:0,(anonymous_76)
FNDA:0,(anonymous_77)
FNDA:0,(anonymous_78)
FNDA:0,(anonymous_79)
FNDA:0,(anonymous_80)
FNDA:0,(anonymous_81)
FNDA:0,(anonymous_82)
FNDA:0,(anonymous_83)
FNDA:0,(anonymous_84)
FNDA:0,(anonymous_85)
FNDA:0,(anonymous_86)
FNDA:0,(anonymous_87)
FNDA:0,(anonymous_88)
FNDA:0,(anonymous_89)
FNDA:0,(anonymous_90)
FNDA:0,(anonymous_91)
FNDA:0,(anonymous_92)
FNDA:0,(anonymous_93)
FNDA:0,(anonymous_94)
FNDA:0,(anonymous_95)
FNDA:0,(anonymous_96)
FNDA:0,(anonymous_97)
FNDA:0,(anonymous_98)
FNDA:0,(anonymous_99)
FNDA:0,(anonymous_100)
FNDA:0,(anonymous_101)
FNDA:0,(anonymous_102)
DA:3,0
DA:4,0
DA:5,0
DA:6,0
DA:7,0
DA:32,0
DA:33,0
DA:34,0
DA:35,0
DA:36,0
DA:37,0
DA:38,0
DA:39,0
DA:41,0
DA:42,0
DA:43,0
DA:44,0
DA:45,0
DA:46,0
DA:47,0
DA:48,0
DA:49,0
DA:50,0
DA:51,0
DA:52,0
DA:53,0
DA:61,0
DA:65,0
DA:66,0
DA:67,0
DA:68,0
DA:69,0
DA:70,0
DA:71,0
DA:72,0
DA:73,0
DA:74,0
DA:75,0
DA:76,0
DA:77,0
DA:79,0
DA:80,0
DA:81,0
DA:82,0
DA:83,0
DA:85,0
DA:86,0
DA:88,0
DA:96,0
DA:105,0
DA:106,0
DA:107,0
DA:108,0
DA:110,0
DA:111,0
DA:120,0
DA:121,0
DA:122,0
DA:126,0
DA:127,0
DA:128,0
DA:129,0
DA:130,0
DA:139,0
DA:146,0
DA:147,0
DA:148,0
DA:149,0
DA:150,0
DA:151,0
DA:154,0
DA:155,0
DA:158,0
DA:159,0
DA:160,0
DA:161,0
DA:165,0
DA:166,0
DA:167,0
DA:170,0
DA:175,0
DA:176,0
DA:177,0
DA:179,0
DA:183,0
DA:184,0
DA:185,0
DA:189,0
DA:190,0
DA:193,0
DA:194,0
DA:197,0
DA:198,0
DA:199,0
DA:201,0
DA:202,0
DA:203,0
DA:204,0
DA:205,0
DA:206,0
DA:207,0
DA:209,0
DA:213,0
DA:214,0
DA:215,0
DA:218,0
DA:219,0
DA:220,0
DA:222,0
DA:223,0
DA:224,0
DA:225,0
DA:229,0
DA:230,0
DA:231,0
DA:232,0
DA:233,0
DA:238,0
DA:239,0
DA:240,0
DA:245,0
DA:248,0
DA:252,0
DA:333,0
DA:444,0
DA:446,0
DA:474,0
DA:475,0
DA:476,0
DA:477,0
DA:478,0
DA:479,0
DA:480,0
DA:481,0
DA:482,0
DA:483,0
DA:484,0
DA:486,0
DA:489,0
DA:491,0
DA:505,0
DA:516,0
DA:517,0
DA:518,0
DA:519,0
DA:537,0
DA:538,0
DA:539,0
DA:540,0
DA:541,0
DA:542,0
DA:543,0
DA:544,0
DA:545,0
DA:546,0
DA:547,0
DA:548,0
DA:551,0
DA:552,0
DA:553,0
DA:554,0
DA:555,0
DA:556,0
DA:557,0
DA:558,0
DA:561,0
DA:562,0
DA:563,0
DA:564,0
DA:565,0
DA:566,0
DA:567,0
DA:569,0
DA:570,0
DA:571,0
DA:572,0
DA:573,0
DA:574,0
DA:575,0
DA:576,0
DA:579,0
DA:583,0
DA:584,0
DA:585,0
DA:587,0
DA:588,0
DA:589,0
DA:590,0
DA:591,0
DA:592,0
DA:593,0
DA:605,0
DA:606,0
DA:619,0
DA:652,0
DA:653,0
DA:701,0
DA:704,0
DA:714,0
DA:719,0
DA:735,0
DA:758,0
DA:761,0
DA:771,0
DA:776,0
DA:788,0
DA:811,0
DA:814,0
DA:824,0
DA:829,0
DA:844,0
DA:867,0
DA:870,0
DA:880,0
DA:885,0
DA:900,0
DA:923,0
DA:926,0
DA:940,0
DA:946,0
DA:947,0
DA:960,0
DA:1021,0
DA:1080,0
DA:1087,0
DA:1088,0
DA:1089,0
DA:1245,0
LF:228
LH:0
BRDA:106,0,0,0
BRDA:107,1,0,0
BRDA:107,1,1,0
BRDA:114,2,0,0
BRDA:114,2,1,0
BRDA:115,3,0,0
BRDA:115,3,1,0
BRDA:116,4,0,0
BRDA:116,4,1,0
BRDA:117,5,0,0
BRDA:117,5,1,0
BRDA:118,6,0,0
BRDA:118,6,1,0
BRDA:126,7,0,0
BRDA:129,8,0,0
BRDA:129,8,1,0
BRDA:134,9,0,0
BRDA:148,10,0,0
BRDA:150,11,0,0
BRDA:150,12,0,0
BRDA:150,12,1,0
BRDA:159,13,0,0
BRDA:161,14,0,0
BRDA:166,15,0,0
BRDA:170,16,0,0
BRDA:176,17,0,0
BRDA:184,18,0,0
BRDA:184,19,0,0
BRDA:184,19,1,0
BRDA:202,20,0,0
BRDA:202,20,1,0
BRDA:202,21,0,0
BRDA:202,21,1,0
BRDA:215,22,0,0
BRDA:215,22,1,0
BRDA:220,23,0,0
BRDA:220,23,1,0
BRDA:230,24,0,0
BRDA:230,24,1,0
BRDA:240,25,0,0
BRDA:240,25,1,0
BRDA:242,26,0,0
BRDA:242,26,1,0
BRDA:242,26,2,0
BRDA:242,26,3,0
BRDA:243,27,0,0
BRDA:243,27,1,0
BRDA:243,27,2,0
BRDA:248,28,0,0
BRDA:248,29,0,0
BRDA:248,29,1,0
BRDA:258,30,0,0
BRDA:270,31,0,0
BRDA:270,31,1,0
BRDA:270,31,2,0
BRDA:271,32,0,0
BRDA:271,32,1,0
BRDA:289,33,0,0
BRDA:289,33,1,0
BRDA:299,34,0,0
BRDA:308,35,0,0
BRDA:308,35,1,0
BRDA:308,35,2,0
BRDA:317,36,0,0
BRDA:317,36,1,0
BRDA:317,36,2,0
BRDA:319,37,0,0
BRDA:319,37,1,0
BRDA:320,38,0,0
BRDA:320,38,1,0
BRDA:328,39,0,0
BRDA:328,39,1,0
BRDA:339,40,0,0
BRDA:346,41,0,0
BRDA:356,42,0,0
BRDA:368,43,0,0
BRDA:368,43,1,0
BRDA:368,44,0,0
BRDA:368,44,1,0
BRDA:368,44,2,0
BRDA:384,45,0,0
BRDA:433,46,0,0
BRDA:449,47,0,0
BRDA:449,47,1,0
BRDA:454,48,0,0
BRDA:454,48,1,0
BRDA:454,49,0,0
BRDA:454,49,1,0
BRDA:466,50,0,0
BRDA:476,51,0,0
BRDA:476,52,0,0
BRDA:476,52,1,0
BRDA:480,53,0,0
BRDA:480,53,1,0
BRDA:482,54,0,0
BRDA:482,54,1,0
BRDA:489,55,0,0
BRDA:489,55,1,0
BRDA:508,56,0,0
BRDA:508,56,1,0
BRDA:524,57,0,0
BRDA:524,57,1,0
BRDA:526,58,0,0
BRDA:526,58,1,0
BRDA:527,59,0,0
BRDA:527,59,1,0
BRDA:528,60,0,0
BRDA:528,60,1,0
BRDA:529,61,0,0
BRDA:529,61,1,0
BRDA:531,62,0,0
BRDA:531,62,1,0
BRDA:538,63,0,0
BRDA:538,64,0,0
BRDA:538,64,1,0
BRDA:539,65,0,0
BRDA:539,66,0,0
BRDA:539,66,1,0
BRDA:540,67,0,0
BRDA:540,68,0,0
BRDA:540,68,1,0
BRDA:541,69,0,0
BRDA:541,70,0,0
BRDA:541,70,1,0
BRDA:542,71,0,0
BRDA:542,71,1,0
BRDA:543,72,0,0
BRDA:553,73,0,0
BRDA:555,74,0,0
BRDA:557,75,0,0
BRDA:557,76,0,0
BRDA:557,76,1,0
BRDA:561,77,0,0
BRDA:561,78,0,0
BRDA:561,78,1,0
BRDA:561,78,2,0
BRDA:569,79,0,0
BRDA:570,80,0,0
BRDA:570,80,1,0
BRDA:572,81,0,0
BRDA:578,82,0,0
BRDA:578,82,1,0
BRDA:579,83,0,0
BRDA:579,83,1,0
BRDA:580,84,0,0
BRDA:580,84,1,0
BRDA:581,85,0,0
BRDA:581,85,1,0
BRDA:581,86,0,0
BRDA:581,86,1,0
BRDA:583,87,0,0
BRDA:592,88,0,0
BRDA:592,88,1,0
BRDA:592,89,0,0
BRDA:592,89,1,0
BRDA:592,90,0,0
BRDA:592,90,1,0
BRDA:602,91,0,0
BRDA:615,92,0,0
BRDA:637,93,0,0
BRDA:649,94,0,0
BRDA:652,95,0,0
BRDA:652,95,1,0
BRDA:667,96,0,0
BRDA:687,97,0,0
BRDA:702,98,0,0
BRDA:702,98,1,0
BRDA:702,99,0,0
BRDA:702,99,1,0
BRDA:703,100,0,0
BRDA:710,101,0,0
BRDA:711,102,0,0
BRDA:711,102,1,0
BRDA:730,103,0,0
BRDA:730,103,1,0
BRDA:738,104,0,0
BRDA:738,104,1,0
BRDA:746,105,0,0
BRDA:759,106,0,0
BRDA:759,106,1,0
BRDA:759,107,0,0
BRDA:759,107,1,0
BRDA:760,108,0,0
BRDA:767,109,0,0
BRDA:768,110,0,0
BRDA:768,110,1,0
BRDA:783,111,0,0
BRDA:783,111,1,0
BRDA:791,112,0,0
BRDA:791,112,1,0
BRDA:799,113,0,0
BRDA:812,114,0,0
BRDA:812,114,1,0
BRDA:812,115,0,0
BRDA:812,115,1,0
BRDA:813,116,0,0
BRDA:820,117,0,0
BRDA:821,118,0,0
BRDA:821,118,1,0
BRDA:839,119,0,0
BRDA:839,119,1,0
BRDA:847,120,0,0
BRDA:847,120,1,0
BRDA:855,121,0,0
BRDA:868,122,0,0
BRDA:868,122,1,0
BRDA:868,123,0,0
BRDA:868,123,1,0
BRDA:869,124,0,0
BRDA:876,125,0,0
BRDA:877,126,0,0
BRDA:877,126,1,0
BRDA:895,127,0,0
BRDA:895,127,1,0
BRDA:903,128,0,0
BRDA:903,128,1,0
BRDA:911,129,0,0
BRDA:924,130,0,0
BRDA:924,130,1,0
BRDA:924,131,0,0
BRDA:924,131,1,0
BRDA:925,132,0,0
BRDA:932,133,0,0
BRDA:933,134,0,0
BRDA:933,134,1,0
BRDA:946,135,0,0
BRDA:946,135,1,0
BRDA:946,135,2,0
BRDA:947,136,0,0
BRDA:941,137,0,0
BRDA:941,137,1,0
BRDA:955,138,0,0
BRDA:955,138,1,0
BRDA:963,139,0,0
BRDA:963,139,1,0
BRDA:971,140,0,0
BRDA:1009,141,0,0
BRDA:1008,142,0,0
BRDA:1008,142,1,0
BRDA:1031,143,0,0
BRDA:1042,144,0,0
BRDA:1042,144,1,0
BRDA:1042,145,0,0
BRDA:1042,145,1,0
BRDA:1046,146,0,0
BRDA:1046,146,1,0
BRDA:1048,147,0,0
BRDA:1049,148,0,0
BRDA:1049,148,1,0
BRDA:1054,149,0,0
BRDA:1055,150,0,0
BRDA:1055,150,1,0
BRDA:1059,151,0,0
BRDA:1060,152,0,0
BRDA:1060,152,1,0
BRDA:1064,153,0,0
BRDA:1065,154,0,0
BRDA:1065,154,1,0
BRDA:1069,155,0,0
BRDA:1070,156,0,0
BRDA:1070,156,1,0
BRDA:1081,157,0,0
BRDA:1081,157,1,0
BRDA:1082,158,0,0
BRDA:1082,158,1,0
BRDA:1087,159,0,0
BRDA:1089,160,0,0
BRDA:1101,161,0,0
BRDA:1110,162,0,0
BRDA:1114,163,0,0
BRDA:1114,163,1,0
BRDA:1118,164,0,0
BRDA:1118,164,1,0
BRDA:1122,165,0,0
BRDA:1122,165,1,0
BRDA:1129,166,0,0
BRDA:1129,166,1,0
BRDA:1131,167,0,0
BRDA:1131,167,1,0
BRDA:1131,168,0,0
BRDA:1131,168,1,0
BRDA:1135,169,0,0
BRDA:1135,169,1,0
BRDA:1135,170,0,0
BRDA:1135,170,1,0
BRDA:1139,171,0,0
BRDA:1158,172,0,0
BRDA:1158,172,1,0
BRDA:1160,173,0,0
BRDA:1160,173,1,0
BRDA:1160,174,0,0
BRDA:1160,174,1,0
BRDA:1164,175,0,0
BRDA:1164,175,1,0
BRDA:1164,176,0,0
BRDA:1164,176,1,0
BRDA:1168,177,0,0
BRDA:1187,178,0,0
BRDA:1187,178,1,0
BRDA:1189,179,0,0
BRDA:1189,179,1,0
BRDA:1189,180,0,0
BRDA:1189,180,1,0
BRDA:1197,181,0,0
BRF:304
BRH:0
end_of_record
TN:
SF:src\app\profile\analytics\page.tsx
FN:32,ProfileAnalyticsPage
FN:39,(anonymous_5)
FN:46,(anonymous_6)
FN:50,(anonymous_7)
FN:51,(anonymous_8)
FN:54,(anonymous_9)
FN:55,(anonymous_10)
FN:88,(anonymous_11)
FN:91,(anonymous_12)
FN:106,(anonymous_13)
FN:149,(anonymous_14)
FN:239,MiniCard
FN:253,CompositionBar
FN:271,CustomTooltip
FNF:14
FNH:0
FNDA:0,ProfileAnalyticsPage
FNDA:0,(anonymous_5)
FNDA:0,(anonymous_6)
FNDA:0,(anonymous_7)
FNDA:0,(anonymous_8)
FNDA:0,(anonymous_9)
FNDA:0,(anonymous_10)
FNDA:0,(anonymous_11)
FNDA:0,(anonymous_12)
FNDA:0,(anonymous_13)
FNDA:0,(anonymous_14)
FNDA:0,MiniCard
FNDA:0,CompositionBar
FNDA:0,CustomTooltip
DA:3,0
DA:15,0
DA:24,0
DA:25,0
DA:26,0
DA:27,0
DA:28,0
DA:32,0
DA:33,0
DA:34,0
DA:35,0
DA:36,0
DA:37,0
DA:39,0
DA:40,0
DA:41,0
DA:42,0
DA:47,0
DA:48,0
DA:51,0
DA:54,0
DA:55,0
DA:62,0
DA:89,0
DA:91,0
DA:107,0
DA:150,0
DA:254,0
DA:272,0
DA:285,0
LF:30
LH:0
BRDA:40,0,0,0
BRDA:47,1,0,0
BRDA:48,2,0,0
BRDA:62,3,0,0
BRDA:94,4,0,0
BRDA:94,4,1,0
BRDA:105,5,0,0
BRDA:122,6,0,0
BRDA:122,6,1,0
BRDA:137,7,0,0
BRDA:137,7,1,0
BRDA:137,8,0,0
BRDA:137,8,1,0
BRDA:138,9,0,0
BRDA:138,9,1,0
BRDA:138,10,0,0
BRDA:138,10,1,0
BRDA:162,11,0,0
BRDA:272,12,0,0
BRDA:272,13,0,0
BRDA:272,13,1,0
BRDA:272,13,2,0
BRF:22
BRH:0
end_of_record
TN:
SF:src\app\settings\buttonStyles.ts
FNF:0
FNH:0
DA:7,0
DA:8,0
DA:10,0
DA:11,0
DA:14,0
DA:15,0
DA:18,0
DA:19,0
DA:22,0
DA:23,0
DA:26,0
DA:27,0
LF:12
LH:0
BRF:0
BRH:0
end_of_record
TN:
SF:src\app\settings\page.tsx
FN:100,SettingsSectionEmptyState
FN:173,SyntaxCardContent
FN:229,EditProfileContent
FN:252,(anonymous_8)
FN:266,(anonymous_9)
FN:281,(anonymous_10)
FN:283,(anonymous_11)
FN:287,(anonymous_12)
FN:290,(anonymous_13)
FN:293,(anonymous_14)
FN:295,(anonymous_15)
FN:298,(anonymous_16)
FN:308,(anonymous_17)
FN:318,(anonymous_18)
FN:319,(anonymous_19)
FN:327,(anonymous_20)
FN:329,(anonymous_21)
FN:376,(anonymous_22)
FN:387,(anonymous_23)
FN:399,(anonymous_24)
FN:409,(anonymous_25)
FN:418,(anonymous_26)
FN:431,(anonymous_27)
FN:448,(anonymous_28)
FN:497,(anonymous_29)
FN:519,(anonymous_30)
FN:540,(anonymous_31)
FN:546,(anonymous_32)
FN:560,(anonymous_33)
FN:574,(anonymous_34)
FN:591,(anonymous_35)
FN:594,(anonymous_36)
FN:594,(anonymous_37)
FN:597,(anonymous_38)
FN:597,(anonymous_39)
FN:600,(anonymous_40)
FN:600,(anonymous_41)
FN:603,(anonymous_42)
FN:603,(anonymous_43)
FN:606,(anonymous_44)
FN:606,(anonymous_45)
FN:614,(anonymous_46)
FN:615,(anonymous_47)
FN:615,(anonymous_48)
FN:624,(anonymous_49)
FN:628,(anonymous_50)
FN:652,(anonymous_51)
FN:677,(anonymous_52)
FN:717,(anonymous_53)
FN:729,(anonymous_54)
FN:756,(anonymous_55)
FN:767,SecurityEmailContent
FN:776,(anonymous_57)
FN:798,(anonymous_58)
FN:820,(anonymous_59)
FN:865,(anonymous_60)
FN:895,(anonymous_61)
FN:912,(anonymous_62)
FN:951,ConnectedAccountsContent
FN:956,(anonymous_64)
FN:963,(anonymous_65)
FN:970,(anonymous_66)
FN:1006,(anonymous_67)
FN:1066,(anonymous_68)
FN:1075,(anonymous_69)
FN:1090,StackToolIcon
FN:1101,(anonymous_71)
FN:1106,StackAndToolsContent
FN:1114,(anonymous_73)
FN:1117,(anonymous_74)
FN:1121,(anonymous_75)
FN:1131,(anonymous_76)
FN:1135,(anonymous_77)
FN:1147,(anonymous_78)
FN:1157,(anonymous_79)
FN:1160,(anonymous_80)
FN:1186,(anonymous_81)
FN:1201,(anonymous_82)
FN:1228,(anonymous_83)
FN:1233,(anonymous_84)
FN:1234,(anonymous_85)
FN:1234,(anonymous_86)
FN:1252,(anonymous_87)
FN:1256,(anonymous_88)
FN:1260,(anonymous_89)
FN:1315,(anonymous_90)
FN:1320,(anonymous_91)
FN:1322,(anonymous_92)
FN:1331,MySetupContent
FN:1343,(anonymous_94)
FN:1350,(anonymous_95)
FN:1407,(anonymous_96)
FN:1416,(anonymous_97)
FN:1426,(anonymous_98)
FN:1444,(anonymous_99)
FN:1465,(anonymous_100)
FN:1485,(anonymous_101)
FN:1492,(anonymous_102)
FN:1493,(anonymous_103)
FN:1496,(anonymous_104)
FN:1500,(anonymous_105)
FN:1503,(anonymous_106)
FN:1530,(anonymous_107)
FN:1532,(anonymous_108)
FN:1543,isImageUrl
FN:1547,domainFromUrl
FN:1559,MediaThumbnailRow
FN:1582,(anonymous_112)
FN:1692,(anonymous_113)
FN:1697,(anonymous_114)
FN:1698,(anonymous_115)
FN:1703,yearOptionsFrom
FN:1707,(anonymous_117)
FN:1710,monthYearToValue
FN:1714,valueToMonthYear
FN:1721,formatMonthYear
FN:1731,locationWithoutType
FN:1737,normalizeDomain
FN:1745,getFilledWorkExpPromotions
FN:1747,(anonymous_124)
FN:1748,(anonymous_125)
FN:1751,collectWorkExpRequiredFieldErrors
FN:1762,workExpEndDateFieldErrors
FN:1770,workExpMidPromotionNeedsEndDate
FN:1774,workExpPromotionValidationError
FN:1791,workExpJobEndAfterLatestPromotionMessage
FN:1795,(anonymous_131)
FN:1803,mapWorkExpPromotionsForSubmit
FN:1804,(anonymous_133)
FN:1807,(anonymous_134)
FN:1817,(anonymous_135)
FN:1819,(anonymous_136)
FN:1829,buildWorkExperienceProfileEntry
FN:1851,(anonymous_138)
FN:1853,(anonymous_139)
FN:1873,postSettingsLogoUpload
FN:1919,WorkExperiencesContent
FN:1923,(anonymous_142)
FN:1925,(anonymous_143)
FN:1926,(anonymous_144)
FN:1932,(anonymous_145)
FN:1933,(anonymous_146)
FN:1938,(anonymous_147)
FN:1980,(anonymous_148)
FN:1981,(anonymous_149)
FN:1982,(anonymous_150)
FN:1988,(anonymous_151)
FN:1991,(anonymous_152)
FN:2007,(anonymous_153)
FN:2034,(anonymous_154)
FN:2041,(anonymous_155)
FN:2061,(anonymous_156)
FN:2071,(anonymous_157)
FN:2072,(anonymous_158)
FN:2083,(anonymous_159)
FN:2107,(anonymous_160)
FN:2120,(anonymous_161)
FN:2126,(anonymous_162)
FN:2126,(anonymous_163)
FN:2131,(anonymous_164)
FN:2133,(anonymous_165)
FN:2151,(anonymous_166)
FN:2158,(anonymous_167)
FN:2159,(anonymous_168)
FN:2160,(anonymous_169)
FN:2174,(anonymous_170)
FN:2180,(anonymous_171)
FN:2184,(anonymous_172)
FN:2192,(anonymous_173)
FN:2210,(anonymous_174)
FN:2228,(anonymous_175)
FN:2228,(anonymous_176)
FN:2228,(anonymous_177)
FN:2234,(anonymous_178)
FN:2234,(anonymous_179)
FN:2234,(anonymous_180)
FN:2244,(anonymous_181)
FN:2244,(anonymous_182)
FN:2244,(anonymous_183)
FN:2245,(anonymous_184)
FN:2245,(anonymous_185)
FN:2250,(anonymous_186)
FN:2250,(anonymous_187)
FN:2257,(anonymous_188)
FN:2260,(anonymous_189)
FN:2266,(anonymous_190)
FN:2267,(anonymous_191)
FN:2271,(anonymous_192)
FN:2271,(anonymous_193)
FN:2283,(anonymous_194)
FN:2284,(anonymous_195)
FN:2287,(anonymous_196)
FN:2288,(anonymous_197)
FN:2303,(anonymous_198)
FN:2314,(anonymous_199)
FN:2314,(anonymous_200)
FN:2314,(anonymous_201)
FN:2320,(anonymous_202)
FN:2320,(anonymous_203)
FN:2320,(anonymous_204)
FN:2325,(anonymous_205)
FN:2325,(anonymous_206)
FN:2325,(anonymous_207)
FN:2331,(anonymous_208)
FN:2332,(anonymous_209)
FN:2334,(anonymous_210)
FN:2353,(anonymous_211)
FN:2353,(anonymous_212)
FN:2353,(anonymous_213)
FN:2359,(anonymous_214)
FN:2359,(anonymous_215)
FN:2359,(anonymous_216)
FN:2371,(anonymous_217)
FN:2375,(anonymous_218)
FN:2376,(anonymous_219)
FN:2376,(anonymous_220)
FN:2376,(anonymous_221)
FN:2376,(anonymous_222)
FN:2384,(anonymous_223)
FN:2388,(anonymous_224)
FN:2388,(anonymous_225)
FN:2396,(anonymous_226)
FN:2399,(anonymous_227)
FN:2408,(anonymous_228)
FN:2412,(anonymous_229)
FN:2414,(anonymous_230)
FN:2416,(anonymous_231)
FN:2419,(anonymous_232)
FN:2422,(anonymous_233)
FN:2422,(anonymous_234)
FN:2439,(anonymous_235)
FN:2439,(anonymous_236)
FN:2456,(anonymous_237)
FN:2456,(anonymous_238)
FN:2456,(anonymous_239)
FN:2466,(anonymous_240)
FN:2467,(anonymous_241)
FN:2473,(anonymous_242)
FN:2490,(anonymous_243)
FN:2490,(anonymous_244)
FN:2490,(anonymous_245)
FN:2501,(anonymous_246)
FN:2501,(anonymous_247)
FN:2501,(anonymous_248)
FN:2517,(anonymous_249)
FN:2517,(anonymous_250)
FN:2517,(anonymous_251)
FN:2528,(anonymous_252)
FN:2528,(anonymous_253)
FN:2537,(anonymous_254)
FN:2537,(anonymous_255)
FN:2547,(anonymous_256)
FN:2547,(anonymous_257)
FN:2558,(anonymous_258)
FN:2562,(anonymous_259)
FN:2563,(anonymous_260)
FN:2563,(anonymous_261)
FN:2563,(anonymous_262)
FN:2568,(anonymous_263)
FN:2575,(anonymous_264)
FN:2580,(anonymous_265)
FN:2580,(anonymous_266)
FN:2590,(anonymous_267)
FN:2602,(anonymous_268)
FN:2616,(anonymous_269)
FN:2623,(anonymous_270)
FN:2625,(anonymous_271)
FN:2629,(anonymous_272)
FN:2640,(anonymous_273)
FN:2643,(anonymous_274)
FN:2665,(anonymous_275)
FN:2667,(anonymous_276)
FN:2668,(anonymous_277)
FN:2674,(anonymous_278)
FN:2676,(anonymous_279)
FN:2678,(anonymous_280)
FN:2680,(anonymous_281)
FN:2692,(anonymous_282)
FN:2697,(anonymous_283)
FN:2697,(anonymous_284)
FN:2703,(anonymous_285)
FN:2710,(anonymous_286)
FN:2714,(anonymous_287)
FN:2717,(anonymous_288)
FN:2722,(anonymous_289)
FN:2729,(anonymous_290)
FN:2732,(anonymous_291)
FN:2732,(anonymous_292)
FN:2732,(anonymous_293)
FN:2779,EducationContent
FN:2783,(anonymous_295)
FN:2814,(anonymous_296)
FN:2815,(anonymous_297)
FN:2816,(anonymous_298)
FN:2818,(anonymous_299)
FN:2828,(anonymous_300)
FN:2829,(anonymous_301)
FN:2829,(anonymous_302)
FN:2849,(anonymous_303)
FN:2876,(anonymous_304)
FN:2886,(anonymous_305)
FN:2892,(anonymous_306)
FN:2892,(anonymous_307)
FN:2911,(anonymous_308)
FN:2918,(anonymous_309)
FN:2919,(anonymous_310)
FN:2929,(anonymous_311)
FN:2935,(anonymous_312)
FN:2939,(anonymous_313)
FN:2955,(anonymous_314)
FN:2967,(anonymous_315)
FN:2967,(anonymous_316)
FN:2967,(anonymous_317)
FN:2968,(anonymous_318)
FN:2968,(anonymous_319)
FN:2973,(anonymous_320)
FN:2973,(anonymous_321)
FN:2984,(anonymous_322)
FN:2998,(anonymous_323)
FN:3006,(anonymous_324)
FN:3015,(anonymous_325)
FN:3015,(anonymous_326)
FN:3027,(anonymous_327)
FN:3027,(anonymous_328)
FN:3027,(anonymous_329)
FN:3028,(anonymous_330)
FN:3028,(anonymous_331)
FN:3029,(anonymous_332)
FN:3029,(anonymous_333)
FN:3034,(anonymous_334)
FN:3034,(anonymous_335)
FN:3034,(anonymous_336)
FN:3040,(anonymous_337)
FN:3041,(anonymous_338)
FN:3047,(anonymous_339)
FN:3059,(anonymous_340)
FN:3059,(anonymous_341)
FN:3059,(anonymous_342)
FN:3065,(anonymous_343)
FN:3065,(anonymous_344)
FN:3065,(anonymous_345)
FN:3076,(anonymous_346)
FN:3076,(anonymous_347)
FN:3077,(anonymous_348)
FN:3077,(anonymous_349)
FN:3103,CertificationsContent
FN:3107,(anonymous_351)
FN:3124,(anonymous_352)
FN:3143,(anonymous_353)
FN:3144,(anonymous_354)
FN:3145,(anonymous_355)
FN:3149,(anonymous_356)
FN:3152,(anonymous_357)
FN:3153,(anonymous_358)
FN:3155,(anonymous_359)
FN:3165,(anonymous_360)
FN:3166,(anonymous_361)
FN:3166,(anonymous_362)
FN:3176,(anonymous_363)
FN:3185,(anonymous_364)
FN:3187,(anonymous_365)
FN:3189,(anonymous_366)
FN:3195,(anonymous_367)
FN:3195,(anonymous_368)
FN:3200,(anonymous_369)
FN:3221,(anonymous_370)
FN:3221,(anonymous_371)
FN:3223,(anonymous_372)
FN:3247,(anonymous_373)
FN:3254,(anonymous_374)
FN:3255,(anonymous_375)
FN:3256,(anonymous_376)
FN:3268,(anonymous_377)
FN:3274,(anonymous_378)
FN:3278,(anonymous_379)
FN:3285,(anonymous_380)
FN:3301,(anonymous_381)
FN:3308,(anonymous_382)
FN:3308,(anonymous_383)
FN:3308,(anonymous_384)
FN:3314,(anonymous_385)
FN:3314,(anonymous_386)
FN:3314,(anonymous_387)
FN:3325,(anonymous_388)
FN:3331,(anonymous_389)
FN:3332,(anonymous_390)
FN:3334,(anonymous_391)
FN:3334,(anonymous_392)
FN:3344,(anonymous_393)
FN:3344,(anonymous_394)
FN:3344,(anonymous_395)
FN:3350,(anonymous_396)
FN:3351,(anonymous_397)
FN:3357,(anonymous_398)
FN:3369,(anonymous_399)
FN:3369,(anonymous_400)
FN:3370,(anonymous_401)
FN:3370,(anonymous_402)
FN:3375,(anonymous_403)
FN:3375,(anonymous_404)
FN:3376,(anonymous_405)
FN:3376,(anonymous_406)
FN:3382,(anonymous_407)
FN:3389,(anonymous_408)
FN:3393,(anonymous_409)
FN:3396,(anonymous_410)
FN:3400,(anonymous_411)
FN:3404,(anonymous_412)
FN:3411,(anonymous_413)
FN:3414,(anonymous_414)
FN:3414,(anonymous_415)
FN:3414,(anonymous_416)
FN:3423,(anonymous_417)
FN:3427,(anonymous_418)
FN:3428,(anonymous_419)
FN:3428,(anonymous_420)
FN:3428,(anonymous_421)
FN:3435,(anonymous_422)
FN:3436,(anonymous_423)
FN:3436,(anonymous_424)
FN:3441,(anonymous_425)
FN:3442,(anonymous_426)
FN:3447,(anonymous_427)
FN:3449,(anonymous_428)
FN:3451,(anonymous_429)
FN:3453,(anonymous_430)
FN:3454,(anonymous_431)
FN:3454,(anonymous_432)
FN:3461,(anonymous_433)
FN:3461,(anonymous_434)
FN:3461,(anonymous_435)
FN:3462,(anonymous_436)
FN:3462,(anonymous_437)
FN:3492,ProjectsContent
FN:3497,(anonymous_439)
FN:3499,(anonymous_440)
FN:3500,(anonymous_441)
FN:3518,(anonymous_442)
FN:3535,(anonymous_443)
FN:3536,(anonymous_444)
FN:3537,(anonymous_445)
FN:3541,(anonymous_446)
FN:3544,(anonymous_447)
FN:3545,(anonymous_448)
FN:3547,(anonymous_449)
FN:3557,(anonymous_450)
FN:3558,(anonymous_451)
FN:3566,(anonymous_452)
FN:3583,(anonymous_453)
FN:3583,(anonymous_454)
FN:3586,(anonymous_455)
FN:3611,(anonymous_456)
FN:3617,(anonymous_457)
FN:3618,(anonymous_458)
FN:3619,(anonymous_459)
FN:3630,(anonymous_460)
FN:3636,(anonymous_461)
FN:3640,(anonymous_462)
FN:3647,(anonymous_463)
FN:3662,(anonymous_464)
FN:3662,(anonymous_465)
FN:3669,(anonymous_466)
FN:3669,(anonymous_467)
FN:3681,(anonymous_468)
FN:3688,(anonymous_469)
FN:3688,(anonymous_470)
FN:3688,(anonymous_471)
FN:3689,(anonymous_472)
FN:3689,(anonymous_473)
FN:3694,(anonymous_474)
FN:3694,(anonymous_475)
FN:3700,(anonymous_476)
FN:3700,(anonymous_477)
FN:3700,(anonymous_478)
FN:3701,(anonymous_479)
FN:3701,(anonymous_480)
FN:3708,(anonymous_481)
FN:3708,(anonymous_482)
FN:3709,(anonymous_483)
FN:3709,(anonymous_484)
FN:3714,(anonymous_485)
FN:3714,(anonymous_486)
FN:3719,(anonymous_487)
FN:3723,(anonymous_488)
FN:3724,(anonymous_489)
FN:3724,(anonymous_490)
FN:3724,(anonymous_491)
FN:3731,(anonymous_492)
FN:3732,(anonymous_493)
FN:3732,(anonymous_494)
FN:3737,(anonymous_495)
FN:3738,(anonymous_496)
FN:3743,(anonymous_497)
FN:3745,(anonymous_498)
FN:3747,(anonymous_499)
FN:3749,(anonymous_500)
FN:3750,(anonymous_501)
FN:3750,(anonymous_502)
FN:3757,(anonymous_503)
FN:3757,(anonymous_504)
FN:3757,(anonymous_505)
FN:3758,(anonymous_506)
FN:3758,(anonymous_507)
FN:3765,OpenSourceContent
FN:3785,(anonymous_509)
FN:3794,(anonymous_510)
FN:3806,(anonymous_511)
FN:3808,(anonymous_512)
FN:3817,(anonymous_513)
FN:3824,(anonymous_514)
FN:3834,(anonymous_515)
FN:3849,(anonymous_516)
FN:3850,(anonymous_517)
FN:3862,(anonymous_518)
FN:3865,(anonymous_519)
FN:3872,(anonymous_520)
FN:3884,(anonymous_521)
FN:3888,(anonymous_522)
FN:3894,(anonymous_523)
FN:3895,(anonymous_524)
FN:3903,(anonymous_525)
FN:3921,(anonymous_526)
FN:3922,(anonymous_527)
FN:3939,(anonymous_528)
FN:3957,(anonymous_529)
FN:3958,(anonymous_530)
FN:3968,(anonymous_531)
FN:3983,SkeletonBar
FN:3992,SidebarSkeleton
FN:4005,(anonymous_534)
FN:4016,ContentSkeleton
FN:4063,SettingsPage
FN:4068,(anonymous_537)
FN:4069,(anonymous_538)
FN:4079,(anonymous_539)
FN:4079,(anonymous_540)
FN:4079,(anonymous_541)
FN:4082,(anonymous_542)
FN:4084,(anonymous_543)
FN:4088,(anonymous_544)
FN:4091,(anonymous_545)
FN:4107,(anonymous_546)
FN:4111,(anonymous_547)
FN:4118,(anonymous_548)
FN:4120,(anonymous_549)
FN:4125,(anonymous_550)
FN:4129,(anonymous_551)
FN:4130,(anonymous_552)
FN:4132,(anonymous_553)
FN:4135,(anonymous_554)
FN:4136,(anonymous_555)
FN:4139,(anonymous_556)
FN:4140,(anonymous_557)
FN:4140,(anonymous_558)
FN:4183,(anonymous_559)
FN:4189,(anonymous_560)
FN:4210,(anonymous_561)
FN:4217,(anonymous_562)
FN:4239,(anonymous_563)
FNF:559
FNH:0
FNDA:0,SettingsSectionEmptyState
FNDA:0,SyntaxCardContent
FNDA:0,EditProfileContent
FNDA:0,(anonymous_8)
FNDA:0,(anonymous_9)
FNDA:0,(anonymous_10)
FNDA:0,(anonymous_11)
FNDA:0,(anonymous_12)
FNDA:0,(anonymous_13)
FNDA:0,(anonymous_14)
FNDA:0,(anonymous_15)
FNDA:0,(anonymous_16)
FNDA:0,(anonymous_17)
FNDA:0,(anonymous_18)
FNDA:0,(anonymous_19)
FNDA:0,(anonymous_20)
FNDA:0,(anonymous_21)
FNDA:0,(anonymous_22)
FNDA:0,(anonymous_23)
FNDA:0,(anonymous_24)
FNDA:0,(anonymous_25)
FNDA:0,(anonymous_26)
FNDA:0,(anonymous_27)
FNDA:0,(anonymous_28)
FNDA:0,(anonymous_29)
FNDA:0,(anonymous_30)
FNDA:0,(anonymous_31)
FNDA:0,(anonymous_32)
FNDA:0,(anonymous_33)
FNDA:0,(anonymous_34)
FNDA:0,(anonymous_35)
FNDA:0,(anonymous_36)
FNDA:0,(anonymous_37)
FNDA:0,(anonymous_38)
FNDA:0,(anonymous_39)
FNDA:0,(anonymous_40)
FNDA:0,(anonymous_41)
FNDA:0,(anonymous_42)
FNDA:0,(anonymous_43)
FNDA:0,(anonymous_44)
FNDA:0,(anonymous_45)
FNDA:0,(anonymous_46)
FNDA:0,(anonymous_47)
FNDA:0,(anonymous_48)
FNDA:0,(anonymous_49)
FNDA:0,(anonymous_50)
FNDA:0,(anonymous_51)
FNDA:0,(anonymous_52)
FNDA:0,(anonymous_53)
FNDA:0,(anonymous_54)
FNDA:0,(anonymous_55)
FNDA:0,SecurityEmailContent
FNDA:0,(anonymous_57)
FNDA:0,(anonymous_58)
FNDA:0,(anonymous_59)
FNDA:0,(anonymous_60)
FNDA:0,(anonymous_61)
FNDA:0,(anonymous_62)
FNDA:0,ConnectedAccountsContent
FNDA:0,(anonymous_64)
FNDA:0,(anonymous_65)
FNDA:0,(anonymous_66)
FNDA:0,(anonymous_67)
FNDA:0,(anonymous_68)
FNDA:0,(anonymous_69)
FNDA:0,StackToolIcon
FNDA:0,(anonymous_71)
FNDA:0,StackAndToolsContent
FNDA:0,(anonymous_73)
FNDA:0,(anonymous_74)
FNDA:0,(anonymous_75)
FNDA:0,(anonymous_76)
FNDA:0,(anonymous_77)
FNDA:0,(anonymous_78)
FNDA:0,(anonymous_79)
FNDA:0,(anonymous_80)
FNDA:0,(anonymous_81)
FNDA:0,(anonymous_82)
FNDA:0,(anonymous_83)
FNDA:0,(anonymous_84)
FNDA:0,(anonymous_85)
FNDA:0,(anonymous_86)
FNDA:0,(anonymous_87)
FNDA:0,(anonymous_88)
FNDA:0,(anonymous_89)
FNDA:0,(anonymous_90)
FNDA:0,(anonymous_91)
FNDA:0,(anonymous_92)
FNDA:0,MySetupContent
FNDA:0,(anonymous_94)
FNDA:0,(anonymous_95)
FNDA:0,(anonymous_96)
FNDA:0,(anonymous_97)
FNDA:0,(anonymous_98)
FNDA:0,(anonymous_99)
FNDA:0,(anonymous_100)
FNDA:0,(anonymous_101)
FNDA:0,(anonymous_102)
FNDA:0,(anonymous_103)
FNDA:0,(anonymous_104)
FNDA:0,(anonymous_105)
FNDA:0,(anonymous_106)
FNDA:0,(anonymous_107)
FNDA:0,(anonymous_108)
FNDA:0,isImageUrl
FNDA:0,domainFromUrl
FNDA:0,MediaThumbnailRow
FNDA:0,(anonymous_112)
FNDA:0,(anonymous_113)
FNDA:0,(anonymous_114)
FNDA:0,(anonymous_115)
FNDA:0,yearOptionsFrom
FNDA:0,(anonymous_117)
FNDA:0,monthYearToValue
FNDA:0,valueToMonthYear
FNDA:0,formatMonthYear
FNDA:0,locationWithoutType
FNDA:0,normalizeDomain
FNDA:0,getFilledWorkExpPromotions
FNDA:0,(anonymous_124)
FNDA:0,(anonymous_125)
FNDA:0,collectWorkExpRequiredFieldErrors
FNDA:0,workExpEndDateFieldErrors
FNDA:0,workExpMidPromotionNeedsEndDate
FNDA:0,workExpPromotionValidationError
FNDA:0,workExpJobEndAfterLatestPromotionMessage
FNDA:0,(anonymous_131)
FNDA:0,mapWorkExpPromotionsForSubmit
FNDA:0,(anonymous_133)
FNDA:0,(anonymous_134)
FNDA:0,(anonymous_135)
FNDA:0,(anonymous_136)
FNDA:0,buildWorkExperienceProfileEntry
FNDA:0,(anonymous_138)
FNDA:0,(anonymous_139)
FNDA:0,postSettingsLogoUpload
FNDA:0,WorkExperiencesContent
FNDA:0,(anonymous_142)
FNDA:0,(anonymous_143)
FNDA:0,(anonymous_144)
FNDA:0,(anonymous_145)
FNDA:0,(anonymous_146)
FNDA:0,(anonymous_147)
FNDA:0,(anonymous_148)
FNDA:0,(anonymous_149)
FNDA:0,(anonymous_150)
FNDA:0,(anonymous_151)
FNDA:0,(anonymous_152)
FNDA:0,(anonymous_153)
FNDA:0,(anonymous_154)
FNDA:0,(anonymous_155)
FNDA:0,(anonymous_156)
FNDA:0,(anonymous_157)
FNDA:0,(anonymous_158)
FNDA:0,(anonymous_159)
FNDA:0,(anonymous_160)
FNDA:0,(anonymous_161)
FNDA:0,(anonymous_162)
FNDA:0,(anonymous_163)
FNDA:0,(anonymous_164)
FNDA:0,(anonymous_165)
FNDA:0,(anonymous_166)
FNDA:0,(anonymous_167)
FNDA:0,(anonymous_168)
FNDA:0,(anonymous_169)
FNDA:0,(anonymous_170)
FNDA:0,(anonymous_171)
FNDA:0,(anonymous_172)
FNDA:0,(anonymous_173)
FNDA:0,(anonymous_174)
FNDA:0,(anonymous_175)
FNDA:0,(anonymous_176)
FNDA:0,(anonymous_177)
FNDA:0,(anonymous_178)
FNDA:0,(anonymous_179)
FNDA:0,(anonymous_180)
FNDA:0,(anonymous_181)
FNDA:0,(anonymous_182)
FNDA:0,(anonymous_183)
FNDA:0,(anonymous_184)
FNDA:0,(anonymous_185)
FNDA:0,(anonymous_186)
FNDA:0,(anonymous_187)
FNDA:0,(anonymous_188)
FNDA:0,(anonymous_189)
FNDA:0,(anonymous_190)
FNDA:0,(anonymous_191)
FNDA:0,(anonymous_192)
FNDA:0,(anonymous_193)
FNDA:0,(anonymous_194)
FNDA:0,(anonymous_195)
FNDA:0,(anonymous_196)
FNDA:0,(anonymous_197)
FNDA:0,(anonymous_198)
FNDA:0,(anonymous_199)
FNDA:0,(anonymous_200)
FNDA:0,(anonymous_201)
FNDA:0,(anonymous_202)
FNDA:0,(anonymous_203)
FNDA:0,(anonymous_204)
FNDA:0,(anonymous_205)
FNDA:0,(anonymous_206)
FNDA:0,(anonymous_207)
FNDA:0,(anonymous_208)
FNDA:0,(anonymous_209)
FNDA:0,(anonymous_210)
FNDA:0,(anonymous_211)
FNDA:0,(anonymous_212)
FNDA:0,(anonymous_213)
FNDA:0,(anonymous_214)
FNDA:0,(anonymous_215)
FNDA:0,(anonymous_216)
FNDA:0,(anonymous_217)
FNDA:0,(anonymous_218)
FNDA:0,(anonymous_219)
FNDA:0,(anonymous_220)
FNDA:0,(anonymous_221)
FNDA:0,(anonymous_222)
FNDA:0,(anonymous_223)
FNDA:0,(anonymous_224)
FNDA:0,(anonymous_225)
FNDA:0,(anonymous_226)
FNDA:0,(anonymous_227)
FNDA:0,(anonymous_228)
FNDA:0,(anonymous_229)
FNDA:0,(anonymous_230)
FNDA:0,(anonymous_231)
FNDA:0,(anonymous_232)
FNDA:0,(anonymous_233)
FNDA:0,(anonymous_234)
FNDA:0,(anonymous_235)
FNDA:0,(anonymous_236)
FNDA:0,(anonymous_237)
FNDA:0,(anonymous_238)
FNDA:0,(anonymous_239)
FNDA:0,(anonymous_240)
FNDA:0,(anonymous_241)
FNDA:0,(anonymous_242)
FNDA:0,(anonymous_243)
FNDA:0,(anonymous_244)
FNDA:0,(anonymous_245)
FNDA:0,(anonymous_246)
FNDA:0,(anonymous_247)
FNDA:0,(anonymous_248)
FNDA:0,(anonymous_249)
FNDA:0,(anonymous_250)
FNDA:0,(anonymous_251)
FNDA:0,(anonymous_252)
FNDA:0,(anonymous_253)
FNDA:0,(anonymous_254)
FNDA:0,(anonymous_255)
FNDA:0,(anonymous_256)
FNDA:0,(anonymous_257)
FNDA:0,(anonymous_258)
FNDA:0,(anonymous_259)
FNDA:0,(anonymous_260)
FNDA:0,(anonymous_261)
FNDA:0,(anonymous_262)
FNDA:0,(anonymous_263)
FNDA:0,(anonymous_264)
FNDA:0,(anonymous_265)
FNDA:0,(anonymous_266)
FNDA:0,(anonymous_267)
FNDA:0,(anonymous_268)
FNDA:0,(anonymous_269)
FNDA:0,(anonymous_270)
FNDA:0,(anonymous_271)
FNDA:0,(anonymous_272)
FNDA:0,(anonymous_273)
FNDA:0,(anonymous_274)
FNDA:0,(anonymous_275)
FNDA:0,(anonymous_276)
FNDA:0,(anonymous_277)
FNDA:0,(anonymous_278)
FNDA:0,(anonymous_279)
FNDA:0,(anonymous_280)
FNDA:0,(anonymous_281)
FNDA:0,(anonymous_282)
FNDA:0,(anonymous_283)
FNDA:0,(anonymous_284)
FNDA:0,(anonymous_285)
FNDA:0,(anonymous_286)
FNDA:0,(anonymous_287)
FNDA:0,(anonymous_288)
FNDA:0,(anonymous_289)
FNDA:0,(anonymous_290)
FNDA:0,(anonymous_291)
FNDA:0,(anonymous_292)
FNDA:0,(anonymous_293)
FNDA:0,EducationContent
FNDA:0,(anonymous_295)
FNDA:0,(anonymous_296)
FNDA:0,(anonymous_297)
FNDA:0,(anonymous_298)
FNDA:0,(anonymous_299)
FNDA:0,(anonymous_300)
FNDA:0,(anonymous_301)
FNDA:0,(anonymous_302)
FNDA:0,(anonymous_303)
FNDA:0,(anonymous_304)
FNDA:0,(anonymous_305)
FNDA:0,(anonymous_306)
FNDA:0,(anonymous_307)
FNDA:0,(anonymous_308)
FNDA:0,(anonymous_309)
FNDA:0,(anonymous_310)
FNDA:0,(anonymous_311)
FNDA:0,(anonymous_312)
FNDA:0,(anonymous_313)
FNDA:0,(anonymous_314)
FNDA:0,(anonymous_315)
FNDA:0,(anonymous_316)
FNDA:0,(anonymous_317)
FNDA:0,(anonymous_318)
FNDA:0,(anonymous_319)
FNDA:0,(anonymous_320)
FNDA:0,(anonymous_321)
FNDA:0,(anonymous_322)
FNDA:0,(anonymous_323)
FNDA:0,(anonymous_324)
FNDA:0,(anonymous_325)
FNDA:0,(anonymous_326)
FNDA:0,(anonymous_327)
FNDA:0,(anonymous_328)
FNDA:0,(anonymous_329)
FNDA:0,(anonymous_330)
FNDA:0,(anonymous_331)
FNDA:0,(anonymous_332)
FNDA:0,(anonymous_333)
FNDA:0,(anonymous_334)
FNDA:0,(anonymous_335)
FNDA:0,(anonymous_336)
FNDA:0,(anonymous_337)
FNDA:0,(anonymous_338)
FNDA:0,(anonymous_339)
FNDA:0,(anonymous_340)
FNDA:0,(anonymous_341)
FNDA:0,(anonymous_342)
FNDA:0,(anonymous_343)
FNDA:0,(anonymous_344)
FNDA:0,(anonymous_345)
FNDA:0,(anonymous_346)
FNDA:0,(anonymous_347)
FNDA:0,(anonymous_348)
FNDA:0,(anonymous_349)
FNDA:0,CertificationsContent
FNDA:0,(anonymous_351)
FNDA:0,(anonymous_352)
FNDA:0,(anonymous_353)
FNDA:0,(anonymous_354)
FNDA:0,(anonymous_355)
FNDA:0,(anonymous_356)
FNDA:0,(anonymous_357)
FNDA:0,(anonymous_358)
FNDA:0,(anonymous_359)
FNDA:0,(anonymous_360)
FNDA:0,(anonymous_361)
FNDA:0,(anonymous_362)
FNDA:0,(anonymous_363)
FNDA:0,(anonymous_364)
FNDA:0,(anonymous_365)
FNDA:0,(anonymous_366)
FNDA:0,(anonymous_367)
FNDA:0,(anonymous_368)
FNDA:0,(anonymous_369)
FNDA:0,(anonymous_370)
FNDA:0,(anonymous_371)
FNDA:0,(anonymous_372)
FNDA:0,(anonymous_373)
FNDA:0,(anonymous_374)
FNDA:0,(anonymous_375)
FNDA:0,(anonymous_376)
FNDA:0,(anonymous_377)
FNDA:0,(anonymous_378)
FNDA:0,(anonymous_379)
FNDA:0,(anonymous_380)
FNDA:0,(anonymous_381)
FNDA:0,(anonymous_382)
FNDA:0,(anonymous_383)
FNDA:0,(anonymous_384)
FNDA:0,(anonymous_385)
FNDA:0,(anonymous_386)
FNDA:0,(anonymous_387)
FNDA:0,(anonymous_388)
FNDA:0,(anonymous_389)
FNDA:0,(anonymous_390)
FNDA:0,(anonymous_391)
FNDA:0,(anonymous_392)
FNDA:0,(anonymous_393)
FNDA:0,(anonymous_394)
FNDA:0,(anonymous_395)
FNDA:0,(anonymous_396)
FNDA:0,(anonymous_397)
FNDA:0,(anonymous_398)
FNDA:0,(anonymous_399)
FNDA:0,(anonymous_400)
FNDA:0,(anonymous_401)
FNDA:0,(anonymous_402)
FNDA:0,(anonymous_403)
FNDA:0,(anonymous_404)
FNDA:0,(anonymous_405)
FNDA:0,(anonymous_406)
FNDA:0,(anonymous_407)
FNDA:0,(anonymous_408)
FNDA:0,(anonymous_409)
FNDA:0,(anonymous_410)
FNDA:0,(anonymous_411)
FNDA:0,(anonymous_412)
FNDA:0,(anonymous_413)
FNDA:0,(anonymous_414)
FNDA:0,(anonymous_415)
FNDA:0,(anonymous_416)
FNDA:0,(anonymous_417)
FNDA:0,(anonymous_418)
FNDA:0,(anonymous_419)
FNDA:0,(anonymous_420)
FNDA:0,(anonymous_421)
FNDA:0,(anonymous_422)
FNDA:0,(anonymous_423)
FNDA:0,(anonymous_424)
FNDA:0,(anonymous_425)
FNDA:0,(anonymous_426)
FNDA:0,(anonymous_427)
FNDA:0,(anonymous_428)
FNDA:0,(anonymous_429)
FNDA:0,(anonymous_430)
FNDA:0,(anonymous_431)
FNDA:0,(anonymous_432)
FNDA:0,(anonymous_433)
FNDA:0,(anonymous_434)
FNDA:0,(anonymous_435)
FNDA:0,(anonymous_436)
FNDA:0,(anonymous_437)
FNDA:0,ProjectsContent
FNDA:0,(anonymous_439)
FNDA:0,(anonymous_440)
FNDA:0,(anonymous_441)
FNDA:0,(anonymous_442)
FNDA:0,(anonymous_443)
FNDA:0,(anonymous_444)
FNDA:0,(anonymous_445)
FNDA:0,(anonymous_446)
FNDA:0,(anonymous_447)
FNDA:0,(anonymous_448)
FNDA:0,(anonymous_449)
FNDA:0,(anonymous_450)
FNDA:0,(anonymous_451)
FNDA:0,(anonymous_452)
FNDA:0,(anonymous_453)
FNDA:0,(anonymous_454)
FNDA:0,(anonymous_455)
FNDA:0,(anonymous_456)
FNDA:0,(anonymous_457)
FNDA:0,(anonymous_458)
FNDA:0,(anonymous_459)
FNDA:0,(anonymous_460)
FNDA:0,(anonymous_461)
FNDA:0,(anonymous_462)
FNDA:0,(anonymous_463)
FNDA:0,(anonymous_464)
FNDA:0,(anonymous_465)
FNDA:0,(anonymous_466)
FNDA:0,(anonymous_467)
FNDA:0,(anonymous_468)
FNDA:0,(anonymous_469)
FNDA:0,(anonymous_470)
FNDA:0,(anonymous_471)
FNDA:0,(anonymous_472)
FNDA:0,(anonymous_473)
FNDA:0,(anonymous_474)
FNDA:0,(anonymous_475)
FNDA:0,(anonymous_476)
FNDA:0,(anonymous_477)
FNDA:0,(anonymous_478)
FNDA:0,(anonymous_479)
FNDA:0,(anonymous_480)
FNDA:0,(anonymous_481)
FNDA:0,(anonymous_482)
FNDA:0,(anonymous_483)
FNDA:0,(anonymous_484)
FNDA:0,(anonymous_485)
FNDA:0,(anonymous_486)
FNDA:0,(anonymous_487)
FNDA:0,(anonymous_488)
FNDA:0,(anonymous_489)
FNDA:0,(anonymous_490)
FNDA:0,(anonymous_491)
FNDA:0,(anonymous_492)
FNDA:0,(anonymous_493)
FNDA:0,(anonymous_494)
FNDA:0,(anonymous_495)
FNDA:0,(anonymous_496)
FNDA:0,(anonymous_497)
FNDA:0,(anonymous_498)
FNDA:0,(anonymous_499)
FNDA:0,(anonymous_500)
FNDA:0,(anonymous_501)
FNDA:0,(anonymous_502)
FNDA:0,(anonymous_503)
FNDA:0,(anonymous_504)
FNDA:0,(anonymous_505)
FNDA:0,(anonymous_506)
FNDA:0,(anonymous_507)
FNDA:0,OpenSourceContent
FNDA:0,(anonymous_509)
FNDA:0,(anonymous_510)
FNDA:0,(anonymous_511)
FNDA:0,(anonymous_512)
FNDA:0,(anonymous_513)
FNDA:0,(anonymous_514)
FNDA:0,(anonymous_515)
FNDA:0,(anonymous_516)
FNDA:0,(anonymous_517)
FNDA:0,(anonymous_518)
FNDA:0,(anonymous_519)
FNDA:0,(anonymous_520)
FNDA:0,(anonymous_521)
FNDA:0,(anonymous_522)
FNDA:0,(anonymous_523)
FNDA:0,(anonymous_524)
FNDA:0,(anonymous_525)
FNDA:0,(anonymous_526)
FNDA:0,(anonymous_527)
FNDA:0,(anonymous_528)
FNDA:0,(anonymous_529)
FNDA:0,(anonymous_530)
FNDA:0,(anonymous_531)
FNDA:0,SkeletonBar
FNDA:0,SidebarSkeleton
FNDA:0,(anonymous_534)
FNDA:0,ContentSkeleton
FNDA:0,SettingsPage
FNDA:0,(anonymous_537)
FNDA:0,(anonymous_538)
FNDA:0,(anonymous_539)
FNDA:0,(anonymous_540)
FNDA:0,(anonymous_541)
FNDA:0,(anonymous_542)
FNDA:0,(anonymous_543)
FNDA:0,(anonymous_544)
FNDA:0,(anonymous_545)
FNDA:0,(anonymous_546)
FNDA:0,(anonymous_547)
FNDA:0,(anonymous_548)
FNDA:0,(anonymous_549)
FNDA:0,(anonymous_550)
FNDA:0,(anonymous_551)
FNDA:0,(anonymous_552)
FNDA:0,(anonymous_553)
FNDA:0,(anonymous_554)
FNDA:0,(anonymous_555)
FNDA:0,(anonymous_556)
FNDA:0,(anonymous_557)
FNDA:0,(anonymous_558)
FNDA:0,(anonymous_559)
FNDA:0,(anonymous_560)
FNDA:0,(anonymous_561)
FNDA:0,(anonymous_562)
FNDA:0,(anonymous_563)
DA:3,0
DA:4,0
DA:5,0
DA:6,0
DA:50,0
DA:51,0
DA:52,0
DA:53,0
DA:62,0
DA:63,0
DA:64,0
DA:65,0
DA:66,0
DA:67,0
DA:68,0
DA:69,0
DA:70,0
DA:71,0
DA:72,0
DA:73,0
DA:74,0
DA:75,0
DA:76,0
DA:77,0
DA:78,0
DA:79,0
DA:80,0
DA:81,0
DA:82,0
DA:84,0
DA:131,0
DA:161,0
DA:230,0
DA:231,0
DA:232,0
DA:233,0
DA:234,0
DA:235,0
DA:236,0
DA:237,0
DA:238,0
DA:239,0
DA:240,0
DA:241,0
DA:242,0
DA:243,0
DA:244,0
DA:245,0
DA:246,0
DA:247,0
DA:248,0
DA:249,0
DA:250,0
DA:252,0
DA:253,0
DA:254,0
DA:255,0
DA:256,0
DA:257,0
DA:259,0
DA:266,0
DA:267,0
DA:268,0
DA:269,0
DA:270,0
DA:271,0
DA:272,0
DA:273,0
DA:274,0
DA:275,0
DA:276,0
DA:277,0
DA:278,0
DA:281,0
DA:282,0
DA:283,0
DA:284,0
DA:286,0
DA:287,0
DA:290,0
DA:291,0
DA:292,0
DA:293,0
DA:294,0
DA:295,0
DA:298,0
DA:299,0
DA:300,0
DA:301,0
DA:302,0
DA:308,0
DA:309,0
DA:310,0
DA:311,0
DA:312,0
DA:318,0
DA:319,0
DA:320,0
DA:321,0
DA:322,0
DA:323,0
DA:324,0
DA:327,0
DA:328,0
DA:329,0
DA:330,0
DA:331,0
DA:332,0
DA:334,0
DA:335,0
DA:336,0
DA:337,0
DA:338,0
DA:339,0
DA:341,0
DA:342,0
DA:343,0
DA:344,0
DA:345,0
DA:347,0
DA:348,0
DA:349,0
DA:350,0
DA:351,0
DA:353,0
DA:354,0
DA:355,0
DA:356,0
DA:357,0
DA:359,0
DA:360,0
DA:361,0
DA:362,0
DA:364,0
DA:365,0
DA:366,0
DA:368,0
DA:370,0
DA:371,0
DA:374,0
DA:376,0
DA:377,0
DA:378,0
DA:379,0
DA:380,0
DA:381,0
DA:382,0
DA:383,0
DA:384,0
DA:387,0
DA:388,0
DA:389,0
DA:390,0
DA:391,0
DA:392,0
DA:393,0
DA:394,0
DA:397,0
DA:399,0
DA:400,0
DA:401,0
DA:402,0
DA:403,0
DA:404,0
DA:405,0
DA:406,0
DA:409,0
DA:410,0
DA:411,0
DA:412,0
DA:413,0
DA:415,0
DA:418,0
DA:419,0
DA:420,0
DA:421,0
DA:422,0
DA:423,0
DA:424,0
DA:425,0
DA:427,0
DA:428,0
DA:431,0
DA:432,0
DA:433,0
DA:434,0
DA:435,0
DA:436,0
DA:437,0
DA:438,0
DA:439,0
DA:440,0
DA:441,0
DA:443,0
DA:444,0
DA:448,0
DA:449,0
DA:450,0
DA:451,0
DA:452,0
DA:464,0
DA:466,0
DA:468,0
DA:471,0
DA:497,0
DA:519,0
DA:540,0
DA:546,0
DA:560,0
DA:574,0
DA:594,0
DA:597,0
DA:600,0
DA:603,0
DA:606,0
DA:614,0
DA:615,0
DA:625,0
DA:628,0
DA:652,0
DA:677,0
DA:718,0
DA:729,0
DA:756,0
DA:768,0
DA:769,0
DA:770,0
DA:771,0
DA:772,0
DA:773,0
DA:774,0
DA:776,0
DA:777,0
DA:778,0
DA:779,0
DA:780,0
DA:782,0
DA:783,0
DA:784,0
DA:786,0
DA:787,0
DA:788,0
DA:789,0
DA:790,0
DA:792,0
DA:794,0
DA:798,0
DA:799,0
DA:800,0
DA:801,0
DA:803,0
DA:804,0
DA:805,0
DA:806,0
DA:807,0
DA:808,0
DA:809,0
DA:810,0
DA:811,0
DA:812,0
DA:814,0
DA:816,0
DA:820,0
DA:821,0
DA:822,0
DA:823,0
DA:824,0
DA:827,0
DA:830,0
DA:831,0
DA:832,0
DA:865,0
DA:895,0
DA:912,0
DA:952,0
DA:953,0
DA:954,0
DA:956,0
DA:957,0
DA:958,0
DA:959,0
DA:960,0
DA:961,0
DA:962,0
DA:963,0
DA:965,0
DA:966,0
DA:970,0
DA:971,0
DA:972,0
DA:973,0
DA:974,0
DA:975,0
DA:976,0
DA:977,0
DA:978,0
DA:980,0
DA:982,0
DA:984,0
DA:988,0
DA:1007,0
DA:1008,0
DA:1066,0
DA:1075,0
DA:1091,0
DA:1092,0
DA:1093,0
DA:1101,0
DA:1107,0
DA:1108,0
DA:1109,0
DA:1110,0
DA:1111,0
DA:1112,0
DA:1113,0
DA:1114,0
DA:1115,0
DA:1117,0
DA:1118,0
DA:1121,0
DA:1122,0
DA:1123,0
DA:1124,0
DA:1126,0
DA:1127,0
DA:1128,0
DA:1131,0
DA:1132,0
DA:1135,0
DA:1136,0
DA:1137,0
DA:1138,0
DA:1139,0
DA:1141,0
DA:1143,0
DA:1147,0
DA:1148,0
DA:1149,0
DA:1150,0
DA:1151,0
DA:1153,0
DA:1155,0
DA:1156,0
DA:1157,0
DA:1158,0
DA:1159,0
DA:1160,0
DA:1161,0
DA:1162,0
DA:1163,0
DA:1164,0
DA:1165,0
DA:1187,0
DA:1201,0
DA:1229,0
DA:1230,0
DA:1231,0
DA:1233,0
DA:1234,0
DA:1253,0
DA:1257,0
DA:1258,0
DA:1260,0
DA:1315,0
DA:1321,0
DA:1322,0
DA:1323,0
DA:1332,0
DA:1333,0
DA:1334,0
DA:1335,0
DA:1336,0
DA:1337,0
DA:1338,0
DA:1339,0
DA:1341,0
DA:1343,0
DA:1344,0
DA:1345,0
DA:1346,0
DA:1347,0
DA:1350,0
DA:1351,0
DA:1352,0
DA:1357,0
DA:1358,0
DA:1359,0
DA:1361,0
DA:1362,0
DA:1363,0
DA:1364,0
DA:1365,0
DA:1366,0
DA:1368,0
DA:1370,0
DA:1407,0
DA:1416,0
DA:1426,0
DA:1444,0
DA:1466,0
DA:1485,0
DA:1493,0
DA:1494,0
DA:1495,0
DA:1497,0
DA:1498,0
DA:1501,0
DA:1503,0
DA:1530,0
DA:1533,0
DA:1534,0
DA:1544,0
DA:1548,0
DA:1549,0
DA:1550,0
DA:1551,0
DA:1552,0
DA:1554,0
DA:1568,0
DA:1569,0
DA:1570,0
DA:1571,0
DA:1572,0
DA:1582,0
DA:1648,0
DA:1658,0
DA:1682,0
DA:1692,0
DA:1694,0
DA:1695,0
DA:1696,0
DA:1697,0
DA:1698,0
DA:1699,0
DA:1700,0
DA:1704,0
DA:1705,0
DA:1706,0
DA:1707,0
DA:1711,0
DA:1712,0
DA:1715,0
DA:1716,0
DA:1717,0
DA:1722,0
DA:1723,0
DA:1724,0
DA:1725,0
DA:1726,0
DA:1727,0
DA:1732,0
DA:1733,0
DA:1738,0
DA:1739,0
DA:1740,0
DA:1746,0
DA:1747,0
DA:1748,0
DA:1752,0
DA:1753,0
DA:1754,0
DA:1755,0
DA:1756,0
DA:1757,0
DA:1758,0
DA:1759,0
DA:1763,0
DA:1764,0
DA:1765,0
DA:1766,0
DA:1767,0
DA:1771,0
DA:1775,0
DA:1776,0
DA:1777,0
DA:1778,0
DA:1779,0
DA:1780,0
DA:1781,0
DA:1782,0
DA:1784,0
DA:1785,0
DA:1788,0
DA:1792,0
DA:1793,0
DA:1794,0
DA:1795,0
DA:1799,0
DA:1800,0
DA:1804,0
DA:1805,0
DA:1806,0
DA:1808,0
DA:1809,0
DA:1810,0
DA:1811,0
DA:1817,0
DA:1819,0
DA:1835,0
DA:1836,0
DA:1851,0
DA:1853,0
DA:1861,0
DA:1868,0
DA:1880,0
DA:1881,0
DA:1882,0
DA:1884,0
DA:1885,0
DA:1886,0
DA:1888,0
DA:1889,0
DA:1890,0
DA:1891,0
DA:1892,0
DA:1893,0
DA:1898,0
DA:1899,0
DA:1900,0
DA:1901,0
DA:1903,0
DA:1906,0
DA:1908,0
DA:1912,0
DA:1920,0
DA:1921,0
DA:1922,0
DA:1923,0
DA:1924,0
DA:1925,0
DA:1926,0
DA:1927,0
DA:1928,0
DA:1931,0
DA:1932,0
DA:1933,0
DA:1938,0
DA:1940,0
DA:1957,0
DA:1958,0
DA:1959,0
DA:1960,0
DA:1961,0
DA:1962,0
DA:1963,0
DA:1964,0
DA:1965,0
DA:1966,0
DA:1967,0
DA:1968,0
DA:1969,0
DA:1970,0
DA:1971,0
DA:1972,0
DA:1973,0
DA:1974,0
DA:1975,0
DA:1976,0
DA:1977,0
DA:1978,0
DA:1979,0
DA:1980,0
DA:1981,0
DA:1982,0
DA:1983,0
DA:1984,0
DA:1987,0
DA:1988,0
DA:1991,0
DA:1992,0
DA:1993,0
DA:1994,0
DA:1995,0
DA:1996,0
DA:1997,0
DA:1998,0
DA:1999,0
DA:2000,0
DA:2001,0
DA:2002,0
DA:2003,0
DA:2004,0
DA:2005,0
DA:2007,0
DA:2008,0
DA:2009,0
DA:2010,0
DA:2011,0
DA:2012,0
DA:2013,0
DA:2034,0
DA:2041,0
DA:2045,0
DA:2046,0
DA:2047,0
DA:2048,0
DA:2049,0
DA:2050,0
DA:2051,0
DA:2052,0
DA:2053,0
DA:2054,0
DA:2055,0
DA:2056,0
DA:2057,0
DA:2058,0
DA:2060,0
DA:2061,0
DA:2062,0
DA:2063,0
DA:2064,0
DA:2065,0
DA:2066,0
DA:2067,0
DA:2068,0
DA:2069,0
DA:2071,0
DA:2072,0
DA:2073,0
DA:2074,0
DA:2075,0
DA:2076,0
DA:2078,0
DA:2080,0
DA:2083,0
DA:2084,0
DA:2085,0
DA:2089,0
DA:2090,0
DA:2091,0
DA:2092,0
DA:2093,0
DA:2095,0
DA:2096,0
DA:2098,0
DA:2099,0
DA:2100,0
DA:2101,0
DA:2103,0
DA:2104,0
DA:2105,0
DA:2106,0
DA:2107,0
DA:2108,0
DA:2109,0
DA:2110,0
DA:2111,0
DA:2112,0
DA:2114,0
DA:2116,0
DA:2120,0
DA:2121,0
DA:2122,0
DA:2126,0
DA:2131,0
DA:2132,0
DA:2133,0
DA:2152,0
DA:2158,0
DA:2159,0
DA:2160,0
DA:2174,0
DA:2180,0
DA:2184,0
DA:2192,0
DA:2210,0
DA:2228,0
DA:2234,0
DA:2244,0
DA:2245,0
DA:2250,0
DA:2257,0
DA:2260,0
DA:2266,0
DA:2267,0
DA:2271,0
DA:2284,0
DA:2285,0
DA:2286,0
DA:2287,0
DA:2288,0
DA:2292,0
DA:2293,0
DA:2294,0
DA:2295,0
DA:2297,0
DA:2304,0
DA:2305,0
DA:2306,0
DA:2314,0
DA:2320,0
DA:2325,0
DA:2332,0
DA:2335,0
DA:2336,0
DA:2337,0
DA:2338,0
DA:2339,0
DA:2340,0
DA:2353,0
DA:2359,0
DA:2372,0
DA:2375,0
DA:2376,0
DA:2384,0
DA:2388,0
DA:2396,0
DA:2399,0
DA:2408,0
DA:2412,0
DA:2414,0
DA:2416,0
DA:2420,0
DA:2421,0
DA:2422,0
DA:2423,0
DA:2424,0
DA:2439,0
DA:2456,0
DA:2467,0
DA:2468,0
DA:2469,0
DA:2470,0
DA:2471,0
DA:2473,0
DA:2490,0
DA:2501,0
DA:2517,0
DA:2528,0
DA:2537,0
DA:2547,0
DA:2559,0
DA:2562,0
DA:2563,0
DA:2568,0
DA:2575,0
DA:2580,0
DA:2591,0
DA:2592,0
DA:2593,0
DA:2594,0
DA:2603,0
DA:2604,0
DA:2616,0
DA:2623,0
DA:2625,0
DA:2630,0
DA:2631,0
DA:2632,0
DA:2641,0
DA:2642,0
DA:2643,0
DA:2644,0
DA:2645,0
DA:2646,0
DA:2648,0
DA:2665,0
DA:2668,0
DA:2669,0
DA:2674,0
DA:2677,0
DA:2678,0
DA:2681,0
DA:2684,0
DA:2692,0
DA:2697,0
DA:2704,0
DA:2705,0
DA:2706,0
DA:2707,0
DA:2708,0
DA:2710,0
DA:2713,0
DA:2714,0
DA:2718,0
DA:2719,0
DA:2720,0
DA:2721,0
DA:2722,0
DA:2730,0
[...]
FN:134,(anonymous_19)
FNF:16
FNH:0
FNDA:0,HoverCard
FNDA:0,(anonymous_5)
FNDA:0,(anonymous_6)
FNDA:0,(anonymous_7)
FNDA:0,(anonymous_8)
FNDA:0,(anonymous_9)
FNDA:0,(anonymous_10)
FNDA:0,(anonymous_11)
FNDA:0,(anonymous_12)
FNDA:0,(anonymous_13)
FNDA:0,(anonymous_14)
FNDA:0,(anonymous_15)
FNDA:0,(anonymous_16)
FNDA:0,(anonymous_17)
FNDA:0,(anonymous_18)
FNDA:0,(anonymous_19)
DA:3,0
DA:4,0
DA:5,0
DA:6,0
DA:8,0
DA:9,0
DA:32,0
DA:43,0
DA:44,0
DA:45,0
DA:46,0
DA:47,0
DA:48,0
DA:50,0
DA:51,0
DA:52,0
DA:53,0
DA:55,0
DA:56,0
DA:57,0
DA:61,0
DA:62,0
DA:63,0
DA:64,0
DA:65,0
DA:66,0
DA:67,0
DA:68,0
DA:69,0
DA:70,0
DA:71,0
DA:72,0
DA:73,0
DA:74,0
DA:75,0
DA:76,0
DA:77,0
DA:78,0
DA:80,0
DA:81,0
DA:83,0
DA:86,0
DA:87,0
DA:88,0
DA:89,0
DA:90,0
DA:91,0
DA:95,0
DA:96,0
DA:97,0
DA:98,0
DA:99,0
DA:100,0
DA:101,0
DA:102,0
DA:103,0
DA:108,0
DA:109,0
DA:110,0
DA:111,0
DA:114,0
DA:115,0
DA:118,0
DA:119,0
DA:120,0
DA:121,0
DA:122,0
DA:123,0
DA:124,0
DA:125,0
DA:126,0
DA:129,0
DA:130,0
DA:133,0
DA:134,0
DA:137,0
DA:139,0
LF:77
LH:0
BRDA:35,0,0,0
BRDA:36,1,0,0
BRDA:37,2,0,0
BRDA:40,3,0,0
BRDA:41,4,0,0
BRDA:51,5,0,0
BRDA:55,6,0,0
BRDA:62,7,0,0
BRDA:62,8,0,0
BRDA:62,8,1,0
BRDA:70,9,0,0
BRDA:70,9,1,0
BRDA:72,10,0,0
BRDA:72,10,1,0
BRDA:72,11,0,0
BRDA:72,11,1,0
BRDA:73,12,0,0
BRDA:73,12,1,0
BRDA:75,13,0,0
BRDA:75,13,1,0
BRDA:75,14,0,0
BRDA:75,14,1,0
BRDA:76,15,0,0
BRDA:76,15,1,0
BRDA:78,16,0,0
BRDA:78,16,1,0
BRDA:78,17,0,0
BRDA:78,17,1,0
BRDA:81,18,0,0
BRDA:81,18,1,0
BRDA:81,19,0,0
BRDA:81,19,1,0
BRDA:115,20,0,0
BRDA:115,21,0,0
BRDA:115,21,1,0
BRDA:119,22,0,0
BRDA:137,23,0,0
BRDA:137,23,1,0
BRDA:139,24,0,0
BRDA:139,24,1,0
BRDA:139,24,2,0
BRDA:143,25,0,0
BRDA:143,25,1,0
BRDA:146,26,0,0
BRDA:146,26,1,0
BRDA:146,27,0,0
BRDA:146,27,1,0
BRDA:146,28,0,0
BRDA:146,28,1,0
BRDA:146,29,0,0
BRDA:146,29,1,0
BRDA:148,30,0,0
BRDA:148,30,1,0
BRDA:148,31,0,0
BRDA:148,31,1,0
BRDA:148,32,0,0
BRDA:148,32,1,0
BRDA:148,33,0,0
BRDA:148,33,1,0
BRF:59
BRH:0
end_of_record
TN:
SF:src\components\ui\ImageDropzone.tsx
FN:25,ImageDropzone
FN:41,(anonymous_4)
FN:45,(anonymous_5)
FNF:3
FNH:0
FNDA:0,ImageDropzone
FNDA:0,(anonymous_4)
FNDA:0,(anonymous_5)
DA:3,0
DA:4,0
DA:5,0
DA:8,0
DA:25,0
DA:34,0
DA:36,0
DA:42,0
DA:43,0
DA:46,0
DA:47,0
DA:48,0
DA:49,0
DA:50,0
DA:52,0
LF:15
LH:0
BRDA:28,0,0,0
BRDA:43,1,0,0
BRDA:47,2,0,0
BRDA:47,2,1,0
BRDA:49,3,0,0
BRDA:49,3,1,0
BRDA:58,4,0,0
BRDA:58,4,1,0
BRF:8
BRH:0
end_of_record
TN:
SF:src\components\ui\LinkPreviewCardContent.tsx
FN:6,normalizeDomain
FN:20,LinkPreviewCardContent
FN:28,(anonymous_6)
FN:41,(anonymous_7)
FN:42,(anonymous_8)
FN:48,(anonymous_9)
FN:51,(anonymous_10)
FN:54,(anonymous_11)
FN:66,(anonymous_12)
FN:75,(anonymous_13)
FN:98,(anonymous_14)
FN:116,(anonymous_15)
FNF:12
FNH:0
FNDA:0,normalizeDomain
FNDA:0,LinkPreviewCardContent
FNDA:0,(anonymous_6)
FNDA:0,(anonymous_7)
FNDA:0,(anonymous_8)
FNDA:0,(anonymous_9)
FNDA:0,(anonymous_10)
FNDA:0,(anonymous_11)
FNDA:0,(anonymous_12)
FNDA:0,(anonymous_13)
FNDA:0,(anonymous_14)
FNDA:0,(anonymous_15)
DA:3,0
DA:4,0
DA:7,0
DA:8,0
DA:9,0
DA:12,0
DA:20,0
DA:21,0
DA:22,0
DA:23,0
DA:24,0
DA:25,0
DA:26,0
DA:28,0
DA:29,0
DA:30,0
DA:31,0
DA:32,0
DA:34,0
DA:35,0
DA:36,0
DA:37,0
DA:38,0
DA:39,0
DA:40,0
DA:41,0
DA:43,0
DA:44,0
DA:45,0
DA:46,0
DA:49,0
DA:52,0
DA:54,0
DA:55,0
DA:66,0
DA:75,0
DA:98,0
DA:116,0
LF:38
LH:0
BRDA:7,0,0,0
BRDA:9,1,0,0
BRDA:9,1,1,0
BRDA:29,2,0,0
BRDA:43,3,0,0
BRDA:45,4,0,0
BRDA:45,4,1,0
BRDA:45,5,0,0
BRDA:45,5,1,0
BRDA:49,6,0,0
BRDA:52,7,0,0
BRDA:69,8,0,0
BRDA:68,9,0,0
BRDA:68,9,1,0
BRDA:79,10,0,0
BRDA:80,11,0,0
BRDA:80,11,1,0
BRDA:87,12,0,0
BRDA:92,13,0,0
BRDA:92,13,1,0
BRDA:108,14,0,0
BRDA:108,14,1,0
BRF:22
BRH:0
end_of_record
TN:
SF:src\components\ui\OptimizedRemoteImage.tsx
FN:22,OptimizedRemoteImage
FNF:1
FNH:0
FNDA:0,OptimizedRemoteImage
DA:3,0
DA:4,0
DA:22,0
DA:33,0
DA:34,0
DA:36,0
DA:49,0
LF:7
LH:0
BRDA:33,0,0,0
BRDA:33,0,1,0
BRDA:34,1,0,0
BRDA:34,1,1,0
BRDA:36,2,0,0
BRDA:41,3,0,0
BRDA:41,3,1,0
BRDA:49,4,0,0
BRF:8
BRH:0
end_of_record
TN:
SF:src\components\ui\ProfileSectionAccordion.tsx
FN:62,ProfileSectionAccordion
FN:77,(anonymous_5)
FN:81,(anonymous_6)
FNF:3
FNH:0
FNDA:0,ProfileSectionAccordion
FNDA:0,(anonymous_5)
FNDA:0,(anonymous_6)
DA:3,0
DA:4,0
DA:5,0
DA:6,0
DA:13,0
DA:62,0
DA:73,0
DA:74,0
DA:75,0
DA:77,0
DA:78,0
DA:79,0
DA:81,0
DA:84,0
DA:85,0
DA:86,0
LF:16
LH:0
BRDA:66,0,0,0
BRDA:74,1,0,0
BRDA:74,1,1,0
BRDA:75,2,0,0
BRDA:75,2,1,0
BRDA:78,3,0,0
BRDA:78,3,1,0
BRDA:86,4,0,0
BRDA:86,4,1,0
BRDA:106,5,0,0
BRDA:116,6,0,0
BRDA:116,6,1,0
BRDA:121,7,0,0
BRF:13
BRH:0
end_of_record
TN:
SF:src\components\ui\RetroAccordion.tsx
FN:16,RetroAccordion
FN:29,(anonymous_5)
FN:29,(anonymous_6)
FNF:3
FNH:0
FNDA:0,RetroAccordion
FNDA:0,(anonymous_5)
FNDA:0,(anonymous_6)
DA:3,0
DA:4,0
DA:5,0
DA:6,0
DA:16,0
DA:23,0
DA:29,0
LF:7
LH:0
BRDA:19,0,0,0
BRDA:34,1,0,0
BRDA:43,2,0,0
BRDA:43,2,1,0
BRDA:48,3,0,0
BRF:5
BRH:0
end_of_record
TN:
SF:src\components\ui\RetroBadge.tsx
FN:6,RetroBadge
FNF:1
FNH:0
FNDA:0,RetroBadge
DA:3,0
DA:4,0
DA:6,0
DA:15,0
LF:4
LH:0
BRDA:8,0,0,0
BRDA:25,1,0,0
BRDA:25,1,1,0
BRF:3
BRH:0
end_of_record
TN:
SF:src\components\ui\RocketLottie.tsx
FN:7,(anonymous_5)
FN:7,(anonymous_6)
FN:7,(anonymous_7)
FN:18,RocketLottie
FN:21,(anonymous_10)
FN:35,(anonymous_11)
FNF:6
FNH:0
FNDA:0,(anonymous_5)
FNDA:0,(anonymous_6)
FNDA:0,(anonymous_7)
FNDA:0,RocketLottie
FNDA:0,(anonymous_10)
FNDA:0,(anonymous_11)
DA:3,0
DA:4,0
DA:7,0
DA:11,0
DA:18,0
DA:19,0
DA:21,0
DA:22,0
DA:23,0
DA:24,0
DA:26,0
DA:36,0
LF:12
LH:0
BRDA:18,0,0,0
BRDA:22,1,0,0
BRDA:23,2,0,0
BRDA:23,2,1,0
BRF:4
BRH:0
end_of_record
TN:
SF:src\components\ui\Skeleton.tsx
FN:10,Skeleton
FNF:1
FNH:0
FNDA:0,Skeleton
DA:3,0
DA:10,0
LF:2
LH:0
BRF:0
BRH:0
end_of_record
TN:
SF:src\components\ui\SparkLottie.tsx
FN:6,(anonymous_5)
FN:6,(anonymous_6)
FN:6,(anonymous_7)
FN:15,SparkLottie
FNF:4
FNH:0
FNDA:0,(anonymous_5)
FNDA:0,(anonymous_6)
FNDA:0,(anonymous_7)
FNDA:0,SparkLottie
DA:3,0
DA:6,0
DA:15,0
LF:3
LH:0
BRDA:15,0,0,0
BRDA:15,1,0,0
BRF:2
BRH:0
end_of_record
TN:
SF:src\components\ui\StreakFireLottie.tsx
FN:6,(anonymous_5)
FN:6,(anonymous_6)
FN:6,(anonymous_7)
FN:15,StreakFireLottie
FNF:4
FNH:0
FNDA:0,(anonymous_5)
FNDA:0,(anonymous_6)
FNDA:0,(anonymous_7)
FNDA:0,StreakFireLottie
DA:3,0
DA:6,0
DA:15,0
LF:3
LH:0
BRDA:15,0,0,0
BRDA:15,1,0,0
BRF:2
BRH:0
end_of_record
TN:
SF:src\components\ui\Tooltip.tsx
FN:16,Tooltip
FN:21,(anonymous_2)
FN:35,(anonymous_3)
FN:40,(anonymous_4)
FNF:4
FNH:0
FNDA:0,Tooltip
FNDA:0,(anonymous_2)
FNDA:0,(anonymous_3)
FNDA:0,(anonymous_4)
DA:3,0
DA:4,0
DA:5,0
DA:14,0
DA:16,0
DA:17,0
DA:18,0
DA:19,0
DA:21,0
DA:22,0
DA:23,0
DA:24,0
DA:25,0
DA:26,0
DA:27,0
DA:28,0
DA:29,0
DA:31,0
DA:35,0
DA:36,0
DA:37,0
DA:40,0
DA:43,0
DA:52,0
LF:24
LH:0
BRDA:16,0,0,0
BRDA:22,1,0,0
BRDA:24,2,0,0
BRDA:24,2,1,0
BRDA:26,3,0,0
BRDA:26,3,1,0
BRDA:28,4,0,0
BRDA:28,4,1,0
BRDA:43,5,0,0
BRDA:43,5,1,0
BRDA:45,6,0,0
BRDA:45,6,1,0
BRDA:47,7,0,0
BRDA:47,7,1,0
BRDA:52,8,0,0
BRDA:52,8,1,0
BRDA:52,8,2,0
BRF:17
BRH:0
end_of_record
TN:
SF:src\components\ui\WalletLottie.tsx
FN:6,(anonymous_5)
FN:6,(anonymous_6)
FN:6,(anonymous_7)
FN:15,WalletLottie
FNF:4
FNH:0
FNDA:0,(anonymous_5)
FNDA:0,(anonymous_6)
FNDA:0,(anonymous_7)
FNDA:0,WalletLottie
DA:3,0
DA:6,0
DA:15,0
LF:3
LH:0
BRDA:15,0,0,0
BRDA:15,1,0,0
BRF:2
BRH:0
end_of_record
TN:
SF:src\components\ui\grid-background.tsx
FN:3,GridBackground
FNF:1
FNH:0
FNDA:0,GridBackground
DA:1,0
DA:3,0
LF:2
LH:0
BRF:0
BRH:0
end_of_record
TN:
SF:src\components\ui\index.ts
FNF:0
FNH:0
DA:1,0
DA:2,0
DA:3,0
DA:4,0
DA:5,0
DA:6,0
DA:7,0
DA:8,0
DA:9,0
DA:10,0
LF:10
LH:0
BRF:0
BRH:0
end_of_record
TN:
SF:src\context\AuthContext.tsx
FN:15,AuthProvider
FN:16,(anonymous_7)
FN:17,(anonymous_8)
FN:18,(anonymous_9)
FN:20,(anonymous_10)
FN:31,useAuthContext
FNF:6
FNH:0
FNDA:0,AuthProvider
FNDA:0,(anonymous_7)
FNDA:0,(anonymous_8)
FNDA:0,(anonymous_9)
FNDA:0,(anonymous_10)
FNDA:0,useAuthContext
DA:3,0
DA:4,0
DA:13,0
DA:15,0
DA:16,0
DA:17,0
DA:18,0
DA:19,0
DA:20,0
DA:31,0
DA:32,0
DA:33,0
DA:34,0
DA:36,0
LF:14
LH:0
BRDA:33,0,0,0
BRF:1
BRH:0
end_of_record
TN:
SF:src\context\index.ts
FNF:0
FNH:0
DA:5,0
DA:6,0
DA:7,0
DA:8,0
DA:9,0
LF:5
LH:0
BRF:0
BRH:0
end_of_record
TN:
SF:src\data\entities.ts
FN:12,getLogoUrl
FN:125,searchCompanies
FN:128,(anonymous_11)
FN:132,searchCompaniesWithApi
FN:136,(anonymous_13)
FN:145,searchSchools
FN:148,(anonymous_15)
FN:151,searchOrganizations
FN:154,(anonymous_17)
FNF:9
FNH:0
FNDA:0,getLogoUrl
FNDA:0,searchCompanies
FNDA:0,(anonymous_11)
FNDA:0,searchCompaniesWithApi
FNDA:0,(anonymous_13)
FNDA:0,searchSchools
FNDA:0,(anonymous_15)
FNDA:0,searchOrganizations
FNDA:0,(anonymous_17)
DA:12,0
DA:13,0
DA:14,0
DA:15,0
DA:18,0
DA:60,0
DA:93,0
DA:125,0
DA:126,0
DA:127,0
DA:128,0
DA:132,0
DA:133,0
DA:134,0
DA:135,0
DA:136,0
DA:137,0
DA:138,0
DA:142,0
DA:145,0
DA:146,0
DA:147,0
DA:148,0
DA:151,0
DA:152,0
DA:153,0
DA:154,0
LF:27
LH:0
BRDA:13,0,0,0
BRDA:15,1,0,0
BRDA:15,1,1,0
BRDA:127,2,0,0
BRDA:128,3,0,0
BRDA:128,3,1,0
BRDA:134,4,0,0
BRDA:134,5,0,0
BRDA:134,5,1,0
BRDA:138,6,0,0
BRDA:147,7,0,0
BRDA:148,8,0,0
BRDA:148,8,1,0
BRDA:153,9,0,0
BRDA:154,10,0,0
BRDA:154,10,1,0
BRF:16
BRH:0
end_of_record
TN:
SF:src\data\location.ts
FN:6,getCountryOptions
FN:9,(anonymous_7)
FN:13,getStateOptions
FN:16,(anonymous_9)
FN:19,getCityOptions
FN:24,(anonymous_11)
FN:28,buildLocationString
FN:49,parseLocationString
FN:57,(anonymous_14)
FN:66,(anonymous_15)
FN:71,(anonymous_16)
FN:81,(anonymous_17)
FN:86,(anonymous_18)
FNF:13
FNH:0
FNDA:0,getCountryOptions
FNDA:0,(anonymous_7)
FNDA:0,getStateOptions
FNDA:0,(anonymous_9)
FNDA:0,getCityOptions
FNDA:0,(anonymous_11)
FNDA:0,buildLocationString
FNDA:0,parseLocationString
FNDA:0,(anonymous_14)
FNDA:0,(anonymous_15)
FNDA:0,(anonymous_16)
FNDA:0,(anonymous_17)
FNDA:0,(anonymous_18)
DA:1,0
DA:4,0
DA:6,0
DA:7,0
DA:8,0
DA:9,0
DA:10,0
DA:13,0
DA:14,0
DA:15,0
DA:16,0
DA:19,0
DA:20,0
DA:21,0
DA:24,0
DA:28,0
DA:33,0
DA:34,0
DA:35,0
DA:36,0
DA:37,0
DA:38,0
DA:40,0
DA:41,0
DA:49,0
DA:54,0
DA:55,0
DA:57,0
DA:58,0
DA:60,0
DA:61,0
DA:62,0
DA:63,0
DA:65,0
DA:66,0
DA:67,0
DA:68,0
DA:69,0
DA:70,0
DA:71,0
DA:72,0
DA:73,0
DA:74,0
DA:76,0
DA:77,0
DA:80,0
DA:81,0
DA:82,0
DA:83,0
DA:84,0
DA:85,0
DA:86,0
DA:87,0
DA:88,0
DA:89,0
DA:91,0
DA:94,0
DA:95,0
DA:96,0
DA:100,0
LF:60
LH:0
BRDA:7,0,0,0
BRDA:14,1,0,0
BRDA:20,2,0,0
BRDA:21,3,0,0
BRDA:21,3,1,0
BRDA:23,4,0,0
BRDA:23,4,1,0
BRDA:34,5,0,0
BRDA:34,5,1,0
BRDA:36,6,0,0
BRDA:36,7,0,0
BRDA:36,7,1,0
BRDA:38,8,0,0
BRDA:54,9,0,0
BRDA:54,9,1,0
BRDA:55,10,0,0
BRDA:58,11,0,0
BRDA:65,12,0,0
BRDA:65,12,1,0
BRDA:67,13,0,0
BRDA:67,13,1,0
BRDA:69,14,0,0
BRDA:69,14,1,0
BRDA:72,15,0,0
BRDA:72,15,1,0
BRDA:82,16,0,0
BRDA:82,16,1,0
BRDA:87,17,0,0
BRDA:87,17,1,0
BRDA:95,18,0,0
BRDA:95,18,1,0
BRDA:96,19,0,0
BRDA:96,19,1,0
BRF:33
BRH:0
end_of_record
TN:
SF:src\data\mock-posts.ts
FNF:0
FNH:0
DA:3,0
LF:1
LH:0
BRF:0
BRH:0
end_of_record
TN:
SF:src\data\techStack.ts
FN:210,searchTechStack
FN:214,(anonymous_5)
FNF:2
FNH:0
FNDA:0,searchTechStack
FNDA:0,(anonymous_5)
DA:24,0
DA:194,0
DA:210,0
DA:211,0
DA:212,0
DA:213,0
DA:215,0
DA:217,0
LF:8
LH:0
BRDA:210,0,0,0
BRDA:212,1,0,0
BRDA:215,2,0,0
BRDA:215,2,1,0
BRF:4
BRH:0
end_of_record
TN:
SF:src\hooks\useAuth.ts
FN:6,useAuth
FN:8,(anonymous_2)
FNF:2
FNH:0
FNDA:0,useAuth
FNDA:0,(anonymous_2)
DA:3,0
DA:4,0
DA:6,0
DA:7,0
DA:8,0
LF:5
LH:0
BRF:0
BRH:0
end_of_record
TN:
SF:src\hooks\useRequireAuth.ts
FN:13,useRequireAuth
FN:15,(anonymous_2)
FN:16,(anonymous_3)
FN:17,(anonymous_4)
FN:18,(anonymous_5)
FN:21,(anonymous_6)
FNF:6
FNH:0
FNDA:0,useRequireAuth
FNDA:0,(anonymous_2)
FNDA:0,(anonymous_3)
FNDA:0,(anonymous_4)
FNDA:0,(anonymous_5)
FNDA:0,(anonymous_6)
DA:3,0
DA:4,0
DA:5,0
DA:13,0
DA:14,0
DA:15,0
DA:16,0
DA:17,0
DA:18,0
DA:19,0
DA:21,0
DA:22,0
DA:23,0
DA:24,0
DA:25,0
DA:27,0
DA:28,0
DA:29,0
DA:33,0
DA:34,0
DA:36,0
LF:21
LH:0
BRDA:22,0,0,0
BRDA:23,1,0,0
BRDA:27,2,0,0
BRDA:34,3,0,0
BRDA:34,3,1,0
BRF:5
BRH:0
end_of_record
TN:
SF:src\hooks\useSidebar.ts
FN:6,useSidebar
FN:8,(anonymous_2)
FNF:2
FNH:0
FNDA:0,useSidebar
FNDA:0,(anonymous_2)
DA:3,0
DA:4,0
DA:6,0
DA:7,0
DA:8,0
LF:5
LH:0
BRF:0
BRH:0
end_of_record
TN:
SF:src\hooks\useTheme.ts
FN:7,getEffectiveIsDark
FN:14,useTheme
FN:16,(anonymous_3)
FN:18,(anonymous_4)
FN:20,(anonymous_5)
FN:25,(anonymous_6)
FN:27,(anonymous_7)
FNF:7
FNH:0
FNDA:0,getEffectiveIsDark
FNDA:0,useTheme
FNDA:0,(anonymous_3)
FNDA:0,(anonymous_4)
FNDA:0,(anonymous_5)
FNDA:0,(anonymous_6)
FNDA:0,(anonymous_7)
DA:3,0
DA:4,0
DA:5,0
DA:8,0
DA:9,0
DA:10,0
DA:11,0
DA:14,0
DA:15,0
DA:16,0
DA:18,0
DA:20,0
DA:21,0
DA:22,0
DA:23,0
DA:24,0
DA:25,0
DA:26,0
DA:27,0
DA:30,0
LF:20
LH:0
BRDA:8,0,0,0
BRDA:9,1,0,0
BRDA:10,2,0,0
BRDA:23,3,0,0
BRF:4
BRH:0
end_of_record
TN:
SF:src\lib\appwrite.ts
FN:14,isAppwriteConfigured
FNF:1
FNH:0
FNDA:0,isAppwriteConfigured
DA:1,0
DA:4,0
DA:6,0
DA:8,0
DA:10,0
DA:11,0
DA:14,0
DA:15,0
LF:8
LH:0
BRDA:4,0,0,0
BRDA:4,0,1,0
BRDA:6,1,0,0
BRDA:6,1,1,0
BRDA:16,2,0,0
BRDA:16,2,1,0
BRF:6
BRH:0
end_of_record
TN:
SF:src\lib\assets.ts
FNF:0
FNH:0
DA:6,0
DA:8,0
DA:14,0
LF:3
LH:0
BRF:0
BRH:0
end_of_record
TN:
SF:src\lib\lastUser.ts
FN:5,setLastUserName
FN:14,clearLastUser
FNF:2
FNH:0
FNDA:0,setLastUserName
FNDA:0,clearLastUser
DA:1,0
DA:5,0
DA:6,0
DA:7,0
DA:8,0
DA:14,0
DA:15,0
DA:16,0
DA:17,0
LF:9
LH:0
BRDA:6,0,0,0
BRDA:15,1,0,0
BRF:2
BRH:0
end_of_record
TN:
SF:src\lib\oauthNavigation.ts
FN:7,markOAuthNavigationPending
FN:19,consumeOAuthNavigationPending
FNF:2
FNH:0
FNDA:0,markOAuthNavigationPending
FNDA:0,consumeOAuthNavigationPending
DA:1,0
DA:4,0
DA:7,0
DA:8,0
DA:9,0
DA:13,0
DA:14,0
DA:19,0
DA:20,0
DA:21,0
DA:22,0
DA:23,0
DA:25,0
LF:13
LH:0
BRDA:13,0,0,0
BRDA:21,1,0,0
BRF:2
BRH:0
end_of_record
TN:
SF:src\lib\profileDisplay.ts
FN:18,formatJoinedDate
FN:28,formatMonthYear
FN:36,locationWithoutType
FN:41,normalizeDomain
FN:47,isImageUrl
FN:51,domainFromUrl
FNF:6
FNH:0
FNDA:0,formatJoinedDate
FNDA:0,formatMonthYear
FNDA:0,locationWithoutType
FNDA:0,normalizeDomain
FNDA:0,isImageUrl
FNDA:0,domainFromUrl
DA:3,0
DA:18,0
DA:19,0
DA:20,0
DA:21,0
DA:22,0
DA:24,0
DA:28,0
DA:29,0
DA:30,0
DA:31,0
DA:32,0
DA:36,0
DA:37,0
DA:38,0
DA:41,0
DA:42,0
DA:43,0
DA:44,0
DA:47,0
DA:48,0
DA:51,0
DA:52,0
DA:53,0
DA:54,0
DA:55,0
DA:56,0
DA:58,0
LF:28
LH:0
BRDA:19,0,0,0
BRDA:29,1,0,0
BRDA:29,2,0,0
BRDA:29,2,1,0
BRDA:31,3,0,0
BRDA:31,3,1,0
BRDA:32,4,0,0
BRDA:32,4,1,0
BRDA:32,5,0,0
BRDA:32,5,1,0
BRDA:32,5,2,0
BRDA:37,6,0,0
BRDA:42,7,0,0
BRDA:44,8,0,0
BRDA:44,8,1,0
BRDA:52,9,0,0
BRDA:52,9,1,0
BRDA:53,10,0,0
BRDA:55,11,0,0
BRDA:55,11,1,0
BRDA:58,12,0,0
BRDA:58,12,1,0
BRF:22
BRH:0
end_of_record
TN:
SF:src\lib\skillIcons.ts
FN:61,getSkillIconSlug
FN:73,getSkillIconUrl
FN:81,getSkillIconUrlBySlug
FN:90,getSkillIconsCombinedUrl
FNF:4
FNH:0
FNDA:0,getSkillIconSlug
FNDA:0,getSkillIconUrl
FNDA:0,getSkillIconUrlBySlug
FNDA:0,getSkillIconsCombinedUrl
DA:5,0
DA:8,0
DA:61,0
DA:62,0
DA:63,0
DA:64,0
DA:65,0
DA:66,0
DA:67,0
DA:73,0
DA:74,0
DA:75,0
DA:81,0
DA:82,0
DA:83,0
DA:90,0
DA:91,0
DA:92,0
LF:18
LH:0
BRDA:63,0,0,0
BRDA:67,1,0,0
BRDA:67,1,1,0
BRDA:67,1,2,0
BRDA:67,1,3,0
BRDA:75,2,0,0
BRDA:75,2,1,0
BRDA:83,3,0,0
BRDA:83,3,1,0
BRDA:92,4,0,0
BRDA:92,4,1,0
BRF:11
BRH:0
end_of_record
TN:
SF:src\lib\utils.ts
FN:4,cn
FNF:1
FNH:1
FNDA:1,cn
DA:1,1
DA:2,1
DA:4,1
DA:5,1
LF:4
LH:4
BRF:0
BRH:0
end_of_record
TN:
SF:src\store\auth.ts
FN:32,(anonymous_1)
FN:39,(anonymous_2)
FN:40,(anonymous_3)
FN:44,(anonymous_4)
FN:76,(anonymous_5)
FN:93,(anonymous_6)
FN:105,(anonymous_7)
FN:117,(anonymous_8)
FN:136,(anonymous_9)
FN:152,(anonymous_10)
FN:161,(anonymous_11)
FN:193,(anonymous_12)
FN:194,(anonymous_13)
FN:194,(anonymous_14)
FNF:14
FNH:0
FNDA:0,(anonymous_1)
FNDA:0,(anonymous_2)
FNDA:0,(anonymous_3)
FNDA:0,(anonymous_4)
FNDA:0,(anonymous_5)
FNDA:0,(anonymous_6)
FNDA:0,(anonymous_7)
FNDA:0,(anonymous_8)
FNDA:0,(anonymous_9)
FNDA:0,(anonymous_10)
FNDA:0,(anonymous_11)
FNDA:0,(anonymous_12)
FNDA:0,(anonymous_13)
FNDA:0,(anonymous_14)
DA:3,0
DA:4,0
DA:5,0
DA:6,0
DA:8,0
DA:30,0
DA:32,0
DA:39,0
DA:41,0
DA:42,0
DA:45,0
DA:46,0
DA:47,0
DA:48,0
DA:49,0
DA:51,0
DA:52,0
DA:53,0
DA:54,0
DA:55,0
DA:56,0
DA:57,0
DA:60,0
DA:61,0
DA:62,0
DA:63,0
DA:67,0
DA:71,0
DA:77,0
DA:78,0
DA:79,0
DA:80,0
DA:81,0
DA:83,0
DA:84,0
DA:85,0
DA:86,0
DA:87,0
DA:88,0
DA:90,0
DA:94,0
DA:95,0
DA:96,0
DA:97,0
DA:99,0
DA:101,0
DA:102,0
DA:106,0
DA:107,0
DA:108,0
DA:109,0
DA:111,0
DA:113,0
DA:114,0
DA:118,0
DA:119,0
DA:120,0
DA:121,0
DA:122,0
DA:123,0
DA:125,0
DA:126,0
DA:127,0
DA:128,0
DA:130,0
DA:132,0
DA:133,0
DA:137,0
DA:138,0
DA:139,0
DA:140,0
DA:141,0
DA:142,0
DA:143,0
DA:144,0
DA:146,0
DA:148,0
DA:149,0
DA:153,0
DA:154,0
DA:155,0
DA:159,0
DA:162,0
DA:163,0
DA:164,0
DA:165,0
DA:166,0
DA:168,0
DA:169,0
DA:170,0
DA:174,0
DA:178,0
DA:179,0
DA:180,0
DA:181,0
DA:185,0
DA:187,0
DA:193,0
DA:194,0
DA:195,0
LF:100
LH:0
BRDA:40,0,0,0
BRDA:41,1,0,0
BRDA:42,2,0,0
BRDA:42,2,1,0
BRDA:46,3,0,0
BRDA:51,4,0,0
BRDA:51,5,0,0
BRDA:51,5,1,0
BRDA:52,6,0,0
BRDA:52,6,1,0
BRDA:60,7,0,0
BRDA:60,8,0,0
BRDA:60,8,1,0
BRDA:63,9,0,0
BRDA:78,10,0,0
BRDA:83,11,0,0
BRDA:83,12,0,0
BRDA:83,12,1,0
BRDA:83,12,2,0
BRDA:101,13,0,0
BRDA:101,13,1,0
BRDA:113,14,0,0
BRDA:113,14,1,0
BRDA:121,15,0,0
BRDA:121,16,0,0
BRDA:121,16,1,0
BRDA:125,17,0,0
BRDA:127,18,0,0
BRDA:127,18,1,0
BRDA:128,19,0,0
BRDA:132,20,0,0
BRDA:132,20,1,0
BRDA:138,21,0,0
BRDA:143,22,0,0
BRDA:143,22,1,0
BRDA:144,23,0,0
BRDA:148,24,0,0
BRDA:148,24,1,0
BRDA:155,25,0,0
BRDA:163,26,0,0
BRDA:178,27,0,0
BRDA:178,28,0,0
BRDA:178,28,1,0
BRDA:181,29,0,0
BRF:44
BRH:0
end_of_record
TN:
SF:src\store\authDialog.ts
FN:14,(anonymous_1)
FN:17,(anonymous_2)
FN:18,(anonymous_3)
FNF:3
FNH:0
FNDA:0,(anonymous_1)
FNDA:0,(anonymous_2)
FNDA:0,(anonymous_3)
DA:3,0
DA:14,0
DA:17,0
DA:18,0
LF:4
LH:0
BRDA:17,0,0,0
BRF:1
BRH:0
end_of_record
TN:
SF:src\store\index.ts
FNF:0
FNH:0
DA:1,0
DA:2,0
DA:3,0
DA:4,0
DA:5,0
DA:6,0
DA:7,0
LF:7
LH:0
BRF:0
BRH:0
end_of_record
TN:
SF:src\store\searchDialog.ts
FN:12,(anonymous_1)
FN:14,(anonymous_2)
FN:15,(anonymous_3)
FN:16,(anonymous_4)
FN:16,(anonymous_5)
FNF:5
FNH:0
FNDA:0,(anonymous_1)
FNDA:0,(anonymous_2)
FNDA:0,(anonymous_3)
FNDA:0,(anonymous_4)
FNDA:0,(anonymous_5)
DA:3,0
DA:12,0
DA:14,0
DA:15,0
DA:16,0
LF:5
LH:0
BRF:0
BRH:0
end_of_record
TN:
SF:src\store\sidebar.ts
FN:12,(anonymous_1)
FN:14,(anonymous_2)
FN:15,(anonymous_3)
FN:16,(anonymous_4)
FN:16,(anonymous_5)
FNF:5
FNH:0
FNDA:0,(anonymous_1)
FNDA:0,(anonymous_2)
FNDA:0,(anonymous_3)
FNDA:0,(anonymous_4)
FNDA:0,(anonymous_5)
DA:3,0
DA:12,0
DA:14,0
DA:15,0
DA:16,0
LF:5
LH:0
BRF:0
BRH:0
end_of_record
TN:
SF:src\store\theme.ts
FN:16,getEffectiveTheme
FN:23,applyTheme
FN:31,(anonymous_3)
FN:33,(anonymous_4)
FN:37,(anonymous_5)
FN:47,(anonymous_6)
FN:47,(anonymous_7)
FNF:7
FNH:0
FNDA:0,getEffectiveTheme
FNDA:0,applyTheme
FNDA:0,(anonymous_3)
FNDA:0,(anonymous_4)
FNDA:0,(anonymous_5)
FNDA:0,(anonymous_6)
FNDA:0,(anonymous_7)
DA:3,0
DA:4,0
DA:6,0
DA:17,0
DA:18,0
DA:20,0
DA:24,0
DA:25,0
DA:26,0
DA:29,0
DA:31,0
DA:34,0
DA:35,0
DA:38,0
DA:39,0
DA:40,0
DA:41,0
DA:42,0
DA:47,0
DA:48,0
LF:20
LH:0
BRDA:17,0,0,0
BRDA:17,1,0,0
BRDA:17,1,1,0
BRDA:18,2,0,0
BRDA:18,2,1,0
BRDA:20,3,0,0
BRDA:20,3,1,0
BRDA:24,4,0,0
BRDA:40,5,0,0
BRDA:40,5,1,0
BRDA:48,6,0,0
BRF:11
BRH:0
end_of_record
TN:
SF:src\store\toast.ts
FN:25,(anonymous_1)
FN:29,(anonymous_2)
FN:31,(anonymous_3)
FN:40,(anonymous_4)
FN:43,(anonymous_5)
FN:48,(anonymous_6)
FN:48,(anonymous_7)
FN:48,(anonymous_8)
FN:49,(anonymous_9)
FN:50,(anonymous_10)
FN:51,(anonymous_11)
FN:52,(anonymous_12)
FNF:12
FNH:0
FNDA:0,(anonymous_1)
FNDA:0,(anonymous_2)
FNDA:0,(anonymous_3)
FNDA:0,(anonymous_4)
FNDA:0,(anonymous_5)
FNDA:0,(anonymous_6)
FNDA:0,(anonymous_7)
FNDA:0,(anonymous_8)
FNDA:0,(anonymous_9)
FNDA:0,(anonymous_10)
FNDA:0,(anonymous_11)
FNDA:0,(anonymous_12)
DA:3,0
DA:24,0
DA:25,0
DA:27,0
DA:29,0
DA:32,0
DA:33,0
DA:40,0
DA:41,0
DA:42,0
DA:43,0
DA:44,0
DA:48,0
DA:49,0
DA:50,0
DA:51,0
DA:52,0
LF:17
LH:0
BRDA:37,0,0,0
BRDA:37,0,1,0
BRDA:41,1,0,0
BRDA:41,1,1,0
BRDA:42,2,0,0
BRF:5
BRH:0
end_of_record
TN:
SF:src\store\ui.ts
FN:15,(anonymous_1)
FN:17,(anonymous_2)
FNF:2
FNH:0
FNDA:0,(anonymous_1)
FNDA:0,(anonymous_2)
DA:3,0
DA:4,0
DA:6,0
DA:13,0
DA:15,0
DA:17,0
LF:6
LH:0
BRF:0
BRH:0
end_of_record
