TN:
SF:src\app.ts
FN:33,allowCorsOrigin
FN:41,(anonymous_2)
FN:123,(anonymous_3)
FN:126,(anonymous_4)
FN:147,(anonymous_5)
FN:168,(anonymous_6)
FN:173,(anonymous_7)
FNF:7
FNH:0
FNDA:0,allowCorsOrigin
FNDA:0,(anonymous_2)
FNDA:0,(anonymous_3)
FNDA:0,(anonymous_4)
FNDA:0,(anonymous_5)
FNDA:0,(anonymous_6)
FNDA:0,(anonymous_7)
DA:1,1
DA:2,1
DA:3,1
DA:4,1
DA:5,1
DA:6,1
DA:7,1
DA:8,1
DA:9,1
DA:10,1
DA:11,1
DA:12,1
DA:13,1
DA:14,1
DA:15,1
DA:16,1
DA:17,1
DA:19,1
DA:22,1
DA:24,1
DA:28,1
DA:29,1
DA:31,1
DA:32,1
DA:34,0
DA:35,0
DA:37,1
DA:42,0
DA:51,1
DA:63,1
DA:64,1
DA:65,0
DA:67,1
DA:68,1
DA:69,1
DA:71,1
DA:72,1
DA:73,1
DA:74,1
DA:76,1
DA:77,1
DA:78,1
DA:79,1
DA:80,1
DA:91,1
DA:92,1
DA:93,1
DA:94,1
DA:95,1
DA:106,1
DA:107,1
DA:108,1
DA:109,1
DA:110,1
DA:111,1
DA:122,0
DA:123,0
DA:124,0
DA:126,0
DA:127,0
DA:131,1
DA:132,1
DA:133,1
DA:134,1
DA:135,1
DA:136,1
DA:147,0
DA:148,0
DA:152,1
DA:153,1
DA:154,1
DA:155,1
DA:156,1
DA:157,1
DA:168,0
DA:169,0
DA:173,1
DA:174,0
DA:180,1
DA:182,1
LF:80
LH:66
BRDA:25,0,0,0
BRDA:25,0,1,1
BRDA:31,1,0,0
BRDA:31,1,1,1
BRDA:34,2,0,0
BRDA:39,3,0,0
BRDA:39,3,1,1
BRDA:40,4,0,0
BRDA:40,4,1,0
BRDA:45,5,0,1
BRDA:45,5,1,0
BRDA:59,6,0,0
BRDA:59,6,1,1
BRDA:64,7,0,0
BRDA:106,8,0,1
BRDA:106,8,1,0
BRDA:122,9,0,0
BRDA:122,9,1,0
BRDA:131,10,0,1
BRDA:131,10,1,0
BRDA:152,11,0,1
BRDA:152,11,1,0
BRF:22
BRH:8
end_of_record
TN:
SF:src\config\auth.config.ts
FNF:0
FNH:0
DA:1,1
DA:2,1
DA:4,1
LF:3
LH:3
BRF:0
BRH:0
end_of_record
TN:
SF:src\config\database.ts
FN:4,connectDatabase
FNF:1
FNH:0
FNDA:0,connectDatabase
DA:1,0
DA:2,0
DA:4,0
DA:5,0
DA:6,0
DA:7,0
DA:8,0
DA:9,0
DA:11,0
DA:12,0
LF:10
LH:0
BRDA:6,0,0,0
BRF:1
BRH:0
end_of_record
TN:
SF:src\config\env.ts
FNF:0
FNH:0
DA:1,1
DA:3,1
DA:5,1
LF:3
LH:3
BRDA:10,0,0,1
BRDA:10,0,1,0
BRDA:12,1,0,1
BRDA:12,1,1,0
BRDA:16,2,0,1
BRDA:16,2,1,0
BRDA:18,3,0,1
BRDA:18,3,1,0
BRDA:24,4,0,1
BRDA:24,4,1,0
BRDA:28,5,0,1
BRDA:28,5,1,0
BRDA:29,6,0,1
BRDA:29,6,1,0
BRDA:33,7,0,1
BRDA:33,7,1,0
BRDA:40,8,0,1
BRDA:40,8,1,0
BRDA:40,8,2,0
BRDA:41,9,0,1
BRDA:41,9,1,0
BRDA:41,9,2,0
BRDA:48,10,0,1
BRDA:48,10,1,0
BRDA:49,11,0,1
BRDA:49,11,1,0
BRDA:50,12,0,1
BRDA:50,12,1,0
BRF:28
BRH:13
end_of_record
TN:
SF:src\config\frontendUrl.ts
FN:4,getFrontendRedirectBase
FN:9,getProductionAllowedOrigins
FN:12,(anonymous_2)
FN:16,isOriginAllowed
FN:19,(anonymous_4)
FNF:5
FNH:1
FNDA:1,getFrontendRedirectBase
FNDA:0,getProductionAllowedOrigins
FNDA:0,(anonymous_2)
FNDA:0,isOriginAllowed
FNDA:0,(anonymous_4)
DA:1,1
DA:4,1
DA:5,1
DA:9,1
DA:10,0
DA:12,0
DA:16,1
DA:17,0
DA:18,0
DA:19,0
DA:20,0
DA:21,0
DA:23,0
DA:26,0
DA:27,0
DA:28,0
DA:29,0
DA:30,0
DA:32,0
LF:19
LH:5
BRDA:5,0,0,1
BRDA:5,0,1,0
BRDA:5,0,2,0
BRDA:5,1,0,1
BRDA:5,1,1,0
BRDA:10,2,0,0
BRDA:10,2,1,0
BRDA:17,3,0,0
BRDA:18,4,0,0
BRDA:27,5,0,0
BRDA:27,5,1,0
BRDA:29,6,0,0
BRDA:29,7,0,0
BRDA:29,7,1,0
BRDA:30,8,0,0
BRF:15
BRH:2
end_of_record
TN:
SF:src\config\index.ts
FN:1,(anonymous_0)
FN:2,(anonymous_1)
FN:3,(anonymous_2)
FN:3,(anonymous_3)
FN:4,(anonymous_4)
FN:5,(anonymous_5)
FN:5,(anonymous_6)
FN:5,(anonymous_7)
FNF:8
FNH:0
FNDA:0,(anonymous_0)
FNDA:0,(anonymous_1)
FNDA:0,(anonymous_2)
FNDA:0,(anonymous_3)
FNDA:0,(anonymous_4)
FNDA:0,(anonymous_5)
FNDA:0,(anonymous_6)
FNDA:0,(anonymous_7)
DA:1,0
DA:2,0
DA:3,0
DA:4,0
DA:5,0
LF:5
LH:0
BRF:0
BRH:0
end_of_record
TN:
SF:src\config\jwt.ts
FN:4,signAccessToken
FNF:1
FNH:0
FNDA:0,signAccessToken
DA:1,1
DA:2,1
DA:4,1
DA:5,0
DA:6,0
DA:7,0
DA:8,0
DA:9,0
DA:11,0
LF:9
LH:3
BRDA:6,0,0,0
BRDA:6,0,1,0
BRDA:8,1,0,0
BRDA:11,2,0,0
BRDA:11,2,1,0
BRF:5
BRH:0
end_of_record
TN:
SF:src\config\keys.ts
FN:12,readKey
FN:20,loadKey
FNF:2
FNH:2
FNDA:4,readKey
FNDA:2,loadKey
DA:1,1
DA:2,1
DA:5,1
DA:6,1
DA:7,1
DA:10,1
DA:13,4
DA:14,4
DA:16,2
DA:21,2
DA:22,2
DA:23,2
DA:26,1
DA:27,1
DA:29,1
DA:30,0
LF:16
LH:15
BRDA:22,0,0,0
BRDA:29,1,0,0
BRDA:29,2,0,1
BRDA:29,2,1,1
BRDA:29,2,2,0
BRF:5
BRH:2
end_of_record
TN:
SF:src\config\redis.ts
FN:8,connectRedis
FN:16,(anonymous_1)
FN:32,getRedis
FN:36,isRedisAvailable
FNF:4
FNH:1
FNDA:0,connectRedis
FNDA:0,(anonymous_1)
FNDA:1,getRedis
FNDA:0,isRedisAvailable
DA:1,1
DA:2,1
DA:5,1
DA:6,1
DA:8,1
DA:9,0
DA:10,0
DA:11,0
DA:12,0
DA:14,0
DA:15,0
DA:16,0
DA:17,0
DA:18,0
DA:20,0
DA:21,0
DA:22,0
DA:23,0
DA:24,0
DA:26,0
DA:27,0
DA:29,0
DA:32,1
DA:33,1
DA:36,1
DA:37,0
LF:26
LH:8
BRDA:10,0,0,0
BRDA:37,1,0,0
BRDA:37,1,1,0
BRF:3
BRH:0
end_of_record
TN:
SF:src\config\uploadValidation.ts
FN:34,isAllowedImageMime
FN:38,isAllowedDocumentMime
FN:42,checkImageResolution
FNF:3
FNH:0
FNDA:0,isAllowedImageMime
FNDA:0,isAllowedDocumentMime
FNDA:0,checkImageResolution
DA:15,1
DA:16,1
DA:17,1
DA:18,1
DA:20,1
DA:28,1
DA:34,1
DA:35,0
DA:38,1
DA:39,0
DA:42,1
DA:43,0
DA:44,0
LF:13
LH:9
BRDA:43,0,0,0
BRDA:43,1,0,0
BRDA:43,1,1,0
BRF:3
BRH:0
end_of_record
TN:
SF:src\controllers\analytics.controller.ts
FN:10,getDayBucket
FN:17,recordProfileView
FN:24,(anonymous_3)
FN:120,(anonymous_4)
FN:154,getProfileOverview
FN:254,getProfileTimeSeries
FN:297,(anonymous_7)
FNF:7
FNH:0
FNDA:0,getDayBucket
FNDA:0,recordProfileView
FNDA:0,(anonymous_3)
FNDA:0,(anonymous_4)
FNDA:0,getProfileOverview
FNDA:0,getProfileTimeSeries
FNDA:0,(anonymous_7)
DA:2,1
DA:3,1
DA:4,1
DA:5,1
DA:7,1
DA:8,1
DA:11,0
DA:12,0
DA:13,0
DA:14,0
DA:17,1
DA:18,0
DA:19,0
DA:20,0
DA:22,0
DA:23,0
DA:24,0
DA:25,0
DA:26,0
DA:29,0
DA:30,0
DA:31,0
DA:34,0
DA:38,0
DA:39,0
DA:40,0
DA:43,0
DA:46,0
DA:47,0
DA:48,0
DA:51,0
DA:52,0
DA:55,0
DA:58,0
DA:59,0
DA:60,0
DA:61,0
DA:62,0
DA:64,0
DA:65,0
DA:73,0
DA:74,0
DA:75,0
DA:76,0
DA:78,0
DA:79,0
DA:82,0
DA:88,0
DA:89,0
DA:99,0
DA:100,0
DA:101,0
DA:102,0
DA:103,0
DA:105,0
DA:107,0
DA:108,0
DA:112,0
DA:121,0
DA:128,0
DA:130,0
DA:131,0
DA:132,0
DA:134,0
DA:137,0
DA:146,0
DA:149,0
DA:150,0
DA:154,1
DA:155,0
DA:156,0
DA:157,0
DA:158,0
DA:159,0
DA:162,0
DA:166,0
DA:167,0
DA:168,0
DA:171,0
DA:172,0
DA:173,0
DA:175,0
DA:176,0
DA:178,0
DA:179,0
DA:181,0
DA:182,0
DA:184,0
DA:185,0
DA:186,0
DA:187,0
DA:195,0
DA:196,0
DA:200,0
DA:207,0
DA:208,0
DA:209,0
DA:210,0
DA:211,0
DA:213,0
DA:214,0
DA:215,0
DA:216,0
DA:217,0
DA:218,0
DA:220,0
DA:221,0
DA:222,0
DA:223,0
DA:225,0
DA:226,0
DA:230,0
DA:239,0
DA:240,0
DA:243,0
DA:249,0
DA:250,0
DA:254,1
DA:255,0
DA:256,0
DA:257,0
DA:258,0
DA:259,0
DA:262,0
DA:266,0
DA:267,0
DA:268,0
DA:271,0
DA:272,0
DA:273,0
DA:274,0
DA:275,0
DA:277,0
DA:278,0
DA:280,0
DA:281,0
DA:282,0
DA:283,0
DA:284,0
DA:285,0
DA:289,0
DA:297,0
DA:302,0
DA:303,0
DA:306,0
DA:309,0
DA:310,0
LF:147
LH:9
BRDA:22,0,0,0
BRDA:22,0,1,0
BRDA:24,1,0,0
BRDA:29,2,0,0
BRDA:38,3,0,0
BRDA:46,4,0,0
BRDA:46,5,0,0
BRDA:46,5,1,0
BRDA:55,6,0,0
BRDA:55,6,1,0
BRDA:58,7,0,0
BRDA:61,8,0,0
BRDA:61,8,1,0
BRDA:61,9,0,0
BRDA:61,9,1,0
BRDA:73,10,0,0
BRDA:73,10,1,0
BRDA:74,11,0,0
BRDA:74,11,1,0
BRDA:75,12,0,0
BRDA:75,12,1,0
BRDA:75,12,2,0
BRDA:91,13,0,0
BRDA:91,13,1,0
BRDA:102,14,0,0
BRDA:102,14,1,0
BRDA:107,15,0,0
BRDA:114,16,0,0
BRDA:114,16,1,0
BRDA:122,17,0,0
BRDA:122,17,1,0
BRDA:130,18,0,0
BRDA:157,19,0,0
BRDA:166,20,0,0
BRDA:184,21,0,0
BRDA:186,22,0,0
BRDA:214,23,0,0
BRDA:214,23,1,0
BRDA:215,24,0,0
BRDA:215,24,1,0
BRDA:216,25,0,0
BRDA:216,25,1,0
BRDA:217,26,0,0
BRDA:220,27,0,0
BRDA:225,28,0,0
BRDA:231,29,0,0
BRDA:231,29,1,0
BRDA:232,30,0,0
BRDA:232,30,1,0
BRDA:233,31,0,0
BRDA:233,31,1,0
BRDA:234,32,0,0
BRDA:234,32,1,0
BRDA:235,33,0,0
BRDA:235,33,1,0
BRDA:236,34,0,0
BRDA:236,34,1,0
BRDA:239,35,0,0
BRDA:257,36,0,0
BRDA:266,37,0,0
BRDA:280,38,0,0
BRDA:282,39,0,0
BRDA:299,40,0,0
BRDA:299,40,1,0
BRDA:302,41,0,0
BRF:65
BRH:0
end_of_record
TN:
SF:src\controllers\auth.controller.ts
FN:41,getEmailErrorMessage
FN:67,getClientMeta
FN:77,hashToken
FN:81,generateRefreshToken
FN:85,parseUserAgent
FN:93,createSession
FN:112,createSessionAndTokens
FN:122,logSecurityEvent
FN:138,storeIntent
FN:154,getTwoFactorSetupSecret
FN:161,storeTwoFactorSetupSecret
FN:170,isEmailConfigured
FN:174,sendOtp
FN:225,signupEmail
FN:277,verifyOtp
FN:449,verifyTwoFactorLogin
FN:514,refresh
FN:556,logout
FN:591,revokeSessionByRefreshToken
FN:616,me
FN:664,setupTwoFactor
FN:699,enableTwoFactor
FN:757,disableTwoFactor
FN:803,listSessions
FN:823,(anonymous_34)
FN:839,revokeSession
FN:869,logoutAll
FN:890,logoutOthers
FN:911,listSecurityEvents
FN:928,(anonymous_39)
FN:949,updateProfile
FN:971,(anonymous_41)
FN:993,(anonymous_42)
FN:995,(anonymous_43)
FN:996,(anonymous_44)
FN:1016,(anonymous_45)
FN:1018,(anonymous_46)
FN:1019,(anonymous_47)
FN:1042,(anonymous_48)
FN:1044,(anonymous_49)
FN:1045,(anonymous_50)
FN:1093,(anonymous_51)
FN:1111,(anonymous_52)
FN:1112,(anonymous_53)
FN:1118,(anonymous_54)
FN:1130,(anonymous_55)
FN:1131,(anonymous_56)
FN:1137,(anonymous_57)
FN:1149,(anonymous_58)
FN:1150,(anonymous_59)
FN:1156,(anonymous_60)
FN:1190,(anonymous_61)
FN:1191,(anonymous_62)
FN:1197,(anonymous_63)
FN:1270,parseCv
FN:1279,(anonymous_65)
FN:1281,(anonymous_66)
FN:1298,createIntent
FN:1333,deleteAccount
FN:1377,linkRequest
FN:1415,initEmailChange
FN:1481,verifyEmailChange
FN:1569,cancelEmailChange
FN:1594,disconnectProvider
FN:1655,initQrLogin
FN:1672,approveQrLogin
FN:1707,pollQrLogin
FNF:67
FNH:0
FNDA:0,getEmailErrorMessage
FNDA:0,getClientMeta
FNDA:0,hashToken
FNDA:0,generateRefreshToken
FNDA:0,parseUserAgent
FNDA:0,createSession
FNDA:0,createSessionAndTokens
FNDA:0,logSecurityEvent
FNDA:0,storeIntent
FNDA:0,getTwoFactorSetupSecret
FNDA:0,storeTwoFactorSetupSecret
FNDA:0,isEmailConfigured
FNDA:0,sendOtp
FNDA:0,signupEmail
FNDA:0,verifyOtp
FNDA:0,verifyTwoFactorLogin
FNDA:0,refresh
FNDA:0,logout
FNDA:0,revokeSessionByRefreshToken
FNDA:0,me
FNDA:0,setupTwoFactor
FNDA:0,enableTwoFactor
FNDA:0,disableTwoFactor
FNDA:0,listSessions
FNDA:0,(anonymous_34)
FNDA:0,revokeSession
FNDA:0,logoutAll
FNDA:0,logoutOthers
FNDA:0,listSecurityEvents
FNDA:0,(anonymous_39)
FNDA:0,updateProfile
FNDA:0,(anonymous_41)
FNDA:0,(anonymous_42)
FNDA:0,(anonymous_43)
FNDA:0,(anonymous_44)
FNDA:0,(anonymous_45)
FNDA:0,(anonymous_46)
FNDA:0,(anonymous_47)
FNDA:0,(anonymous_48)
FNDA:0,(anonymous_49)
FNDA:0,(anonymous_50)
FNDA:0,(anonymous_51)
FNDA:0,(anonymous_52)
FNDA:0,(anonymous_53)
FNDA:0,(anonymous_54)
FNDA:0,(anonymous_55)
FNDA:0,(anonymous_56)
FNDA:0,(anonymous_57)
FNDA:0,(anonymous_58)
FNDA:0,(anonymous_59)
FNDA:0,(anonymous_60)
FNDA:0,(anonymous_61)
FNDA:0,(anonymous_62)
FNDA:0,(anonymous_63)
FNDA:0,parseCv
FNDA:0,(anonymous_65)
FNDA:0,(anonymous_66)
FNDA:0,createIntent
FNDA:0,deleteAccount
FNDA:0,linkRequest
FNDA:0,initEmailChange
FNDA:0,verifyEmailChange
FNDA:0,cancelEmailChange
FNDA:0,disconnectProvider
FNDA:0,initQrLogin
FNDA:0,approveQrLogin
FNDA:0,pollQrLogin
DA:2,1
DA:3,1
DA:4,1
DA:5,1
DA:6,1
DA:7,1
DA:8,1
DA:9,1
DA:10,1
DA:11,1
DA:12,1
DA:13,1
DA:15,1
DA:16,1
DA:17,1
DA:31,1
DA:42,0
DA:43,0
DA:44,0
DA:46,0
DA:49,1
DA:50,1
DA:51,1
DA:52,1
DA:53,1
DA:54,1
DA:55,1
DA:56,1
DA:57,1
DA:58,1
DA:59,1
DA:62,1
DA:64,1
DA:69,0
DA:73,0
DA:74,0
DA:78,0
DA:82,0
DA:86,0
DA:87,0
DA:88,0
DA:89,0
DA:90,0
DA:98,0
DA:99,0
DA:100,0
DA:108,0
DA:112,1
DA:116,0
DA:117,0
DA:118,0
DA:119,0
DA:128,0
DA:129,0
DA:130,0
DA:131,0
DA:132,0
DA:134,0
DA:142,0
DA:143,0
DA:144,0
DA:146,0
DA:147,0
DA:148,0
DA:149,0
DA:150,0
DA:151,0
DA:155,0
DA:156,0
DA:157,0
DA:158,0
DA:162,0
DA:163,0
DA:164,0
DA:166,0
DA:167,0
DA:171,0
DA:174,1
DA:175,0
DA:176,0
DA:177,0
DA:181,0
DA:183,0
DA:184,0
DA:185,0
DA:186,0
DA:187,0
DA:191,0
DA:193,0
DA:194,0
DA:196,0
DA:197,0
DA:198,0
DA:199,0
DA:212,0
DA:214,0
DA:216,0
DA:221,0
DA:225,1
DA:226,0
DA:227,0
DA:228,0
DA:232,0
DA:234,0
DA:235,0
DA:236,0
DA:237,0
DA:238,0
DA:239,0
DA:243,0
DA:245,0
DA:246,0
DA:248,0
DA:249,0
DA:250,0
DA:251,0
DA:264,0
DA:266,0
DA:268,0
DA:273,0
DA:277,1
DA:278,0
DA:279,0
DA:280,0
DA:281,0
DA:282,0
DA:283,0
DA:287,0
DA:289,0
DA:292,0
DA:293,0
DA:294,0
DA:295,0
DA:296,0
DA:297,0
DA:298,0
DA:299,0
DA:304,0
DA:308,0
DA:309,0
DA:311,0
DA:314,0
DA:315,0
DA:316,0
DA:317,0
DA:320,0
DA:321,0
DA:322,0
DA:323,0
DA:324,0
DA:326,0
DA:327,0
DA:328,0
DA:329,0
DA:334,0
DA:338,0
DA:342,0
DA:344,0
DA:347,0
DA:348,0
DA:349,0
DA:351,0
DA:352,0
DA:354,0
DA:355,0
DA:356,0
DA:358,0
DA:359,0
DA:371,0
DA:372,0
DA:373,0
DA:378,0
DA:379,0
DA:380,0
DA:381,0
DA:382,0
DA:383,0
DA:385,0
DA:386,0
DA:390,0
DA:391,0
DA:392,0
DA:393,0
DA:401,0
DA:403,0
DA:407,0
DA:410,0
DA:411,0
DA:412,0
DA:413,0
DA:414,0
DA:423,0
DA:427,0
DA:444,0
DA:445,0
DA:449,1
DA:450,0
DA:451,0
DA:452,0
DA:453,0
DA:454,0
DA:457,0
DA:458,0
DA:459,0
DA:460,0
DA:463,0
DA:464,0
DA:465,0
DA:466,0
DA:469,0
DA:475,0
DA:476,0
DA:477,0
DA:480,0
DA:481,0
DA:482,0
DA:483,0
DA:492,0
DA:493,0
DA:509,0
DA:510,0
DA:514,1
DA:515,0
DA:516,0
DA:517,0
DA:518,0
DA:519,0
DA:521,0
DA:522,0
DA:527,0
DA:528,0
DA:532,0
DA:534,0
DA:535,0
DA:536,0
DA:537,0
DA:540,0
DA:541,0
DA:542,0
DA:543,0
DA:544,0
DA:551,0
DA:552,0
DA:556,1
DA:557,0
DA:558,0
DA:559,0
DA:560,0
DA:561,0
DA:562,0
DA:563,0
DA:564,0
DA:565,0
DA:566,0
DA:567,0
DA:570,0
DA:571,0
DA:572,0
DA:573,0
DA:574,0
DA:575,0
DA:576,0
DA:577,0
DA:578,0
DA:579,0
DA:583,0
DA:585,0
DA:586,0
DA:591,1
DA:592,0
DA:593,0
DA:594,0
DA:595,0
DA:596,0
DA:598,0
DA:599,0
DA:600,0
DA:601,0
DA:602,0
DA:603,0
DA:604,0
DA:609,0
DA:611,0
DA:612,0
DA:616,1
DA:617,0
DA:618,0
DA:619,0
DA:620,0
DA:621,0
DA:622,0
DA:624,0
DA:625,0
DA:659,0
DA:660,0
DA:664,1
DA:665,0
DA:666,0
DA:667,0
DA:668,0
DA:669,0
DA:672,0
DA:673,0
DA:674,0
DA:675,0
DA:678,0
DA:684,0
DA:685,0
DA:686,0
DA:688,0
DA:694,0
DA:695,0
DA:699,1
DA:700,0
DA:701,0
DA:702,0
DA:703,0
DA:704,0
DA:707,0
DA:708,0
DA:709,0
DA:710,0
DA:713,0
DA:714,0
DA:715,0
DA:716,0
DA:719,0
DA:726,0
DA:727,0
DA:728,0
DA:731,0
DA:737,0
DA:738,0
DA:739,0
DA:742,0
DA:743,0
DA:744,0
DA:747,0
DA:748,0
DA:750,0
DA:752,0
DA:753,0
DA:757,1
DA:758,0
DA:759,0
DA:760,0
DA:761,0
DA:762,0
DA:765,0
DA:766,0
DA:767,0
DA:768,0
DA:771,0
DA:772,0
DA:773,0
DA:774,0
DA:777,0
DA:784,0
DA:785,0
DA:786,0
DA:789,0
DA:790,0
DA:791,0
DA:793,0
DA:794,0
DA:796,0
DA:798,0
DA:799,0
DA:803,1
DA:804,0
DA:805,0
DA:806,0
DA:807,0
DA:808,0
DA:810,0
DA:811,0
DA:812,0
DA:821,0
DA:823,0
DA:834,0
DA:835,0
DA:839,1
DA:840,0
DA:841,0
DA:842,0
DA:843,0
DA:844,0
DA:846,0
DA:847,0
DA:848,0
DA:849,0
DA:852,0
DA:853,0
DA:854,0
DA:855,0
DA:858,0
DA:859,0
DA:860,0
DA:862,0
DA:864,0
DA:865,0
DA:869,1
DA:870,0
DA:871,0
DA:872,0
DA:873,0
DA:874,0
DA:877,0
DA:881,0
DA:883,0
DA:885,0
DA:886,0
DA:890,1
DA:891,0
DA:892,0
DA:893,0
DA:894,0
DA:895,0
DA:898,0
DA:902,0
DA:904,0
DA:906,0
DA:907,0
DA:911,1
DA:912,0
DA:913,0
DA:914,0
DA:915,0
DA:916,0
DA:918,0
DA:919,0
DA:921,0
DA:926,0
DA:928,0
DA:938,0
DA:939,0
DA:943,1
DA:949,1
DA:950,0
DA:951,0
DA:952,0
DA:953,0
DA:954,0
DA:957,0
DA:958,0
DA:959,0
DA:960,0
DA:962,0
DA:963,0
DA:964,0
DA:969,0
DA:970,0
DA:971,0
DA:972,0
DA:973,0
DA:976,0
DA:977,0
DA:981,0
DA:982,0
DA:983,0
DA:985,0
DA:989,0
DA:990,0
DA:991,0
DA:992,0
DA:993,0
DA:995,0
DA:996,0
DA:997,0
DA:998,0
DA:999,0
DA:1000,0
DA:1001,0
DA:1002,0
DA:1004,0
DA:1005,0
DA:1008,0
DA:1012,0
DA:1013,0
DA:1014,0
DA:1015,0
DA:1016,0
DA:1018,0
DA:1019,0
DA:1020,0
DA:1021,0
DA:1022,0
DA:1023,0
DA:1024,0
DA:1025,0
DA:1026,0
DA:1028,0
DA:1029,0
DA:1032,0
DA:1034,0
DA:1038,0
DA:1039,0
DA:1040,0
DA:1041,0
DA:1042,0
DA:1044,0
DA:1045,0
DA:1046,0
DA:1047,0
DA:1048,0
DA:1049,0
DA:1051,0
DA:1052,0
DA:1053,0
DA:1054,0
DA:1055,0
DA:1057,0
DA:1058,0
DA:1060,0
DA:1061,0
DA:1064,0
DA:1068,0
DA:1069,0
DA:1070,0
DA:1071,0
DA:1072,0
DA:1073,0
DA:1075,0
DA:1078,0
DA:1084,0
DA:1085,0
DA:1086,0
DA:1090,0
DA:1091,0
DA:1092,0
DA:1093,0
DA:1094,0
DA:1097,0
DA:1098,0
DA:1099,0
DA:1100,0
DA:1101,0
DA:1103,0
DA:1104,0
DA:1108,0
DA:1109,0
DA:1110,0
DA:1111,0
DA:1112,0
DA:1113,0
DA:1114,0
DA:1115,0
DA:1116,0
DA:1118,0
DA:1119,0
DA:1122,0
DA:1123,0
DA:1127,0
DA:1128,0
DA:1129,0
DA:1130,0
DA:1131,0
DA:1132,0
DA:1133,0
DA:1134,0
DA:1135,0
DA:1137,0
DA:1138,0
DA:1141,0
DA:1142,0
DA:1146,0
DA:1147,0
DA:1148,0
DA:1149,0
DA:1150,0
DA:1151,0
DA:1152,0
DA:1153,0
DA:1154,0
DA:1156,0
DA:1157,0
DA:1160,0
DA:1161,0
DA:1165,0
DA:1166,0
DA:1167,0
DA:1168,0
DA:1169,0
DA:1170,0
DA:1171,0
DA:1174,0
DA:1175,0
DA:1176,0
DA:1179,0
DA:1180,0
DA:1181,0
DA:1182,0
DA:1187,0
DA:1188,0
DA:1189,0
DA:1190,0
DA:1191,0
DA:1192,0
DA:1193,0
DA:1194,0
DA:1195,0
DA:1197,0
DA:1198,0
DA:1201,0
DA:1202,0
DA:1203,0
DA:1207,0
DA:1208,0
DA:1209,0
DA:1210,0
DA:1211,0
DA:1212,0
DA:1213,0
DA:1216,0
DA:1217,0
DA:1218,0
DA:1221,0
DA:1222,0
DA:1223,0
DA:1224,0
DA:1229,0
DA:1230,0
DA:1233,0
DA:1259,0
DA:1260,0
DA:1261,0
DA:1262,0
DA:1264,0
DA:1265,0
DA:1270,1
DA:1271,0
DA:1272,0
DA:1273,0
DA:1274,0
DA:1275,0
DA:1276,0
DA:1279,0
DA:1280,0
DA:1281,0
DA:1282,0
DA:1283,0
DA:1290,0
DA:1291,0
DA:1298,1
DA:1299,0
DA:1300,0
DA:1301,0
DA:1302,0
DA:1303,0
DA:1306,0
DA:1307,0
DA:1308,0
DA:1309,0
DA:1312,0
DA:1313,0
DA:1314,0
DA:1317,0
DA:1320,0
DA:1323,0
DA:1326,0
DA:1327,0
DA:1328,0
DA:1333,1
DA:1334,0
DA:1335,0
DA:1336,0
DA:1337,0
DA:1338,0
DA:1341,0
DA:1346,0
DA:1352,0
DA:1353,0
DA:1354,0
DA:1357,0
DA:1358,0
DA:1359,0
DA:1361,0
DA:1366,0
DA:1367,0
DA:1371,1
DA:1372,1
DA:1374,1
DA:1377,1
DA:1378,0
DA:1379,0
DA:1380,0
DA:1381,0
DA:1382,0
DA:1384,0
DA:1385,0
DA:1386,0
DA:1390,0
DA:1392,0
DA:1393,0
DA:1394,0
DA:1395,0
DA:1397,0
DA:1398,0
DA:1399,0
DA:1400,0
DA:1401,0
DA:1402,0
DA:1403,0
DA:1405,0
DA:1410,0
DA:1411,0
DA:1415,1
DA:1416,0
DA:1417,0
DA:1418,0
DA:1419,0
DA:1420,0
DA:1422,0
DA:1423,0
DA:1424,0
DA:1426,0
DA:1427,0
DA:1428,0
DA:1429,0
DA:1430,0
DA:1432,0
DA:1433,0
DA:1434,0
DA:1435,0
DA:1437,0
DA:1438,0
DA:1439,0
DA:1440,0
DA:1442,0
DA:1443,0
DA:1444,0
DA:1445,0
DA:1447,0
DA:1448,0
DA:1449,0
DA:1450,0
DA:1452,0
DA:1453,0
DA:1454,0
DA:1455,0
DA:1457,0
DA:1458,0
DA:1464,0
DA:1471,0
DA:1476,0
DA:1477,0
DA:1481,1
DA:1482,0
DA:1483,0
DA:1484,0
DA:1485,0
DA:1486,0
DA:1488,0
DA:1489,0
DA:1490,0
DA:1491,0
DA:1492,0
DA:1493,0
DA:1495,0
DA:1496,0
DA:1497,0
DA:1499,0
DA:1500,0
DA:1501,0
DA:1502,0
DA:1504,0
DA:1505,0
DA:1506,0
DA:1507,0
DA:1508,0
DA:1511,0
DA:1512,0
DA:1514,0
DA:1515,0
DA:1517,0
DA:1518,0
DA:1519,0
DA:1521,0
DA:1523,0
DA:1524,0
DA:1525,0
DA:1526,0
DA:1528,0
DA:1529,0
DA:1555,0
DA:1556,0
DA:1558,0
DA:1563,0
DA:1564,0
DA:1569,1
DA:1570,0
DA:1571,0
DA:1572,0
DA:1573,0
DA:1574,0
DA:1576,0
DA:1577,0
DA:1578,0
DA:1579,0
DA:1581,0
DA:1586,0
DA:1587,0
DA:1591,1
DA:1594,1
DA:1595,0
DA:1596,0
DA:1597,0
DA:1598,0
DA:1599,0
DA:1601,0
DA:1602,0
DA:1603,0
DA:1604,0
DA:1607,0
DA:1608,0
DA:1609,0
DA:1610,0
DA:1613,0
DA:1614,0
DA:1615,0
DA:1616,0
DA:1617,0
DA:1618,0
DA:1619,0
DA:1620,0
DA:1621,0
DA:1622,0
DA:1623,0
DA:1624,0
DA:1625,0
DA:1626,0
DA:1627,0
DA:1628,0
DA:1629,0
DA:1630,0
DA:1631,0
DA:1632,0
DA:1633,0
DA:1634,0
DA:1637,0
DA:1638,0
DA:1642,0
DA:1643,0
DA:1645,0
DA:1650,0
DA:1651,0
DA:1655,1
DA:1656,0
DA:1657,0
DA:1658,0
DA:1659,0
DA:1660,0
DA:1662,0
DA:1663,0
DA:1664,0
DA:1665,0
DA:1667,0
DA:1668,0
DA:1672,1
DA:1673,0
DA:1674,0
DA:1675,0
DA:1676,0
DA:1677,0
DA:1679,0
DA:1680,0
DA:1681,0
DA:1682,0
DA:1684,0
DA:1685,0
DA:1686,0
DA:1687,0
DA:1689,0
DA:1690,0
DA:1691,0
DA:1692,0
DA:1693,0
DA:1695,0
DA:1700,0
DA:1702,0
DA:1703,0
DA:1707,1
DA:1708,0
DA:1709,0
DA:1710,0
DA:1711,0
DA:1712,0
DA:1714,0
DA:1715,0
DA:1716,0
DA:1717,0
DA:1719,0
DA:1720,0
DA:1721,0
DA:1722,0
DA:1723,0
DA:1725,0
DA:1726,0
DA:1727,0
DA:1728,0
DA:1732,0
DA:1733,0
DA:1734,0
DA:1735,0
DA:1736,0
DA:1738,0
DA:1739,0
DA:1740,0
DA:1749,0
DA:1751,0
DA:1760,0
DA:1761,0
LF:912
LH:63
BRDA:37,0,0,1
BRDA:37,0,1,0
BRDA:43,1,0,0
BRDA:46,2,0,0
BRDA:46,2,1,0
BRDA:69,3,0,0
BRDA:69,3,1,0
BRDA:69,3,2,0
BRDA:69,3,3,0
BRDA:73,4,0,0
BRDA:73,4,1,0
BRDA:86,5,0,0
BRDA:88,6,0,0
BRDA:88,6,1,0
BRDA:89,7,0,0
BRDA:89,7,1,0
BRDA:126,8,0,0
BRDA:131,9,0,0
BRDA:143,10,0,0
BRDA:156,11,0,0
BRDA:158,12,0,0
BRDA:158,12,1,0
BRDA:163,13,0,0
BRDA:171,14,0,0
BRDA:171,14,1,0
BRDA:171,14,2,0
BRDA:176,15,0,0
BRDA:186,16,0,0
BRDA:194,17,0,0
BRDA:200,18,0,0
BRDA:200,18,1,0
BRDA:216,19,0,0
BRDA:216,19,1,0
BRDA:218,20,0,0
BRDA:218,20,1,0
BRDA:227,21,0,0
BRDA:236,22,0,0
BRDA:236,22,1,0
BRDA:238,23,0,0
BRDA:246,24,0,0
BRDA:252,25,0,0
BRDA:252,25,1,0
BRDA:268,26,0,0
BRDA:268,26,1,0
BRDA:270,27,0,0
BRDA:270,27,1,0
BRDA:281,28,0,0
BRDA:281,28,1,0
BRDA:282,29,0,0
BRDA:292,30,0,0
BRDA:295,31,0,0
BRDA:295,31,1,0
BRDA:295,32,0,0
BRDA:295,32,1,0
BRDA:296,33,0,0
BRDA:298,34,0,0
BRDA:298,34,1,0
BRDA:302,35,0,0
BRDA:302,35,1,0
BRDA:309,36,0,0
BRDA:309,36,1,0
BRDA:311,37,0,0
BRDA:311,37,1,0
BRDA:314,38,0,0
BRDA:314,38,1,0
BRDA:315,39,0,0
BRDA:320,40,0,0
BRDA:323,41,0,0
BRDA:326,42,0,0
BRDA:328,43,0,0
BRDA:328,43,1,0
BRDA:330,44,0,0
BRDA:330,44,1,0
BRDA:332,45,0,0
BRDA:332,45,1,0
BRDA:347,46,0,0
BRDA:354,47,0,0
BRDA:354,47,1,0
BRDA:355,48,0,0
BRDA:355,48,1,0
BRDA:355,49,0,0
BRDA:355,49,1,0
BRDA:382,50,0,0
BRDA:382,50,1,0
BRDA:390,51,0,0
BRDA:413,52,0,0
BRDA:413,52,1,0
BRDA:452,53,0,0
BRDA:452,54,0,0
BRDA:452,54,1,0
BRDA:458,55,0,0
BRDA:464,56,0,0
BRDA:464,57,0,0
BRDA:464,57,1,0
BRDA:464,57,2,0
BRDA:475,58,0,0
BRDA:517,59,0,0
BRDA:527,60,0,0
BRDA:535,61,0,0
BRDA:535,62,0,0
BRDA:535,62,1,0
BRDA:559,63,0,0
BRDA:559,63,1,0
BRDA:560,64,0,0
BRDA:560,64,1,0
BRDA:560,65,0,0
BRDA:560,65,1,0
BRDA:562,66,0,0
BRDA:571,67,0,0
BRDA:571,67,1,0
BRDA:572,68,0,0
BRDA:572,69,0,0
BRDA:572,69,1,0
BRDA:574,70,0,0
BRDA:594,71,0,0
BRDA:594,72,0,0
BRDA:594,72,1,0
BRDA:600,73,0,0
BRDA:620,74,0,0
BRDA:653,75,0,0
BRDA:653,75,1,0
BRDA:667,76,0,0
BRDA:673,77,0,0
BRDA:685,78,0,0
BRDA:685,78,1,0
BRDA:702,79,0,0
BRDA:708,80,0,0
BRDA:714,81,0,0
BRDA:726,82,0,0
BRDA:738,83,0,0
BRDA:742,84,0,0
BRDA:760,85,0,0
BRDA:766,86,0,0
BRDA:772,87,0,0
BRDA:772,88,0,0
BRDA:772,88,1,0
BRDA:772,88,2,0
BRDA:784,89,0,0
BRDA:806,90,0,0
BRDA:810,91,0,0
BRDA:810,91,1,0
BRDA:811,92,0,0
BRDA:811,92,1,0
BRDA:842,93,0,0
BRDA:847,94,0,0
BRDA:853,95,0,0
BRDA:853,96,0,0
BRDA:853,96,1,0
BRDA:872,97,0,0
BRDA:893,98,0,0
BRDA:893,99,0,0
BRDA:893,99,1,0
BRDA:914,100,0,0
BRDA:918,101,0,0
BRDA:918,101,1,0
BRDA:919,102,0,0
BRDA:919,102,1,0
BRDA:952,103,0,0
BRDA:957,104,0,0
BRDA:957,104,1,0
BRDA:960,105,0,0
BRDA:962,106,0,0
BRDA:971,107,0,0
BRDA:973,108,0,0
BRDA:976,109,0,0
BRDA:981,110,0,0
BRDA:990,111,0,0
BRDA:990,112,0,0
BRDA:990,112,1,0
BRDA:992,113,0,0
BRDA:992,113,1,0
BRDA:993,114,0,0
BRDA:993,114,1,0
BRDA:997,115,0,0
BRDA:997,115,1,0
BRDA:999,116,0,0
BRDA:999,116,1,0
BRDA:1000,117,0,0
BRDA:1000,117,1,0
BRDA:1005,118,0,0
BRDA:1005,119,0,0
BRDA:1005,119,1,0
BRDA:1013,120,0,0
BRDA:1013,121,0,0
BRDA:1013,121,1,0
BRDA:1015,122,0,0
BRDA:1015,122,1,0
BRDA:1016,123,0,0
BRDA:1016,123,1,0
BRDA:1020,124,0,0
BRDA:1020,124,1,0
BRDA:1023,125,0,0
BRDA:1023,125,1,0
BRDA:1024,126,0,0
BRDA:1024,126,1,0
BRDA:1029,127,0,0
BRDA:1029,128,0,0
BRDA:1029,128,1,0
BRDA:1039,129,0,0
BRDA:1039,130,0,0
BRDA:1039,130,1,0
BRDA:1041,131,0,0
BRDA:1041,131,1,0
BRDA:1042,132,0,0
BRDA:1042,132,1,0
BRDA:1046,133,0,0
BRDA:1046,133,1,0
BRDA:1052,134,0,0
BRDA:1052,134,1,0
BRDA:1053,135,0,0
BRDA:1053,135,1,0
BRDA:1058,136,0,0
BRDA:1058,137,0,0
BRDA:1058,137,1,0
BRDA:1060,138,0,0
BRDA:1060,139,0,0
BRDA:1060,139,1,0
BRDA:1069,140,0,0
BRDA:1069,141,0,0
BRDA:1069,141,1,0
BRDA:1084,142,0,0
BRDA:1092,143,0,0
BRDA:1097,144,0,0
BRDA:1098,145,0,0
BRDA:1098,145,1,0
BRDA:1099,146,0,0
BRDA:1099,146,1,0
BRDA:1101,147,0,0
BRDA:1104,148,0,0
BRDA:1108,149,0,0
BRDA:1109,150,0,0
BRDA:1109,150,1,0
BRDA:1110,151,0,0
BRDA:1110,151,1,0
BRDA:1111,152,0,0
BRDA:1111,152,1,0
BRDA:1112,153,0,0
BRDA:1112,153,1,0
BRDA:1114,154,0,0
BRDA:1114,154,1,0
BRDA:1115,155,0,0
BRDA:1116,156,0,0
BRDA:1116,156,1,0
BRDA:1118,157,0,0
BRDA:1118,157,1,0
BRDA:1119,158,0,0
BRDA:1119,159,0,0
BRDA:1119,159,1,0
BRDA:1123,160,0,0
BRDA:1127,161,0,0
BRDA:1128,162,0,0
BRDA:1128,162,1,0
BRDA:1129,163,0,0
BRDA:1129,163,1,0
BRDA:1130,164,0,0
BRDA:1130,164,1,0
BRDA:1131,165,0,0
BRDA:1131,165,1,0
BRDA:1133,166,0,0
BRDA:1133,166,1,0
BRDA:1134,167,0,0
BRDA:1135,168,0,0
BRDA:1135,168,1,0
BRDA:1137,169,0,0
BRDA:1137,169,1,0
BRDA:1138,170,0,0
BRDA:1138,171,0,0
BRDA:1138,171,1,0
BRDA:1142,172,0,0
BRDA:1146,173,0,0
BRDA:1147,174,0,0
BRDA:1147,174,1,0
BRDA:1148,175,0,0
BRDA:1148,175,1,0
BRDA:1149,176,0,0
BRDA:1149,176,1,0
BRDA:1150,177,0,0
BRDA:1150,177,1,0
BRDA:1152,178,0,0
BRDA:1152,178,1,0
BRDA:1153,179,0,0
BRDA:1154,180,0,0
BRDA:1154,180,1,0
BRDA:1156,181,0,0
BRDA:1156,181,1,0
BRDA:1157,182,0,0
BRDA:1157,183,0,0
BRDA:1157,183,1,0
BRDA:1161,184,0,0
BRDA:1165,185,0,0
BRDA:1166,186,0,0
BRDA:1166,186,1,0
BRDA:1167,187,0,0
BRDA:1167,187,1,0
BRDA:1168,188,0,0
BRDA:1174,189,0,0
BRDA:1181,190,0,0
BRDA:1187,191,0,0
BRDA:1188,192,0,0
BRDA:1188,192,1,0
BRDA:1189,193,0,0
BRDA:1189,193,1,0
BRDA:1190,194,0,0
BRDA:1190,194,1,0
BRDA:1190,195,0,0
BRDA:1190,195,1,0
BRDA:1191,196,0,0
BRDA:1191,196,1,0
BRDA:1191,197,0,0
BRDA:1191,197,1,0
BRDA:1194,198,0,0
BRDA:1194,198,1,0
BRDA:1194,199,0,0
BRDA:1194,199,1,0
BRDA:1195,200,0,0
BRDA:1195,200,1,0
BRDA:1197,201,0,0
BRDA:1197,201,1,0
BRDA:1197,202,0,0
BRDA:1197,202,1,0
BRDA:1198,203,0,0
BRDA:1198,204,0,0
BRDA:1198,204,1,0
BRDA:1202,205,0,0
BRDA:1202,205,1,0
BRDA:1202,206,0,0
BRDA:1202,206,1,0
BRDA:1203,207,0,0
BRDA:1207,208,0,0
BRDA:1208,209,0,0
BRDA:1208,209,1,0
BRDA:1209,210,0,0
BRDA:1209,210,1,0
BRDA:1210,211,0,0
BRDA:1216,212,0,0
BRDA:1223,213,0,0
BRDA:1229,214,0,0
BRDA:1260,215,0,0
BRDA:1273,216,0,0
BRDA:1273,216,1,0
BRDA:1274,217,0,0
BRDA:1282,218,0,0
BRDA:1282,218,1,0
BRDA:1287,219,0,0
BRDA:1287,219,1,0
BRDA:1293,220,0,0
BRDA:1293,220,1,0
BRDA:1301,221,0,0
BRDA:1307,222,0,0
BRDA:1307,223,0,0
BRDA:1307,223,1,0
BRDA:1320,224,0,0
BRDA:1320,224,1,0
BRDA:1327,225,0,0
BRDA:1336,226,0,0
BRDA:1352,227,0,0
BRDA:1380,228,0,0
BRDA:1385,229,0,0
BRDA:1385,230,0,0
BRDA:1385,230,1,0
BRDA:1393,231,0,0
BRDA:1400,232,0,0
BRDA:1400,232,1,0
BRDA:1401,233,0,0
BRDA:1418,234,0,0
BRDA:1422,235,0,0
BRDA:1427,236,0,0
BRDA:1427,236,1,0
BRDA:1428,237,0,0
BRDA:1428,238,0,0
BRDA:1428,238,1,0
BRDA:1433,239,0,0
BRDA:1437,240,0,0
BRDA:1437,240,1,0
BRDA:1438,241,0,0
BRDA:1443,242,0,0
BRDA:1448,243,0,0
BRDA:1457,244,0,0
BRDA:1457,244,1,0
BRDA:1484,245,0,0
BRDA:1489,246,0,0
BRDA:1489,246,1,0
BRDA:1490,247,0,0
BRDA:1490,247,1,0
BRDA:1491,248,0,0
BRDA:1491,249,0,0
BRDA:1491,249,1,0
BRDA:1495,250,0,0
BRDA:1495,251,0,0
BRDA:1495,251,1,0
BRDA:1500,252,0,0
BRDA:1506,253,0,0
BRDA:1517,254,0,0
BRDA:1517,255,0,0
BRDA:1517,255,1,0
BRDA:1524,256,0,0
BRDA:1572,257,0,0
BRDA:1577,258,0,0
BRDA:1597,259,0,0
BRDA:1602,260,0,0
BRDA:1602,261,0,0
BRDA:1602,261,1,0
BRDA:1608,262,0,0
BRDA:1615,263,0,0
BRDA:1615,263,1,0
BRDA:1619,264,0,0
BRDA:1619,264,1,0
BRDA:1623,265,0,0
BRDA:1623,265,1,0
BRDA:1627,266,0,0
BRDA:1627,266,1,0
BRDA:1631,267,0,0
BRDA:1658,268,0,0
BRDA:1675,269,0,0
BRDA:1680,270,0,0
BRDA:1685,271,0,0
BRDA:1691,272,0,0
BRDA:1710,273,0,0
BRDA:1715,274,0,0
BRDA:1721,275,0,0
BRDA:1726,276,0,0
BRDA:1726,277,0,0
BRDA:1726,277,1,0
BRF:423
BRH:1
end_of_record
TN:
SF:src\controllers\blog.controller.ts
FN:5,slugify
FN:17,createPost
FN:78,upsertDraft
FN:173,getDraft
FN:209,listMyPosts
FN:228,(anonymous_5)
FNF:6
FNH:0
FNDA:0,slugify
FNDA:0,createPost
FNDA:0,upsertDraft
FNDA:0,getDraft
FNDA:0,listMyPosts
FNDA:0,(anonymous_5)
DA:3,1
DA:6,0
DA:17,1
DA:18,0
DA:19,0
DA:20,0
DA:21,0
DA:22,0
DA:24,0
DA:31,0
DA:32,0
DA:33,0
DA:34,0
DA:35,0
DA:37,0
DA:38,0
DA:39,0
DA:40,0
DA:42,0
DA:52,0
DA:67,0
DA:68,0
DA:69,0
DA:70,0
DA:72,0
DA:73,0
DA:78,1
DA:79,0
DA:80,0
DA:81,0
DA:82,0
DA:83,0
DA:85,0
DA:91,0
DA:92,0
DA:93,0
DA:94,0
DA:95,0
DA:97,0
DA:102,0
DA:103,0
DA:104,0
DA:115,0
DA:116,0
DA:117,0
DA:119,0
DA:133,0
DA:136,0
DA:137,0
DA:147,0
DA:162,0
DA:163,0
DA:164,0
DA:165,0
DA:167,0
DA:168,0
DA:173,1
DA:174,0
DA:175,0
DA:176,0
DA:177,0
DA:178,0
DA:180,0
DA:184,0
DA:185,0
DA:186,0
DA:188,0
DA:203,0
DA:204,0
DA:209,1
DA:210,0
DA:211,0
DA:212,0
DA:213,0
DA:214,0
DA:216,0
DA:217,0
DA:218,0
DA:220,0
DA:226,0
DA:228,0
DA:241,0
DA:242,0
LF:83
LH:5
BRDA:6,0,0,0
BRDA:6,0,1,0
BRDA:20,1,0,0
BRDA:31,2,0,0
BRDA:31,2,1,0
BRDA:32,3,0,0
BRDA:32,3,1,0
BRDA:33,4,0,0
BRDA:33,5,0,0
BRDA:33,5,1,0
BRDA:38,6,0,0
BRDA:38,6,1,0
BRDA:39,7,0,0
BRDA:39,7,1,0
BRDA:39,8,0,0
BRDA:39,8,1,0
BRDA:40,9,0,0
BRDA:40,9,1,0
BRDA:46,10,0,0
BRDA:46,10,1,0
BRDA:68,11,0,0
BRDA:81,12,0,0
BRDA:91,13,0,0
BRDA:91,13,1,0
BRDA:92,14,0,0
BRDA:92,14,1,0
BRDA:93,15,0,0
BRDA:93,15,1,0
BRDA:94,16,0,0
BRDA:94,16,1,0
BRDA:94,17,0,0
BRDA:94,17,1,0
BRDA:95,18,0,0
BRDA:95,18,1,0
BRDA:102,19,0,0
BRDA:109,20,0,0
BRDA:109,20,1,0
BRDA:115,21,0,0
BRDA:141,22,0,0
BRDA:141,22,1,0
BRDA:163,23,0,0
BRDA:176,24,0,0
BRDA:184,25,0,0
BRDA:212,26,0,0
BRDA:216,27,0,0
BRDA:216,27,1,0
BRDA:218,28,0,0
BRDA:218,29,0,0
BRDA:218,29,1,0
BRF:49
BRH:0
end_of_record
TN:
SF:src\controllers\follow.controller.ts
FN:16,ensureStoredFollowCounts
FN:32,getPublicProfile
FN:59,getFollowCounts
FN:83,dayBucketUTC
FN:90,isMongooseTransactionUnsupportedError
FN:101,parseFollowListQuery
FN:115,paginatedFollowEdges
FN:135,(anonymous_8)
FN:156,getFollowers
FN:178,getFollowing
FN:200,followUser
FN:230,(anonymous_12)
FN:291,(anonymous_13)
FN:309,(anonymous_14)
FN:332,unfollowUser
FN:356,(anonymous_16)
FN:397,(anonymous_17)
FN:421,searchUsers
FN:437,(anonymous_19)
FN:451,checkFollowing
FNF:20
FNH:0
FNDA:0,ensureStoredFollowCounts
FNDA:0,getPublicProfile
FNDA:0,getFollowCounts
FNDA:0,dayBucketUTC
FNDA:0,isMongooseTransactionUnsupportedError
FNDA:0,parseFollowListQuery
FNDA:0,paginatedFollowEdges
FNDA:0,(anonymous_8)
FNDA:0,getFollowers
FNDA:0,getFollowing
FNDA:0,followUser
FNDA:0,(anonymous_12)
FNDA:0,(anonymous_13)
FNDA:0,(anonymous_14)
FNDA:0,unfollowUser
FNDA:0,(anonymous_16)
FNDA:0,(anonymous_17)
FNDA:0,searchUsers
FNDA:0,(anonymous_19)
FNDA:0,checkFollowing
DA:1,1
DA:3,1
DA:4,1
DA:6,1
DA:7,1
DA:8,1
DA:10,1
DA:11,1
DA:13,1
DA:21,0
DA:22,0
DA:24,0
DA:28,0
DA:29,0
DA:32,1
DA:33,0
DA:34,0
DA:35,0
DA:36,0
DA:37,0
DA:39,0
DA:40,0
DA:41,0
DA:42,0
DA:44,0
DA:45,0
DA:46,0
DA:47,0
DA:54,0
DA:55,0
DA:59,1
DA:60,0
DA:61,0
DA:62,0
DA:63,0
DA:64,0
DA:66,0
DA:67,0
DA:68,0
DA:69,0
DA:71,0
DA:72,0
DA:73,0
DA:75,0
DA:76,0
DA:80,1
DA:81,1
DA:84,0
DA:85,0
DA:86,0
DA:87,0
DA:91,0
DA:92,0
DA:102,0
DA:103,0
DA:104,0
DA:105,0
DA:106,0
DA:107,0
DA:108,0
DA:110,0
DA:121,0
DA:122,0
DA:123,0
DA:124,0
DA:126,0
DA:133,0
DA:134,0
DA:135,0
DA:136,0
DA:142,0
DA:150,0
DA:153,0
DA:156,1
DA:157,0
DA:158,0
DA:159,0
DA:160,0
DA:161,0
DA:163,0
DA:164,0
DA:165,0
DA:166,0
DA:167,0
DA:168,0
DA:170,0
DA:171,0
DA:173,0
DA:174,0
DA:178,1
DA:179,0
DA:180,0
DA:181,0
DA:182,0
DA:183,0
DA:185,0
DA:186,0
DA:187,0
DA:188,0
DA:189,0
DA:190,0
DA:192,0
DA:193,0
DA:195,0
DA:196,0
DA:200,1
DA:201,0
DA:202,0
DA:203,0
DA:204,0
DA:205,0
DA:207,0
DA:208,0
DA:209,0
DA:210,0
DA:212,0
DA:213,0
DA:214,0
DA:215,0
DA:217,0
DA:218,0
DA:219,0
DA:221,0
DA:222,0
DA:223,0
DA:225,0
DA:226,0
DA:228,0
DA:229,0
DA:230,0
DA:231,0
DA:236,0
DA:237,0
DA:240,0
DA:241,0
DA:242,0
DA:243,0
DA:244,0
DA:245,0
DA:247,0
DA:251,0
DA:257,0
DA:268,0
DA:269,0
DA:270,0
DA:273,0
DA:275,0
DA:280,0
DA:281,0
DA:282,0
DA:283,0
DA:286,0
DA:287,0
DA:288,0
DA:289,0
DA:290,0
DA:291,0
DA:292,0
DA:293,0
DA:297,0
DA:301,0
DA:311,0
DA:314,0
DA:315,0
DA:316,0
DA:319,0
DA:325,0
DA:327,0
DA:328,0
DA:332,1
DA:333,0
DA:334,0
DA:335,0
DA:336,0
DA:337,0
DA:339,0
DA:340,0
DA:341,0
DA:342,0
DA:344,0
DA:345,0
DA:346,0
DA:347,0
DA:349,0
DA:350,0
DA:352,0
DA:354,0
DA:355,0
DA:356,0
DA:357,0
DA:361,0
DA:362,0
DA:364,0
DA:369,0
DA:380,0
DA:382,0
DA:383,0
DA:384,0
DA:385,0
DA:389,0
DA:400,0
DA:403,0
DA:404,0
DA:411,0
DA:413,0
DA:414,0
DA:418,1
DA:421,1
DA:422,0
DA:423,0
DA:424,0
DA:425,0
DA:426,0
DA:428,0
DA:429,0
DA:430,0
DA:437,0
DA:443,0
DA:445,0
DA:446,0
DA:451,1
DA:452,0
DA:453,0
DA:454,0
DA:455,0
DA:456,0
DA:457,0
DA:459,0
DA:460,0
DA:461,0
DA:463,0
DA:464,0
DA:465,0
DA:466,0
DA:468,0
DA:469,0
DA:471,0
DA:472,0
LF:238
LH:20
BRDA:21,0,0,0
BRDA:21,1,0,0
BRDA:21,1,1,0
BRDA:35,2,0,0
BRDA:40,3,0,0
BRDA:62,4,0,0
BRDA:67,5,0,0
BRDA:83,6,0,0
BRDA:91,7,0,0
BRDA:91,7,1,0
BRDA:93,8,0,0
BRDA:93,8,1,0
BRDA:93,8,2,0
BRDA:93,8,3,0
BRDA:102,9,0,0
BRDA:102,9,1,0
BRDA:104,10,0,0
BRDA:106,11,0,0
BRDA:121,12,0,0
BRDA:121,12,1,0
BRDA:122,13,0,0
BRDA:122,13,1,0
BRDA:124,14,0,0
BRDA:134,15,0,0
BRDA:134,15,1,0
BRDA:150,16,0,0
BRDA:150,16,1,0
BRDA:150,17,0,0
BRDA:150,17,1,0
BRDA:151,18,0,0
BRDA:151,18,1,0
BRDA:159,19,0,0
BRDA:164,20,0,0
BRDA:166,21,0,0
BRDA:181,22,0,0
BRDA:186,23,0,0
BRDA:188,24,0,0
BRDA:203,25,0,0
BRDA:208,26,0,0
BRDA:213,27,0,0
BRDA:217,28,0,0
BRDA:237,29,0,0
BRDA:240,30,0,0
BRDA:243,31,0,0
BRDA:244,32,0,0
BRDA:268,33,0,0
BRDA:268,34,0,0
BRDA:268,34,1,0
BRDA:273,35,0,0
BRDA:281,36,0,0
BRDA:286,37,0,0
BRDA:289,38,0,0
BRDA:290,39,0,0
BRDA:314,40,0,0
BRDA:335,41,0,0
BRDA:340,42,0,0
BRDA:345,43,0,0
BRDA:361,44,0,0
BRDA:361,44,1,0
BRDA:362,45,0,0
BRDA:380,46,0,0
BRDA:383,47,0,0
BRDA:383,47,1,0
BRDA:384,48,0,0
BRDA:403,49,0,0
BRDA:424,50,0,0
BRDA:424,51,0,0
BRDA:424,51,1,0
BRDA:455,52,0,0
BRDA:459,53,0,0
BRDA:464,54,0,0
BRF:71
BRH:0
end_of_record
TN:
SF:src\controllers\health.controller.ts
FN:3,getHealth
FNF:1
FNH:1
FNDA:1,getHealth
DA:3,1
DA:4,1
LF:2
LH:2
BRF:0
BRH:0
end_of_record
TN:
SF:src\controllers\index.ts
FN:1,(anonymous_0)
FNF:1
FNH:0
FNDA:0,(anonymous_0)
DA:1,0
LF:1
LH:0
BRF:0
BRH:0
end_of_record
TN:
SF:src\middlewares\errorHandler.ts
FN:4,errorHandler
FNF:1
FNH:0
FNDA:0,errorHandler
DA:2,1
DA:4,1
DA:10,0
DA:11,0
DA:12,0
DA:13,0
DA:15,0
DA:16,0
DA:17,0
DA:20,0
DA:21,0
LF:11
LH:2
BRDA:10,0,0,0
BRDA:11,1,0,0
BRDA:15,2,0,0
BRDA:15,3,0,0
BRDA:15,3,1,0
BRDA:23,4,0,0
BRDA:23,4,1,0
BRF:7
BRH:0
end_of_record
TN:
SF:src\middlewares\index.ts
FN:2,(anonymous_4)
FNF:1
FNH:1
FNDA:1,(anonymous_4)
DA:2,2
DA:5,1
LF:2
LH:2
BRF:0
BRH:0
end_of_record
TN:
SF:src\middlewares\analytics\rateLimitProfileView.ts
FN:7,rateLimitProfileView
FNF:1
FNH:0
FNDA:0,rateLimitProfileView
DA:2,1
DA:4,1
DA:5,1
DA:7,1
DA:8,0
DA:9,0
DA:10,0
DA:11,0
DA:14,0
DA:15,0
DA:17,0
DA:18,0
DA:19,0
DA:20,0
DA:22,0
DA:23,0
DA:24,0
DA:30,0
LF:18
LH:4
BRDA:9,0,0,0
BRDA:14,1,0,0
BRDA:14,1,1,0
BRDA:19,2,0,0
BRDA:22,3,0,0
BRF:5
BRH:0
end_of_record
TN:
SF:src\middlewares\auth\authValidation.ts
FN:17,(anonymous_1)
FN:28,isMonthYear
FN:32,compareMonthYear
FN:37,safeMonthYear
FN:86,(anonymous_5)
FN:94,(anonymous_6)
FN:125,(anonymous_7)
FN:241,(anonymous_8)
FN:243,(anonymous_9)
FN:253,sendOtpValidation
FN:262,signupEmailValidation
FN:271,verifyOtpValidation
FN:282,updateProfileValidation
FNF:13
FNH:0
FNDA:0,(anonymous_1)
FNDA:0,isMonthYear
FNDA:0,compareMonthYear
FNDA:0,safeMonthYear
FNDA:0,(anonymous_5)
FNDA:0,(anonymous_6)
FNDA:0,(anonymous_7)
FNDA:0,(anonymous_8)
FNDA:0,(anonymous_9)
FNDA:0,sendOtpValidation
FNDA:0,signupEmailValidation
FNDA:0,verifyOtpValidation
FNDA:0,updateProfileValidation
DA:2,1
DA:4,1
DA:8,1
DA:13,1
DA:18,0
DA:19,0
DA:20,0
DA:24,0
DA:29,0
DA:33,0
DA:34,0
DA:38,0
DA:39,0
DA:40,0
DA:41,0
DA:42,0
DA:43,0
DA:44,0
DA:45,0
DA:46,0
DA:49,1
DA:87,0
DA:88,0
DA:89,0
DA:90,0
DA:93,0
DA:94,0
DA:97,0
DA:98,0
DA:99,0
DA:102,0
DA:103,0
DA:104,0
DA:106,0
DA:107,0
DA:109,0
DA:110,0
DA:112,0
DA:113,0
DA:114,0
DA:116,0
DA:117,0
DA:123,0
DA:124,0
DA:125,0
DA:129,0
DA:130,0
DA:134,0
DA:137,1
DA:157,1
DA:179,1
DA:209,1
DA:219,1
DA:225,1
DA:242,0
DA:243,0
DA:244,0
DA:245,0
DA:247,0
DA:253,1
DA:254,0
DA:255,0
DA:256,0
DA:257,0
DA:259,0
DA:262,1
DA:263,0
DA:264,0
DA:265,0
DA:266,0
DA:268,0
DA:271,1
DA:272,0
DA:273,0
DA:274,0
DA:275,0
DA:276,0
DA:278,0
DA:279,0
DA:282,1
DA:283,0
DA:284,0
DA:285,0
DA:286,0
DA:288,0
LF:85
LH:15
BRDA:19,0,0,0
BRDA:29,1,0,0
BRDA:29,1,1,0
BRDA:33,2,0,0
BRDA:34,3,0,0
BRDA:34,3,1,0
BRDA:38,4,0,0
BRDA:42,5,0,0
BRDA:42,6,0,0
BRDA:42,6,1,0
BRDA:44,7,0,0
BRDA:44,8,0,0
BRDA:44,8,1,0
BRDA:45,9,0,0
BRDA:45,10,0,0
BRDA:45,10,1,0
BRDA:88,11,0,0
BRDA:88,11,1,0
BRDA:89,12,0,0
BRDA:89,13,0,0
BRDA:89,13,1,0
BRDA:89,13,2,0
BRDA:93,14,0,0
BRDA:93,14,1,0
BRDA:94,15,0,0
BRDA:94,15,1,0
BRDA:94,15,2,0
BRDA:99,16,0,0
BRDA:106,17,0,0
BRDA:106,18,0,0
BRDA:106,18,1,0
BRDA:106,18,2,0
BRDA:109,19,0,0
BRDA:109,20,0,0
BRDA:109,20,1,0
BRDA:109,20,2,0
BRDA:112,21,0,0
BRDA:113,22,0,0
BRDA:113,23,0,0
BRDA:113,23,1,0
BRDA:116,24,0,0
BRDA:116,25,0,0
BRDA:116,25,1,0
BRDA:123,26,0,0
BRDA:129,27,0,0
BRDA:129,28,0,0
BRDA:129,28,1,0
BRDA:242,29,0,0
BRDA:242,29,1,0
BRDA:243,30,0,0
BRDA:243,30,1,0
BRDA:244,31,0,0
BRDA:255,32,0,0
BRDA:264,33,0,0
BRDA:273,34,0,0
BRDA:274,35,0,0
BRDA:274,35,1,0
BRDA:284,36,0,0
BRF:58
BRH:0
end_of_record
TN:
SF:src\middlewares\auth\idempotency.ts
FN:8,idempotency
FN:46,(anonymous_1)
FNF:2
FNH:0
FNDA:0,idempotency
FNDA:0,(anonymous_1)
DA:2,1
DA:3,1
DA:5,1
DA:6,1
DA:8,1
DA:9,0
DA:10,0
DA:11,0
DA:12,0
DA:15,0
DA:16,0
DA:18,0
DA:19,0
DA:20,0
DA:21,0
DA:22,0
DA:26,0
DA:28,0
DA:29,0
DA:30,0
DA:31,0
DA:33,0
DA:34,0
DA:38,0
DA:39,0
DA:43,0
DA:45,0
DA:46,0
DA:47,0
DA:48,0
LF:30
LH:5
BRDA:9,0,0,0
BRDA:9,0,1,0
BRDA:10,1,0,0
BRDA:10,2,0,0
BRDA:10,2,1,0
BRDA:18,3,0,0
BRDA:21,4,0,0
BRDA:38,5,0,0
BRF:8
BRH:0
end_of_record
TN:
SF:src\middlewares\auth\index.ts
FN:2,(anonymous_0)
FN:3,(anonymous_1)
FN:4,(anonymous_2)
FN:5,(anonymous_3)
FN:7,(anonymous_4)
FN:9,(anonymous_5)
FN:10,(anonymous_6)
FN:11,(anonymous_7)
FN:12,(anonymous_8)
FN:14,(anonymous_9)
FNF:10
FNH:10
FNDA:1,(anonymous_0)
FNDA:1,(anonymous_1)
FNDA:1,(anonymous_2)
FNDA:1,(anonymous_3)
FNDA:28,(anonymous_4)
FNDA:1,(anonymous_5)
FNDA:1,(anonymous_6)
FNDA:1,(anonymous_7)
FNDA:1,(anonymous_8)
FNDA:3,(anonymous_9)
DA:1,1
DA:2,2
DA:3,2
DA:4,2
DA:5,2
DA:7,29
DA:8,1
DA:9,2
DA:10,2
DA:11,2
DA:12,2
DA:14,4
LF:12
LH:12
BRF:0
BRH:0
end_of_record
TN:
SF:src\middlewares\auth\rateLimitAuth.ts
FN:5,createRateLimiter
FN:17,(anonymous_10)
FN:18,(anonymous_11)
FNF:3
FNH:1
FNDA:4,createRateLimiter
FNDA:0,(anonymous_10)
FNDA:0,(anonymous_11)
DA:1,1
DA:2,1
DA:3,1
DA:10,4
DA:11,4
DA:17,0
DA:19,0
DA:30,1
DA:35,1
DA:40,1
DA:45,1
LF:11
LH:9
BRDA:17,0,0,0
BRDA:17,0,1,0
BRDA:17,0,2,0
BRF:3
BRH:0
end_of_record
TN:
SF:src\middlewares\auth\redisRateLimitStore.ts
FN:9,RedisRateLimitStore
FN:13,(anonymous_1)
FN:25,(anonymous_2)
FN:43,(anonymous_3)
FN:51,(anonymous_4)
FNF:5
FNH:1
FNDA:5,RedisRateLimitStore
FNDA:0,(anonymous_1)
FNDA:0,(anonymous_2)
FNDA:0,(anonymous_3)
FNDA:0,(anonymous_4)
DA:2,1
DA:9,1
DA:10,5
DA:11,5
DA:13,5
DA:14,0
DA:15,0
DA:16,0
DA:17,0
DA:18,0
DA:20,0
DA:21,0
DA:24,5
DA:26,0
DA:27,0
DA:28,0
DA:29,0
DA:30,0
DA:31,0
DA:32,0
DA:33,0
DA:34,0
DA:36,0
DA:38,0
DA:41,0
DA:44,0
DA:45,0
DA:46,0
DA:47,0
DA:52,0
DA:53,0
DA:54,0
DA:55,0
DA:58,0
LF:34
LH:6
BRDA:10,0,0,5
BRDA:10,0,1,0
BRDA:16,1,0,0
BRDA:16,2,0,0
BRDA:16,2,1,0
BRDA:28,3,0,0
BRDA:32,4,0,0
BRDA:45,5,0,0
BRDA:53,6,0,0
BRF:9
BRH:1
end_of_record
TN:
SF:src\middlewares\auth\verifyToken.ts
FN:11,verifyToken
FNF:1
FNH:0
FNDA:0,verifyToken
DA:2,1
DA:3,1
DA:4,1
DA:11,1
DA:12,0
DA:13,0
DA:15,0
DA:16,0
DA:17,0
DA:20,0
DA:21,0
DA:22,0
DA:23,0
DA:25,0
DA:28,0
DA:29,0
DA:35,0
DA:36,0
DA:40,0
DA:43,0
DA:44,0
DA:47,0
DA:50,0
LF:23
LH:4
BRDA:13,0,0,0
BRDA:13,0,1,0
BRDA:15,1,0,0
BRDA:21,2,0,0
BRDA:28,3,0,0
BRDA:35,4,0,0
BRDA:47,5,0,0
BRDA:47,5,1,0
BRF:8
BRH:0
end_of_record
TN:
SF:src\middlewares\follow\rateLimitFollow.ts
FN:14,(anonymous_9)
FN:19,(anonymous_10)
FNF:2
FNH:0
FNDA:0,(anonymous_9)
FNDA:0,(anonymous_10)
DA:1,1
DA:3,1
DA:8,1
DA:15,0
DA:16,0
DA:17,0
DA:20,0
LF:7
LH:3
BRDA:16,0,0,0
BRDA:17,1,0,0
BRDA:17,1,1,0
BRDA:17,1,2,0
BRF:4
BRH:0
end_of_record
TN:
SF:src\models\AnalyticsEvent.ts
FNF:0
FNH:0
DA:1,1
DA:20,1
DA:33,1
DA:35,1
LF:4
LH:4
BRDA:36,0,0,1
BRDA:36,0,1,1
BRF:2
BRH:2
end_of_record
TN:
SF:src\models\AuditLog.ts
FNF:0
FNH:0
DA:1,1
DA:3,1
DA:58,1
DA:72,1
DA:73,1
DA:74,1
DA:76,1
LF:7
LH:7
BRDA:77,0,0,1
BRDA:77,0,1,1
BRF:2
BRH:2
end_of_record
TN:
SF:src\models\BlogPost.ts
FNF:0
FNH:0
DA:1,1
DA:22,1
DA:36,1
DA:37,1
DA:39,1
LF:5
LH:5
BRDA:40,0,0,1
BRDA:40,0,1,1
BRF:2
BRH:2
end_of_record
TN:
SF:src\models\Follow.ts
FNF:0
FNH:0
DA:1,1
DA:9,1
DA:18,1
DA:20,1
LF:4
LH:4
BRDA:21,0,0,1
BRDA:21,0,1,1
BRF:2
BRH:2
end_of_record
TN:
SF:src\models\ProfileAnalytics.ts
FNF:0
FNH:0
DA:1,1
DA:14,1
DA:28,1
DA:29,1
DA:32,1
DA:38,1
DA:56,1
DA:70,1
DA:72,1
DA:75,1
LF:10
LH:10
BRDA:73,0,0,1
BRDA:73,0,1,1
BRDA:76,1,0,1
BRDA:76,1,1,1
BRF:4
BRH:4
end_of_record
TN:
SF:src\models\SecurityEvent.ts
FNF:0
FNH:0
DA:1,1
DA:3,1
DA:31,1
DA:47,1
LF:4
LH:4
BRDA:48,0,0,1
BRDA:48,0,1,1
BRF:2
BRH:2
end_of_record
TN:
SF:src\models\Session.ts
FNF:0
FNH:0
DA:1,1
DA:15,1
DA:30,1
DA:32,1
LF:4
LH:4
BRDA:33,0,0,1
BRDA:33,0,1,1
BRF:2
BRH:2
end_of_record
TN:
SF:src\models\Subscription.ts
FNF:0
FNH:0
DA:1,1
DA:17,1
DA:29,1
LF:3
LH:3
BRDA:30,0,0,1
BRDA:30,0,1,1
BRF:2
BRH:2
end_of_record
TN:
SF:src\models\User.ts
FN:8,normalizeProfileImg
FNF:1
FNH:0
FNDA:0,normalizeProfileImg
DA:1,1
DA:4,1
DA:8,1
DA:9,0
DA:10,0
DA:11,0
DA:176,1
DA:228,1
DA:244,1
DA:265,1
DA:286,1
DA:296,1
DA:302,1
DA:360,1
LF:14
LH:11
BRDA:9,0,0,0
BRDA:10,1,0,0
BRDA:10,2,0,0
BRDA:10,2,1,0
BRDA:361,3,0,1
BRDA:361,3,1,1
BRF:6
BRH:2
end_of_record
TN:
SF:src\models\index.ts
FN:1,(anonymous_0)
FN:2,(anonymous_1)
FN:3,(anonymous_2)
FN:5,(anonymous_3)
FN:7,(anonymous_4)
FN:10,(anonymous_5)
FN:11,(anonymous_6)
FN:11,(anonymous_7)
FN:12,(anonymous_8)
FNF:9
FNH:0
FNDA:0,(anonymous_0)
FNDA:0,(anonymous_1)
FNDA:0,(anonymous_2)
FNDA:0,(anonymous_3)
FNDA:0,(anonymous_4)
FNDA:0,(anonymous_5)
FNDA:0,(anonymous_6)
FNDA:0,(anonymous_7)
FNDA:0,(anonymous_8)
DA:1,1
DA:2,1
DA:3,1
DA:4,1
DA:5,1
DA:7,1
DA:10,1
DA:11,1
DA:12,1
LF:9
LH:9
BRF:0
BRH:0
end_of_record
TN:
SF:src\oauth\oauthExpress.ts
FN:12,oauthLinkHandler
FN:13,(anonymous_2)
FN:39,oauthCallbackHandler
FN:41,(anonymous_4)
FN:43,(anonymous_5)
FNF:5
FNH:2
FNDA:5,oauthLinkHandler
FNDA:0,(anonymous_2)
FNDA:5,oauthCallbackHandler
FNDA:0,(anonymous_4)
FNDA:0,(anonymous_5)
DA:2,1
DA:4,1
DA:5,1
DA:6,1
DA:7,1
DA:8,1
DA:9,1
DA:12,1
DA:13,5
DA:14,0
DA:15,0
DA:16,0
DA:17,0
DA:19,0
DA:20,0
DA:21,0
DA:23,0
DA:24,0
DA:25,0
DA:27,0
DA:39,1
DA:40,5
DA:41,5
DA:42,0
DA:43,0
DA:44,0
DA:45,0
DA:46,0
DA:48,0
DA:49,0
DA:50,0
DA:52,0
DA:53,0
DA:54,0
DA:55,0
DA:56,0
DA:60,0
DA:63,0
DA:64,0
DA:73,0
DA:74,0
DA:75,0
DA:76,0
DA:82,0
LF:44
LH:12
BRDA:12,0,0,2
BRDA:16,1,0,0
BRDA:20,2,0,0
BRDA:24,3,0,0
BRDA:44,4,0,0
BRDA:45,5,0,0
BRDA:45,5,1,0
BRDA:49,6,0,0
BRDA:53,7,0,0
BRDA:75,8,0,0
BRDA:75,8,1,0
BRF:11
BRH:1
end_of_record
TN:
SF:src\passport\discord.ts
FN:28,fetchDiscordProfile
FN:39,discordAvatarUrl
FN:45,registerDiscord
FN:58,(anonymous_4)
FN:161,(anonymous_5)
FN:163,(anonymous_6)
FN:164,(anonymous_7)
FNF:7
FNH:1
FNDA:0,fetchDiscordProfile
FNDA:0,discordAvatarUrl
FNDA:1,registerDiscord
FNDA:0,(anonymous_4)
FNDA:0,(anonymous_5)
FNDA:0,(anonymous_6)
FNDA:0,(anonymous_7)
DA:2,1
DA:4,1
DA:5,1
DA:6,1
DA:7,1
DA:8,1
DA:10,1
DA:12,1
DA:18,1
DA:29,0
DA:32,0
DA:33,0
DA:34,0
DA:36,0
DA:40,0
DA:41,0
DA:42,0
DA:45,1
DA:46,1
DA:48,1
DA:65,0
DA:66,0
DA:67,0
DA:68,0
DA:69,0
DA:70,0
DA:78,0
DA:79,0
DA:80,0
DA:81,0
DA:82,0
DA:83,0
DA:84,0
DA:85,0
DA:86,0
DA:87,0
DA:88,0
DA:93,0
DA:94,0
DA:95,0
DA:96,0
DA:97,0
DA:98,0
DA:102,0
DA:105,0
DA:106,0
DA:107,0
DA:108,0
DA:113,0
DA:114,0
DA:115,0
DA:118,0
DA:119,0
DA:120,0
DA:126,0
DA:127,0
DA:128,0
DA:129,0
DA:131,0
DA:146,0
DA:147,0
DA:152,0
DA:153,0
DA:154,0
DA:156,0
DA:161,1
DA:162,0
DA:163,0
DA:164,0
DA:167,1
DA:168,1
LF:71
LH:15
BRDA:13,0,0,1
BRDA:13,0,1,1
BRDA:13,0,2,1
BRDA:18,1,0,1
BRDA:18,1,1,0
BRDA:32,2,0,0
BRDA:40,3,0,0
BRDA:41,4,0,0
BRDA:41,4,1,0
BRDA:46,5,0,0
BRDA:46,6,0,1
BRDA:46,6,1,1
BRDA:66,7,0,0
BRDA:66,7,1,0
BRDA:69,8,0,0
BRDA:78,9,0,0
BRDA:81,10,0,0
BRDA:83,11,0,0
BRDA:85,12,0,0
BRDA:86,13,0,0
BRDA:86,13,1,0
BRDA:87,14,0,0
BRDA:105,15,0,0
BRDA:107,16,0,0
BRDA:107,17,0,0
BRDA:107,17,1,0
BRDA:119,18,0,0
BRDA:127,19,0,0
BRDA:127,19,1,0
BRDA:127,20,0,0
BRDA:127,20,1,0
BRDA:128,21,0,0
BRDA:128,21,1,0
BRDA:128,22,0,0
BRDA:128,22,1,0
BRDA:128,22,2,0
BRF:36
BRH:6
end_of_record
TN:
SF:src\passport\facebook.ts
FN:12,registerFacebook
FN:23,(anonymous_1)
FNF:2
FNH:1
FNDA:1,registerFacebook
FNDA:0,(anonymous_1)
DA:2,1
DA:3,1
DA:4,1
DA:5,1
DA:6,1
DA:7,1
DA:9,1
DA:10,1
DA:12,1
DA:13,1
DA:14,1
DA:24,0
DA:25,0
DA:26,0
DA:27,0
DA:29,0
DA:30,0
DA:31,0
DA:32,0
DA:33,0
DA:34,0
DA:35,0
DA:36,0
DA:37,0
DA:38,0
DA:39,0
DA:40,0
DA:45,0
DA:46,0
DA:47,0
DA:48,0
DA:49,0
DA:50,0
DA:54,0
DA:57,0
DA:58,0
DA:59,0
DA:60,0
DA:65,0
DA:66,0
DA:67,0
DA:70,0
DA:71,0
DA:72,0
DA:78,0
DA:79,0
DA:96,0
DA:97,0
DA:102,0
DA:103,0
DA:104,0
DA:106,0
LF:52
LH:11
BRDA:9,0,0,1
BRDA:9,0,1,1
BRDA:10,1,0,1
BRDA:10,1,1,0
BRDA:13,2,0,0
BRDA:25,3,0,0
BRDA:25,3,1,0
BRDA:27,4,0,0
BRDA:29,5,0,0
BRDA:32,6,0,0
BRDA:34,7,0,0
BRDA:36,8,0,0
BRDA:37,9,0,0
BRDA:37,9,1,0
BRDA:39,10,0,0
BRDA:57,11,0,0
BRDA:59,12,0,0
BRDA:59,13,0,0
BRDA:59,13,1,0
BRDA:71,14,0,0
BRDA:80,15,0,0
BRDA:80,15,1,0
BRDA:83,16,0,0
BRDA:83,16,1,0
BRDA:86,17,0,0
BRDA:86,17,1,0
BRDA:86,18,0,0
BRDA:86,18,1,0
BRF:28
BRH:3
end_of_record
TN:
SF:src\passport\github.ts
FN:19,registerGithub
FN:28,(anonymous_1)
FN:40,(anonymous_2)
FNF:3
FNH:1
FNDA:1,registerGithub
FNDA:0,(anonymous_1)
FNDA:0,(anonymous_2)
DA:2,1
DA:3,1
DA:4,1
DA:5,1
DA:6,1
DA:7,1
DA:9,1
DA:19,1
DA:20,1
DA:29,0
DA:36,0
DA:37,0
DA:39,0
DA:40,0
DA:41,0
DA:42,0
DA:45,0
DA:46,0
DA:47,0
DA:48,0
DA:49,0
DA:50,0
DA:51,0
DA:52,0
DA:53,0
DA:54,0
DA:55,0
DA:56,0
DA:61,0
DA:62,0
DA:63,0
DA:64,0
DA:65,0
DA:66,0
DA:70,0
DA:73,0
DA:74,0
DA:75,0
DA:76,0
DA:81,0
DA:82,0
DA:83,0
DA:86,0
DA:87,0
DA:88,0
DA:94,0
DA:96,0
DA:97,0
DA:99,0
DA:101,0
DA:117,0
DA:118,0
DA:123,0
DA:124,0
DA:125,0
DA:127,0
DA:131,1
LF:57
LH:10
BRDA:9,0,0,1
BRDA:9,0,1,0
BRDA:22,1,0,1
BRDA:22,1,1,0
BRDA:23,2,0,1
BRDA:23,2,1,0
BRDA:37,3,0,0
BRDA:37,3,1,0
BRDA:39,4,0,0
BRDA:39,4,1,0
BRDA:41,5,0,0
BRDA:45,6,0,0
BRDA:48,7,0,0
BRDA:50,8,0,0
BRDA:52,9,0,0
BRDA:53,10,0,0
BRDA:53,10,1,0
BRDA:55,11,0,0
BRDA:73,12,0,0
BRDA:75,13,0,0
BRDA:75,14,0,0
BRDA:75,14,1,0
BRDA:87,15,0,0
BRDA:96,16,0,0
BRDA:96,16,1,0
BRDA:96,17,0,0
BRDA:96,17,1,0
BRDA:96,17,2,0
BRDA:99,18,0,0
BRDA:99,18,1,0
BRDA:99,19,0,0
BRDA:99,19,1,0
BRDA:103,20,0,0
BRDA:103,20,1,0
BRF:34
BRH:3
end_of_record
TN:
SF:src\passport\google.ts
FN:11,registerGoogle
FN:20,(anonymous_1)
FNF:2
FNH:1
FNDA:1,registerGoogle
FNDA:0,(anonymous_1)
DA:2,1
DA:3,1
DA:4,1
DA:5,1
DA:6,1
DA:7,1
DA:9,1
DA:11,1
DA:12,1
DA:21,0
DA:22,0
DA:23,0
DA:24,0
DA:27,0
DA:28,0
DA:29,0
DA:30,0
DA:31,0
DA:32,0
DA:33,0
DA:34,0
DA:35,0
DA:36,0
DA:37,0
DA:38,0
DA:43,0
DA:44,0
DA:45,0
DA:46,0
DA:47,0
DA:48,0
DA:52,0
DA:55,0
DA:56,0
DA:57,0
DA:58,0
DA:63,0
DA:64,0
DA:65,0
DA:69,0
DA:70,0
DA:71,0
DA:77,0
DA:78,0
DA:80,0
DA:82,0
DA:97,0
DA:98,0
DA:103,0
DA:104,0
DA:105,0
DA:107,0
LF:52
LH:9
BRDA:9,0,0,1
BRDA:9,0,1,0
BRDA:15,1,0,1
BRDA:15,1,1,0
BRDA:16,2,0,1
BRDA:16,2,1,0
BRDA:22,3,0,0
BRDA:22,3,1,0
BRDA:24,4,0,0
BRDA:27,5,0,0
BRDA:30,6,0,0
BRDA:32,7,0,0
BRDA:34,8,0,0
BRDA:35,9,0,0
BRDA:35,9,1,0
BRDA:37,10,0,0
BRDA:55,11,0,0
BRDA:57,12,0,0
BRDA:57,13,0,0
BRDA:57,13,1,0
BRDA:70,14,0,0
BRDA:80,15,0,0
BRDA:80,15,1,0
BRDA:80,16,0,0
BRDA:80,16,1,0
BRDA:83,17,0,0
BRDA:83,17,1,0
BRDA:86,18,0,0
BRDA:86,18,1,0
BRF:29
BRH:3
end_of_record
TN:
SF:src\passport\index.ts
FN:72,(anonymous_1)
FN:72,(anonymous_2)
FN:72,(anonymous_3)
FN:15,(anonymous_4)
FN:38,(anonymous_5)
FNF:5
FNH:3
FNDA:1,(anonymous_1)
FNDA:1,(anonymous_2)
FNDA:1,(anonymous_3)
FNDA:0,(anonymous_4)
FNDA:0,(anonymous_5)
DA:1,1
DA:2,1
DA:3,1
DA:4,1
DA:5,1
DA:6,1
DA:7,1
DA:9,1
DA:10,1
DA:11,1
DA:12,1
DA:13,1
DA:15,1
DA:16,0
DA:25,0
DA:37,1
DA:51,0
DA:52,0
DA:53,0
DA:63,0
DA:64,0
DA:66,0
DA:71,1
DA:72,2
LF:24
LH:16
BRDA:52,0,0,0
BRDA:52,0,1,0
BRDA:55,1,0,0
BRDA:55,1,1,0
BRDA:56,2,0,0
BRDA:56,2,1,0
BRDA:57,3,0,0
BRDA:57,3,1,0
BRDA:58,4,0,0
BRDA:58,4,1,0
BRDA:59,5,0,0
BRDA:59,5,1,0
BRDA:60,6,0,0
BRDA:60,6,1,0
BRDA:63,7,0,0
BRF:15
BRH:0
end_of_record
TN:
SF:src\passport\x.ts
FN:12,registerX
FN:22,(anonymous_1)
FNF:2
FNH:1
FNDA:1,registerX
FNDA:0,(anonymous_1)
DA:2,1
DA:3,1
DA:4,1
DA:5,1
DA:6,1
DA:7,1
DA:9,1
DA:10,1
DA:12,1
DA:13,1
DA:14,1
DA:23,0
DA:30,0
DA:31,0
DA:32,0
DA:33,0
DA:34,0
DA:35,0
DA:36,0
DA:37,0
DA:38,0
DA:39,0
DA:40,0
DA:41,0
DA:42,0
DA:43,0
DA:44,0
DA:49,0
DA:50,0
DA:51,0
DA:52,0
DA:53,0
DA:54,0
DA:58,0
DA:60,0
DA:61,0
DA:62,0
DA:63,0
DA:68,0
DA:69,0
DA:70,0
DA:73,0
DA:74,0
DA:75,0
DA:81,0
DA:82,0
DA:99,0
DA:100,0
DA:105,0
DA:106,0
DA:107,0
DA:109,0
DA:113,1
LF:53
LH:12
BRDA:9,0,0,1
BRDA:9,0,1,1
BRDA:10,1,0,1
BRDA:10,1,1,0
BRDA:13,2,0,0
BRDA:31,3,0,0
BRDA:31,3,1,0
BRDA:32,4,0,0
BRDA:32,4,1,0
BRDA:33,5,0,0
BRDA:36,6,0,0
BRDA:38,7,0,0
BRDA:40,8,0,0
BRDA:41,9,0,0
BRDA:41,9,1,0
BRDA:43,10,0,0
BRDA:60,11,0,0
BRDA:62,12,0,0
BRDA:62,13,0,0
BRDA:62,13,1,0
BRDA:74,14,0,0
BRDA:83,15,0,0
BRDA:83,15,1,0
BRDA:83,15,2,0
BRDA:86,16,0,0
BRDA:86,16,1,0
BRDA:87,17,0,0
BRDA:87,17,1,0
BRDA:89,18,0,0
BRDA:89,18,1,0
BRDA:89,19,0,0
BRDA:89,19,1,0
BRF:32
BRH:3
end_of_record
TN:
SF:src\routes\analytics.routes.ts
FNF:0
FNH:0
DA:1,1
DA:2,1
DA:3,1
DA:5,1
DA:8,1
DA:11,1
DA:14,1
DA:16,1
LF:8
LH:8
BRF:0
BRH:0
end_of_record
TN:
SF:src\routes\auth.routes.ts
FN:53,(anonymous_1)
FN:73,(anonymous_2)
FNF:2
FNH:0
FNDA:0,(anonymous_1)
FNDA:0,(anonymous_2)
DA:1,1
DA:2,1
DA:3,1
DA:26,1
DA:39,1
DA:41,1
DA:42,1
DA:43,1
DA:44,1
DA:45,1
DA:46,1
DA:47,1
DA:48,1
DA:50,1
DA:54,0
DA:55,0
DA:58,1
DA:59,1
DA:60,1
DA:61,1
DA:62,1
DA:63,1
DA:64,1
DA:65,1
DA:66,1
DA:67,1
DA:68,1
DA:69,1
DA:70,1
DA:73,1
DA:74,0
DA:81,1
LF:32
LH:29
BRDA:54,0,0,0
BRDA:54,0,1,0
BRF:2
BRH:0
end_of_record
TN:
SF:src\routes\blog.routes.ts
FNF:0
FNH:0
DA:1,1
DA:2,1
DA:3,1
DA:5,1
DA:7,1
DA:8,1
DA:9,1
DA:10,1
DA:12,1
LF:9
LH:9
BRF:0
BRH:0
end_of_record
TN:
SF:src\routes\companies.routes.ts
FN:14,nameToDomain
FN:23,(anonymous_1)
FN:47,(anonymous_2)
FN:48,(anonymous_3)
FN:50,(anonymous_4)
FNF:5
FNH:0
FNDA:0,nameToDomain
FNDA:0,(anonymous_1)
FNDA:0,(anonymous_2)
FNDA:0,(anonymous_3)
FNDA:0,(anonymous_4)
DA:7,1
DA:9,1
DA:10,1
DA:11,1
DA:15,0
DA:20,0
DA:23,1
DA:24,0
DA:25,0
DA:26,0
DA:27,0
DA:30,0
DA:31,0
DA:32,0
DA:33,0
DA:36,0
DA:37,0
DA:38,0
DA:39,0
DA:40,0
DA:41,0
DA:43,0
DA:46,0
DA:47,0
DA:48,0
DA:50,0
DA:54,0
DA:56,0
DA:60,1
LF:29
LH:6
BRDA:20,0,0,0
BRDA:20,0,1,0
BRDA:25,1,0,0
BRDA:25,2,0,0
BRDA:25,2,1,0
BRDA:31,3,0,0
BRDA:39,4,0,0
BRDA:46,5,0,0
BRDA:46,5,1,0
BRF:9
BRH:0
end_of_record
TN:
SF:src\routes\follow.routes.ts
FNF:0
FNH:0
DA:1,1
DA:2,1
DA:3,1
DA:4,1
DA:6,1
DA:8,1
DA:9,1
DA:10,1
DA:11,1
DA:12,1
DA:13,1
DA:14,1
DA:15,1
DA:17,1
LF:14
LH:14
BRF:0
BRH:0
end_of_record
TN:
SF:src\routes\github.routes.ts
FN:24,(anonymous_0)
FN:36,(anonymous_1)
FN:57,monthYearFromIso
FN:65,getGithubToken
FN:71,(anonymous_4)
FN:87,(anonymous_5)
FN:92,(anonymous_6)
FN:99,(anonymous_7)
FN:123,(anonymous_8)
FNF:9
FNH:0
FNDA:0,(anonymous_0)
FNDA:0,(anonymous_1)
FNDA:0,monthYearFromIso
FNDA:0,getGithubToken
FNDA:0,(anonymous_4)
FNDA:0,(anonymous_5)
FNDA:0,(anonymous_6)
FNDA:0,(anonymous_7)
FNDA:0,(anonymous_8)
DA:1,1
DA:2,1
DA:3,1
DA:5,1
DA:24,1
DA:25,0
DA:26,0
DA:27,0
DA:28,0
DA:29,0
DA:30,0
DA:32,0
DA:35,0
DA:36,0
DA:37,0
DA:38,0
DA:40,0
DA:41,0
DA:53,0
DA:58,0
DA:59,0
DA:60,0
DA:61,0
DA:62,0
DA:66,0
DA:67,0
DA:68,0
DA:71,1
DA:72,0
DA:73,0
DA:74,0
DA:75,0
DA:76,0
DA:77,0
DA:80,0
DA:86,0
DA:87,0
DA:88,0
DA:89,0
DA:91,0
DA:92,0
DA:93,0
DA:95,0
DA:99,1
DA:100,0
DA:101,0
DA:102,0
DA:103,0
DA:104,0
DA:105,0
DA:107,0
DA:108,0
DA:109,0
DA:110,0
DA:112,0
DA:113,0
DA:114,0
DA:116,0
DA:122,0
DA:123,0
DA:124,0
DA:125,0
DA:127,0
DA:128,0
DA:147,0
DA:151,1
LF:66
LH:8
BRDA:26,0,0,0
BRDA:26,0,1,0
BRDA:27,1,0,0
BRDA:27,1,1,0
BRDA:28,2,0,0
BRDA:28,3,0,0
BRDA:28,3,1,0
BRDA:35,4,0,0
BRDA:47,5,0,0
BRDA:47,5,1,0
BRDA:48,6,0,0
BRDA:48,6,1,0
BRDA:49,7,0,0
BRDA:49,7,1,0
BRDA:53,8,0,0
BRDA:53,8,1,0
BRDA:59,9,0,0
BRDA:67,10,0,0
BRDA:67,11,0,0
BRDA:67,11,1,0
BRDA:68,12,0,0
BRDA:68,12,1,0
BRDA:75,13,0,0
BRDA:86,14,0,0
BRDA:92,15,0,0
BRDA:92,15,1,0
BRDA:92,16,0,0
BRDA:92,16,1,0
BRDA:95,17,0,0
BRDA:95,17,1,0
BRDA:103,18,0,0
BRDA:107,19,0,0
BRDA:107,19,1,0
BRDA:108,20,0,0
BRDA:108,21,0,0
BRDA:108,21,1,0
BRDA:122,22,0,0
BRDA:138,23,0,0
BRDA:138,23,1,0
BRDA:141,24,0,0
BRDA:141,24,1,0
BRDA:147,25,0,0
BRDA:147,25,1,0
BRF:43
BRH:0
end_of_record
TN:
SF:src\routes\health.routes.ts
FNF:0
FNH:0
DA:1,1
DA:2,1
DA:4,1
DA:5,1
DA:6,1
LF:5
LH:5
BRF:0
BRH:0
end_of_record
TN:
SF:src\routes\index.ts
FN:16,(anonymous_1)
FNF:1
FNH:0
FNDA:0,(anonymous_1)
DA:1,1
DA:2,1
DA:3,1
DA:4,1
DA:5,1
DA:6,1
DA:7,1
DA:9,1
DA:10,1
DA:11,1
DA:12,1
DA:13,1
DA:14,1
DA:15,1
DA:16,1
DA:18,1
LF:16
LH:16
BRF:0
BRH:0
end_of_record
TN:
SF:src\routes\upload.routes.ts
FN:10,tryBlurDataUrl
FN:29,(anonymous_2)
FN:36,(anonymous_3)
FN:37,(anonymous_4)
FN:45,(anonymous_5)
FN:46,(anonymous_6)
FN:54,(anonymous_7)
FN:55,(anonymous_8)
FN:62,(anonymous_9)
FN:87,(anonymous_10)
FN:88,(anonymous_11)
FN:95,(anonymous_12)
FN:108,(anonymous_13)
FN:109,(anonymous_14)
FN:123,(anonymous_15)
FN:124,(anonymous_16)
FN:137,getPublicUrl
FN:144,(anonymous_18)
FN:190,(anonymous_19)
FN:237,(anonymous_20)
FN:284,(anonymous_21)
FN:328,(anonymous_22)
FN:372,(anonymous_23)
FNF:23
FNH:1
FNDA:0,tryBlurDataUrl
FNDA:7,(anonymous_2)
FNDA:0,(anonymous_3)
FNDA:0,(anonymous_4)
FNDA:0,(anonymous_5)
FNDA:0,(anonymous_6)
FNDA:0,(anonymous_7)
FNDA:0,(anonymous_8)
FNDA:0,(anonymous_9)
FNDA:0,(anonymous_10)
FNDA:0,(anonymous_11)
FNDA:0,(anonymous_12)
FNDA:0,(anonymous_13)
FNDA:0,(anonymous_14)
FNDA:0,(anonymous_15)
FNDA:0,(anonymous_16)
FNDA:0,getPublicUrl
FNDA:0,(anonymous_18)
FNDA:0,(anonymous_19)
FNDA:0,(anonymous_20)
FNDA:0,(anonymous_21)
FNDA:0,(anonymous_22)
FNDA:0,(anonymous_23)
DA:1,1
DA:2,1
DA:3,1
DA:4,1
DA:5,1
DA:6,1
DA:7,1
DA:8,1
DA:11,0
DA:12,0
DA:14,0
DA:15,0
DA:19,1
DA:21,1
DA:22,1
DA:23,1
DA:24,1
DA:25,1
DA:26,1
DA:27,1
DA:29,1
DA:30,7
DA:31,0
DA:35,1
DA:36,0
DA:38,0
DA:39,0
DA:40,0
DA:44,1
DA:45,0
DA:47,0
DA:48,0
DA:49,0
DA:53,1
DA:54,0
DA:56,0
DA:57,0
DA:58,0
DA:62,1
DA:63,0
DA:64,0
DA:65,0
DA:68,1
DA:74,1
DA:80,1
DA:86,1
DA:87,0
DA:89,0
DA:90,0
DA:91,0
DA:95,1
DA:96,0
DA:97,0
DA:98,0
DA:101,1
DA:107,1
DA:108,0
DA:110,0
DA:111,0
DA:112,0
DA:116,1
DA:122,1
DA:123,0
DA:125,0
DA:126,0
DA:127,0
DA:131,1
DA:138,0
DA:139,0
DA:140,0
DA:141,0
DA:144,1
DA:145,0
DA:146,0
DA:147,0
DA:149,0
DA:150,0
DA:151,0
DA:152,0
DA:153,0
DA:154,0
DA:155,0
DA:157,0
DA:158,0
DA:159,0
DA:160,0
DA:162,0
DA:163,0
DA:164,0
DA:165,0
DA:166,0
DA:167,0
DA:168,0
DA:172,0
DA:178,0
DA:180,0
DA:181,0
DA:182,0
DA:183,0
DA:185,0
DA:186,0
DA:190,1
DA:191,0
DA:192,0
DA:193,0
DA:195,0
DA:196,0
DA:197,0
DA:198,0
DA:199,0
DA:200,0
DA:201,0
DA:203,0
DA:204,0
DA:205,0
DA:206,0
DA:208,0
DA:209,0
DA:210,0
DA:211,0
DA:212,0
DA:213,0
DA:214,0
DA:218,0
DA:223,0
DA:225,0
DA:226,0
DA:227,0
DA:228,0
DA:230,0
DA:231,0
DA:235,1
DA:237,1
DA:238,0
DA:239,0
DA:240,0
DA:242,0
DA:243,0
DA:244,0
DA:245,0
DA:246,0
DA:247,0
DA:248,0
DA:250,0
DA:251,0
DA:252,0
DA:253,0
DA:255,0
DA:256,0
DA:257,0
DA:258,0
DA:259,0
DA:260,0
DA:261,0
DA:265,0
DA:270,0
DA:272,0
DA:273,0
DA:274,0
DA:275,0
DA:277,0
DA:278,0
DA:282,1
DA:284,1
DA:285,0
DA:286,0
DA:287,0
DA:289,0
DA:290,0
DA:291,0
DA:293,0
DA:294,0
DA:295,0
DA:296,0
DA:297,0
DA:300,0
DA:301,0
DA:302,0
DA:303,0
DA:304,0
DA:305,0
DA:308,0
DA:309,0
DA:311,0
DA:316,0
DA:318,0
DA:319,0
DA:320,0
DA:321,0
DA:323,0
DA:324,0
DA:328,1
DA:329,0
DA:330,0
DA:331,0
DA:333,0
DA:334,0
DA:335,0
DA:337,0
DA:338,0
DA:339,0
DA:340,0
DA:341,0
DA:344,0
DA:345,0
DA:346,0
DA:347,0
DA:348,0
DA:349,0
DA:352,0
DA:353,0
DA:355,0
DA:360,0
DA:362,0
DA:363,0
DA:364,0
DA:365,0
DA:367,0
DA:368,0
DA:372,1
DA:373,0
DA:374,0
DA:375,0
DA:377,0
DA:378,0
DA:379,0
DA:381,0
DA:382,0
DA:383,0
DA:384,0
DA:385,0
DA:388,0
DA:389,0
DA:390,0
DA:391,0
DA:392,0
DA:393,0
DA:396,0
DA:397,0
DA:399,0
DA:404,0
DA:406,0
DA:407,0
DA:408,0
DA:409,0
DA:411,0
DA:412,0
DA:416,1
LF:248
LH:41
BRDA:30,0,0,0
BRDA:38,1,0,0
BRDA:38,1,1,0
BRDA:39,2,0,0
BRDA:39,2,1,0
BRDA:47,3,0,0
BRDA:47,3,1,0
BRDA:48,4,0,0
BRDA:48,4,1,0
BRDA:56,5,0,0
BRDA:56,5,1,0
BRDA:57,6,0,0
BRDA:57,6,1,0
BRDA:64,7,0,0
BRDA:64,7,1,0
BRDA:89,8,0,0
BRDA:89,8,1,0
BRDA:90,9,0,0
BRDA:90,9,1,0
BRDA:97,10,0,0
BRDA:97,10,1,0
BRDA:110,11,0,0
BRDA:110,11,1,0
BRDA:111,12,0,0
BRDA:111,12,1,0
BRDA:125,13,0,0
BRDA:125,13,1,0
BRDA:126,14,0,0
BRDA:126,14,1,0
BRDA:138,15,0,0
BRDA:138,15,1,0
BRDA:139,16,0,0
BRDA:139,16,1,0
BRDA:141,17,0,0
BRDA:141,17,1,0
BRDA:145,18,0,0
BRDA:152,19,0,0
BRDA:152,20,0,0
BRDA:152,20,1,0
BRDA:152,20,2,0
BRDA:162,21,0,0
BRDA:162,22,0,0
BRDA:162,22,1,0
BRDA:162,22,2,0
BRDA:162,22,3,0
BRDA:162,22,4,0
BRDA:162,22,5,0
BRDA:167,23,0,0
BRDA:167,24,0,0
BRDA:167,24,1,0
BRDA:183,25,0,0
BRDA:183,25,1,0
BRDA:191,26,0,0
BRDA:198,27,0,0
BRDA:198,28,0,0
BRDA:198,28,1,0
BRDA:198,28,2,0
BRDA:208,29,0,0
BRDA:208,30,0,0
BRDA:208,30,1,0
BRDA:208,30,2,0
BRDA:208,30,3,0
BRDA:208,30,4,0
BRDA:208,30,5,0
BRDA:213,31,0,0
BRDA:213,32,0,0
BRDA:213,32,1,0
BRDA:228,33,0,0
BRDA:228,33,1,0
BRDA:238,34,0,0
BRDA:245,35,0,0
BRDA:245,36,0,0
BRDA:245,36,1,0
BRDA:245,36,2,0
BRDA:255,37,0,0
BRDA:255,38,0,0
BRDA:255,38,1,0
BRDA:255,38,2,0
BRDA:255,38,3,0
BRDA:255,38,4,0
BRDA:255,38,5,0
BRDA:260,39,0,0
BRDA:260,40,0,0
BRDA:260,40,1,0
BRDA:275,41,0,0
BRDA:275,41,1,0
BRDA:285,42,0,0
BRDA:293,43,0,0
BRDA:302,44,0,0
BRDA:302,45,0,0
BRDA:302,45,1,0
BRDA:302,45,2,0
BRDA:321,46,0,0
BRDA:321,46,1,0
BRDA:329,47,0,0
BRDA:337,48,0,0
BRDA:346,49,0,0
BRDA:346,50,0,0
BRDA:346,50,1,0
BRDA:346,50,2,0
BRDA:365,51,0,0
BRDA:365,51,1,0
BRDA:373,52,0,0
BRDA:381,53,0,0
BRDA:390,54,0,0
BRDA:390,55,0,0
BRDA:390,55,1,0
BRDA:390,55,2,0
BRDA:409,56,0,0
BRDA:409,56,1,0
BRF:110
BRH:0
end_of_record
TN:
SF:src\scripts\reconcileFollowCounts.ts
FN:13,main
FN:43,(anonymous_2)
FNF:2
FNH:0
FNDA:0,main
FNDA:0,(anonymous_2)
DA:1,0
DA:2,0
DA:3,0
DA:4,0
DA:14,0
DA:15,0
DA:17,0
DA:19,0
DA:21,0
DA:22,0
DA:24,0
DA:25,0
DA:26,0
DA:30,0
DA:31,0
DA:32,0
DA:34,0
DA:39,0
DA:40,0
DA:43,0
DA:45,0
DA:46,0
LF:22
LH:0
BRDA:15,0,0,0
BRDA:32,1,0,0
BRF:2
BRH:0
end_of_record
TN:
SF:src\services\emailOtp.service.ts
FN:21,redisKey
FN:25,otpPepper
FN:34,hashEmailOtp
FN:38,verifyEmailOtpHash
FN:49,generateEmailOtpDigits
FN:62,storeEmailOtpLogin
FN:69,storeEmailOtpSignup
FN:80,getStoredLoginOtp
FN:93,getStoredSignupOtp
FN:106,deleteEmailOtp
FN:112,invalidateOppositeEmailOtp
FN:120,registerEmailOtpSendOrReject
FNF:12
FNH:0
FNDA:0,redisKey
FNDA:0,otpPepper
FNDA:0,hashEmailOtp
FNDA:0,verifyEmailOtpHash
FNDA:0,generateEmailOtpDigits
FNDA:0,storeEmailOtpLogin
FNDA:0,storeEmailOtpSignup
FNDA:0,getStoredLoginOtp
FNDA:0,getStoredSignupOtp
FNDA:0,deleteEmailOtp
FNDA:0,invalidateOppositeEmailOtp
FNDA:0,registerEmailOtpSendOrReject
DA:1,1
DA:3,1
DA:4,1
DA:5,1
DA:9,1
DA:10,1
DA:11,1
DA:13,1
DA:14,1
DA:15,1
DA:16,1
DA:17,1
DA:18,1
DA:19,1
DA:22,0
DA:26,0
DA:27,0
DA:28,0
DA:30,0
DA:34,1
DA:35,0
DA:38,1
DA:39,0
DA:40,0
DA:41,0
DA:42,0
DA:43,0
DA:45,0
DA:49,1
DA:50,0
DA:62,1
DA:63,0
DA:64,0
DA:65,0
DA:66,0
DA:69,1
DA:74,0
DA:75,0
DA:76,0
DA:77,0
DA:80,1
DA:81,0
DA:82,0
DA:83,0
DA:84,0
DA:85,0
DA:86,0
DA:87,0
DA:89,0
DA:93,1
DA:94,0
DA:95,0
DA:96,0
DA:97,0
DA:98,0
DA:99,0
DA:100,0
DA:102,0
DA:106,1
DA:107,0
DA:108,0
DA:112,1
DA:113,0
DA:114,0
DA:120,1
DA:124,0
DA:125,0
DA:127,0
DA:128,0
DA:129,0
DA:131,0
DA:132,0
DA:133,0
DA:134,0
DA:139,0
DA:142,0
DA:143,0
DA:144,0
DA:146,0
DA:147,0
DA:150,0
DA:151,0
DA:152,0
DA:153,0
DA:154,0
DA:155,0
DA:156,0
DA:157,0
DA:162,0
LF:89
LH:24
BRDA:11,0,0,1
BRDA:11,0,1,0
BRDA:22,1,0,0
BRDA:22,1,1,0
BRDA:26,2,0,0
BRDA:26,2,1,0
BRDA:26,2,2,0
BRDA:27,3,0,0
BRDA:27,4,0,0
BRDA:27,4,1,0
BRDA:30,5,0,0
BRDA:30,5,1,0
BRDA:42,6,0,0
BRDA:64,7,0,0
BRDA:75,8,0,0
BRDA:82,9,0,0
BRDA:84,10,0,0
BRDA:87,11,0,0
BRDA:87,11,1,0
BRDA:87,12,0,0
BRDA:87,12,1,0
BRDA:95,13,0,0
BRDA:97,14,0,0
BRDA:100,15,0,0
BRDA:100,15,1,0
BRDA:100,16,0,0
BRDA:100,16,1,0
BRDA:100,16,2,0
BRDA:108,17,0,0
BRDA:113,18,0,0
BRDA:113,18,1,0
BRDA:125,19,0,0
BRDA:132,20,0,0
BRDA:143,21,0,0
BRDA:146,22,0,0
BRF:35
BRH:1
end_of_record
TN:
SF:src\utils\auditLog.ts
FN:5,getClientMeta
FN:26,writeAuditLog
FNF:2
FNH:0
FNDA:0,getClientMeta
FNDA:0,writeAuditLog
DA:2,1
DA:3,1
DA:6,0
DA:8,0
DA:12,0
DA:13,0
DA:26,1
DA:31,0
DA:32,0
DA:33,0
DA:34,0
DA:44,0
LF:12
LH:3
BRDA:6,0,0,0
BRDA:8,1,0,0
BRDA:8,1,1,0
BRDA:8,1,2,0
BRDA:8,1,3,0
BRDA:12,2,0,0
BRDA:12,2,1,0
BRDA:29,3,0,0
BRDA:36,4,0,0
BRDA:36,4,1,0
BRDA:36,5,0,0
BRDA:36,5,1,0
BRDA:37,6,0,0
BRDA:37,6,1,0
BRDA:38,7,0,0
BRDA:38,7,1,0
BRDA:38,8,0,0
BRDA:38,8,1,0
BRDA:39,9,0,0
BRDA:39,9,1,0
BRF:20
BRH:0
end_of_record
TN:
SF:src\utils\authChallenge.ts
FN:7,hashToken
FN:11,createAuthChallenge
FN:22,consumeAuthChallenge
FNF:3
FNH:0
FNDA:0,hashToken
FNDA:0,createAuthChallenge
FNDA:0,consumeAuthChallenge
DA:1,1
DA:2,1
DA:4,1
DA:5,1
DA:8,0
DA:11,1
DA:14,0
DA:15,0
DA:16,0
DA:17,0
DA:18,0
DA:19,0
DA:22,1
DA:25,0
DA:26,0
DA:27,0
DA:28,0
DA:29,0
DA:30,0
DA:31,0
DA:32,0
DA:34,0
LF:22
LH:6
BRDA:15,0,0,0
BRDA:26,1,0,0
BRDA:29,2,0,0
BRF:3
BRH:0
end_of_record
TN:
SF:src\utils\imageBlurPlaceholder.ts
FN:9,jpegBlurDataUrlFromFile
FNF:1
FNH:0
FNDA:0,jpegBlurDataUrlFromFile
DA:1,1
DA:3,1
DA:9,1
DA:10,0
DA:15,0
LF:5
LH:3
BRF:0
BRH:0
end_of_record
TN:
SF:src\utils\parseCvFromPdf.ts
FN:76,trunc
FN:108,normalizeSectionTitle
FN:116,findSections
FN:130,(anonymous_3)
FN:162,parseYearRange
FN:175,monthYearToIso
FN:188,parseWorkExperienceFirstLine
FN:209,looksLikeWorkExperienceHeader
FN:216,parseWorkExperienceFirstLineRelaxed
FN:236,extractLinkedIn
FN:244,extractGitHub
FN:252,extractSkills
FN:264,(anonymous_12)
FN:265,(anonymous_13)
FN:277,extractBio
FN:283,(anonymous_15)
FN:296,parseEducationSchoolLine
FN:331,extractEducation
FN:335,(anonymous_18)
FN:340,(anonymous_19)
FN:359,extractWorkExperience
FN:363,(anonymous_21)
FN:449,extractCertifications
FN:454,(anonymous_23)
FN:471,normalizeAndHint
FN:478,(anonymous_25)
FN:498,(anonymous_26)
FN:515,(anonymous_27)
FN:531,parseCvFromText
FNF:29
FNH:0
FNDA:0,trunc
FNDA:0,normalizeSectionTitle
FNDA:0,findSections
FNDA:0,(anonymous_3)
FNDA:0,parseYearRange
FNDA:0,monthYearToIso
FNDA:0,parseWorkExperienceFirstLine
FNDA:0,looksLikeWorkExperienceHeader
FNDA:0,parseWorkExperienceFirstLineRelaxed
FNDA:0,extractLinkedIn
FNDA:0,extractGitHub
FNDA:0,extractSkills
FNDA:0,(anonymous_12)
FNDA:0,(anonymous_13)
FNDA:0,extractBio
FNDA:0,(anonymous_15)
FNDA:0,parseEducationSchoolLine
FNDA:0,extractEducation
FNDA:0,(anonymous_18)
FNDA:0,(anonymous_19)
FNDA:0,extractWorkExperience
FNDA:0,(anonymous_21)
FNDA:0,extractCertifications
FNDA:0,(anonymous_23)
FNDA:0,normalizeAndHint
FNDA:0,(anonymous_25)
FNDA:0,(anonymous_26)
FNDA:0,(anonymous_27)
FNDA:0,parseCvFromText
DA:62,0
DA:77,0
DA:78,0
DA:79,0
DA:82,0
DA:109,0
DA:117,0
DA:118,0
DA:119,0
DA:120,0
DA:122,0
DA:123,0
DA:124,0
DA:125,0
DA:127,0
DA:129,0
DA:130,0
DA:133,0
DA:134,0
DA:135,0
DA:136,0
DA:138,0
DA:139,0
DA:140,0
DA:141,0
DA:142,0
DA:143,0
DA:144,0
DA:145,0
DA:146,0
DA:148,0
DA:151,0
DA:152,0
DA:153,0
DA:155,0
DA:159,0
DA:160,0
DA:163,0
DA:164,0
DA:165,0
DA:166,0
DA:167,0
DA:176,0
DA:177,0
DA:178,0
DA:179,0
DA:180,0
DA:181,0
DA:191,0
DA:192,0
DA:193,0
DA:194,0
DA:195,0
DA:196,0
DA:197,0
DA:198,0
DA:199,0
DA:200,0
DA:201,0
DA:202,0
DA:203,0
DA:204,0
DA:205,0
DA:210,0
DA:219,0
DA:220,0
DA:221,0
DA:222,0
DA:223,0
DA:224,0
DA:225,0
DA:226,0
DA:227,0
DA:228,0
DA:229,0
DA:230,0
DA:231,0
DA:232,0
DA:233,0
DA:237,0
DA:240,0
DA:241,0
DA:245,0
DA:248,0
DA:249,0
DA:253,0
DA:255,0
DA:260,0
DA:261,0
DA:262,0
DA:264,0
DA:265,0
DA:267,0
DA:268,0
DA:269,0
DA:270,0
DA:271,0
DA:272,0
DA:274,0
DA:278,0
DA:279,0
DA:280,0
DA:281,0
DA:283,0
DA:284,0
DA:285,0
DA:286,0
DA:287,0
DA:289,0
DA:299,0
DA:300,0
DA:301,0
DA:302,0
DA:303,0
DA:304,0
DA:305,0
DA:306,0
DA:313,0
DA:314,0
DA:315,0
DA:316,0
DA:317,0
DA:318,0
DA:319,0
DA:320,0
DA:328,0
DA:332,0
DA:333,0
DA:334,0
DA:335,0
DA:336,0
DA:337,0
DA:338,0
DA:339,0
DA:340,0
DA:341,0
DA:342,0
DA:343,0
DA:344,0
DA:345,0
DA:346,0
DA:347,0
DA:354,0
DA:356,0
DA:360,0
DA:361,0
DA:362,0
DA:363,0
DA:364,0
DA:365,0
DA:366,0
DA:367,0
DA:373,0
DA:376,0
DA:377,0
DA:378,0
DA:379,0
DA:380,0
DA:381,0
DA:382,0
DA:383,0
DA:384,0
DA:385,0
DA:386,0
DA:387,0
DA:388,0
DA:390,0
DA:392,0
DA:393,0
DA:394,0
DA:395,0
DA:396,0
DA:397,0
DA:398,0
DA:399,0
DA:400,0
DA:401,0
DA:402,0
DA:403,0
DA:404,0
DA:405,0
DA:406,0
DA:407,0
DA:408,0
DA:410,0
DA:411,0
DA:414,0
DA:415,0
DA:417,0
DA:418,0
DA:419,0
DA:420,0
DA:421,0
DA:424,0
DA:425,0
DA:426,0
DA:427,0
DA:428,0
DA:429,0
DA:430,0
DA:432,0
DA:435,0
DA:443,0
DA:444,0
DA:446,0
DA:451,0
DA:452,0
DA:453,0
DA:454,0
DA:455,0
DA:456,0
DA:457,0
DA:458,0
DA:459,0
DA:460,0
DA:461,0
DA:462,0
DA:464,0
DA:465,0
DA:467,0
DA:474,0
DA:475,0
DA:477,0
DA:478,0
DA:479,0
DA:480,0
DA:481,0
DA:482,0
DA:483,0
DA:484,0
DA:485,0
DA:497,0
DA:498,0
DA:499,0
DA:500,0
DA:501,0
DA:502,0
DA:503,0
DA:514,0
DA:515,0
DA:516,0
DA:517,0
DA:518,0
DA:519,0
DA:528,0
DA:531,0
DA:536,0
DA:537,0
DA:539,0
DA:540,0
DA:555,0
DA:556,0
DA:557,0
DA:559,0
DA:560,0
DA:561,0
DA:563,0
DA:564,0
DA:565,0
DA:567,0
DA:568,0
DA:569,0
DA:571,0
DA:572,0
DA:573,0
DA:575,0
DA:576,0
DA:577,0
DA:579,0
DA:580,0
DA:581,0
DA:583,0
DA:584,0
LF:273
LH:0
BRDA:77,0,0,0
BRDA:77,1,0,0
BRDA:77,1,1,0
BRDA:79,2,0,0
BRDA:79,2,1,0
BRDA:125,3,0,0
BRDA:129,4,0,0
BRDA:129,4,1,0
BRDA:129,4,2,0
BRDA:130,5,0,0
BRDA:130,5,1,0
BRDA:133,6,0,0
BRDA:133,6,1,0
BRDA:133,7,0,0
BRDA:133,7,1,0
BRDA:134,8,0,0
BRDA:135,9,0,0
BRDA:135,9,1,0
BRDA:138,10,0,0
BRDA:138,10,1,0
BRDA:139,11,0,0
BRDA:140,12,0,0
BRDA:140,13,0,0
BRDA:140,13,1,0
BRDA:141,14,0,0
BRDA:142,15,0,0
BRDA:142,16,0,0
BRDA:142,16,1,0
BRDA:143,17,0,0
BRDA:143,18,0,0
BRDA:143,18,1,0
BRDA:144,19,0,0
BRDA:144,20,0,0
BRDA:144,20,1,0
BRDA:144,20,2,0
BRDA:145,21,0,0
BRDA:151,22,0,0
BRDA:152,23,0,0
BRDA:152,23,1,0
BRDA:164,24,0,0
BRDA:164,25,0,0
BRDA:164,25,1,0
BRDA:166,26,0,0
BRDA:166,26,1,0
BRDA:169,27,0,0
BRDA:169,27,1,0
BRDA:178,28,0,0
BRDA:193,29,0,0
BRDA:198,30,0,0
BRDA:198,30,1,0
BRDA:201,31,0,0
BRDA:204,32,0,0
BRDA:204,33,0,0
BRDA:204,33,1,0
BRDA:205,34,0,0
BRDA:205,34,1,0
BRDA:221,35,0,0
BRDA:224,36,0,0
BRDA:227,37,0,0
BRDA:227,38,0,0
BRDA:227,38,1,0
BRDA:230,39,0,0
BRDA:230,39,1,0
BRDA:232,40,0,0
BRDA:232,40,1,0
BRDA:232,41,0,0
BRDA:232,41,1,0
BRDA:233,42,0,0
BRDA:233,42,1,0
BRDA:240,43,0,0
BRDA:240,44,0,0
BRDA:240,44,1,0
BRDA:248,45,0,0
BRDA:248,46,0,0
BRDA:248,46,1,0
BRDA:255,47,0,0
BRDA:255,47,1,0
BRDA:255,47,2,0
BRDA:255,47,3,0
BRDA:255,47,4,0
BRDA:260,48,0,0
BRDA:260,48,1,0
BRDA:265,49,0,0
BRDA:265,49,1,0
BRDA:265,49,2,0
BRDA:270,50,0,0
BRDA:270,51,0,0
BRDA:270,51,1,0
BRDA:270,51,2,0
BRDA:272,52,0,0
BRDA:278,53,0,0
BRDA:278,53,1,0
BRDA:278,53,2,0
BRDA:278,53,3,0
BRDA:278,53,4,0
BRDA:279,54,0,0
BRDA:280,55,0,0
BRDA:280,55,1,0
BRDA:281,56,0,0
BRDA:281,56,1,0
BRDA:286,57,0,0
BRDA:286,58,0,0
BRDA:286,58,1,0
BRDA:286,58,2,0
BRDA:301,59,0,0
BRDA:307,60,0,0
BRDA:307,60,1,0
BRDA:309,61,0,0
BRDA:309,61,1,0
BRDA:314,62,0,0
BRDA:314,63,0,0
BRDA:314,63,1,0
BRDA:318,64,0,0
BRDA:319,65,0,0
BRDA:319,65,1,0
BRDA:321,66,0,0
BRDA:321,66,1,0
BRDA:323,67,0,0
BRDA:323,67,1,0
BRDA:323,68,0,0
BRDA:323,68,1,0
BRDA:332,69,0,0
BRDA:332,69,1,0
BRDA:333,70,0,0
BRDA:339,71,0,0
BRDA:339,71,1,0
BRDA:341,72,0,0
BRDA:341,72,1,0
BRDA:342,73,0,0
BRDA:342,74,0,0
BRDA:342,74,1,0
BRDA:342,74,2,0
BRDA:343,75,0,0
BRDA:343,75,1,0
BRDA:345,76,0,0
BRDA:345,76,1,0
BRDA:345,76,2,0
BRDA:348,77,0,0
BRDA:348,77,1,0
BRDA:350,78,0,0
BRDA:350,78,1,0
BRDA:351,79,0,0
BRDA:351,79,1,0
BRDA:352,80,0,0
BRDA:352,80,1,0
BRDA:354,81,0,0
BRDA:356,82,0,0
BRDA:356,82,1,0
BRDA:360,83,0,0
BRDA:360,83,1,0
BRDA:361,84,0,0
BRDA:367,85,0,0
BRDA:367,85,1,0
BRDA:376,86,0,0
BRDA:376,86,1,0
BRDA:385,87,0,0
BRDA:385,88,0,0
BRDA:385,88,1,0
BRDA:385,88,2,0
BRDA:386,89,0,0
BRDA:386,90,0,0
BRDA:386,90,1,0
BRDA:386,90,2,0
BRDA:392,91,0,0
BRDA:392,91,1,0
BRDA:393,92,0,0
BRDA:393,92,1,0
BRDA:393,92,2,0
BRDA:399,93,0,0
BRDA:399,93,1,0
BRDA:401,94,0,0
BRDA:401,94,1,0
BRDA:402,95,0,0
BRDA:402,95,1,0
BRDA:402,95,2,0
BRDA:403,96,0,0
BRDA:403,96,1,0
BRDA:406,97,0,0
BRDA:406,97,1,0
BRDA:417,98,0,0
BRDA:417,99,0,0
BRDA:417,99,1,0
BRDA:419,100,0,0
BRDA:427,101,0,0
BRDA:427,102,0,0
BRDA:427,102,1,0
BRDA:427,102,2,0
BRDA:428,103,0,0
BRDA:428,104,0,0
BRDA:428,104,1,0
BRDA:428,104,2,0
BRDA:436,105,0,0
BRDA:436,105,1,0
BRDA:437,106,0,0
BRDA:437,106,1,0
BRDA:441,107,0,0
BRDA:441,107,1,0
BRDA:443,108,0,0
BRDA:446,109,0,0
BRDA:446,109,1,0
BRDA:451,110,0,0
BRDA:451,110,1,0
BRDA:451,110,2,0
BRDA:452,111,0,0
BRDA:458,112,0,0
BRDA:460,113,0,0
BRDA:460,113,1,0
BRDA:465,114,0,0
BRDA:467,115,0,0
BRDA:467,115,1,0
BRDA:477,116,0,0
BRDA:480,117,0,0
BRDA:481,118,0,0
BRDA:481,119,0,0
BRDA:481,119,1,0
BRDA:482,120,0,0
BRDA:483,121,0,0
BRDA:484,122,0,0
BRDA:484,123,0,0
BRDA:484,123,1,0
BRDA:487,124,0,0
BRDA:487,124,1,0
BRDA:488,125,0,0
BRDA:488,125,1,0
BRDA:489,126,0,0
BRDA:489,126,1,0
BRDA:490,127,0,0
BRDA:490,127,1,0
BRDA:491,128,0,0
BRDA:491,128,1,0
BRDA:492,129,0,0
BRDA:492,129,1,0
BRDA:497,130,0,0
BRDA:500,131,0,0
BRDA:501,132,0,0
BRDA:501,133,0,0
BRDA:501,133,1,0
BRDA:502,134,0,0
BRDA:502,135,0,0
BRDA:502,135,1,0
BRDA:505,136,0,0
BRDA:505,136,1,0
BRDA:506,137,0,0
BRDA:506,137,1,0
BRDA:507,138,0,0
BRDA:507,138,1,0
BRDA:508,139,0,0
BRDA:508,139,1,0
BRDA:514,140,0,0
BRDA:517,141,0,0
BRDA:518,142,0,0
BRDA:518,143,0,0
BRDA:518,143,1,0
BRDA:521,144,0,0
BRDA:521,144,1,0
BRDA:522,145,0,0
BRDA:522,145,1,0
BRDA:523,146,0,0
BRDA:523,146,1,0
BRDA:539,147,0,0
BRDA:539,148,0,0
BRDA:539,148,1,0
BRDA:556,149,0,0
BRDA:556,149,1,0
BRDA:560,150,0,0
BRDA:560,150,1,0
BRDA:564,151,0,0
BRDA:564,151,1,0
BRDA:568,152,0,0
BRDA:568,152,1,0
BRDA:572,153,0,0
BRDA:572,153,1,0
BRDA:576,154,0,0
BRDA:576,154,1,0
BRDA:580,155,0,0
BRDA:580,155,1,0
BRF:276
BRH:0
end_of_record
